[01m[K/home/henryshum0/SUAS/src/flight_control/src/test.cpp:1:10:[m[K [01;31m[Kfatal error: [m[Kframe_convertion.hpp: No such file or directory
    1 | #include [01;31m[K"frame_convertion.hpp"[m[K
      |          [01;31m[K^~~~~~~~~~~~~~~~~~~~~~[m[K
compilation terminated.
gmake[2]: *** [CMakeFiles/test_functions.dir/build.make:76: CMakeFiles/test_functions.dir/src/test.cpp.o] Error 1
gmake[1]: *** [CMakeFiles/Makefile2:165: CMakeFiles/test_functions.dir/all] Error 2
gmake: *** [Makefile:146: all] Error 2
