[0.068s] Invoking command in '/home/henryshum0/SUAS/build/flight_control': AMENT_PREFIX_PATH=/home/henryshum0/SUAS/install/px4_ros_com:/home/henryshum0/SUAS/install/px4_msgs:${AMENT_PREFIX_PATH} CMAKE_PREFIX_PATH=/home/henryshum0/SUAS/install/px4_ros_com:/home/henryshum0/SUAS/install/px4_msgs:/opt/ros/humble LD_LIBRARY_PATH=/home/henryshum0/SUAS/install/px4_ros_com/lib:/home/henryshum0/SUAS/install/px4_msgs/lib:${LD_LIBRARY_PATH} PYTHONPATH=/home/henryshum0/SUAS/install/px4_ros_com/local/lib/python3.10/dist-packages:/home/henryshum0/SUAS/install/px4_msgs/local/lib/python3.10/dist-packages:${PYTHONPATH} /usr/bin/cmake --build /home/henryshum0/SUAS/build/flight_control -- -j16 -l16
[0.088s] -- Found ament_cmake: 1.3.11 (/opt/ros/humble/share/ament_cmake/cmake)
[0.194s] -- Found rclcpp: 16.0.11 (/opt/ros/humble/share/rclcpp/cmake)
[0.297s] -- Found rosidl_generator_c: 3.1.6 (/opt/ros/humble/share/rosidl_generator_c/cmake)
[0.300s] -- Found rosidl_adapter: 3.1.6 (/opt/ros/humble/share/rosidl_adapter/cmake)
[0.308s] -- Found rosidl_generator_cpp: 3.1.6 (/opt/ros/humble/share/rosidl_generator_cpp/cmake)
[0.320s] -- Using all available rosidl_typesupport_c: rosidl_typesupport_fastrtps_c;rosidl_typesupport_introspection_c
[0.333s] -- Using all available rosidl_typesupport_cpp: rosidl_typesupport_fastrtps_cpp;rosidl_typesupport_introspection_cpp
[0.368s] -- Found rmw_implementation_cmake: 6.1.2 (/opt/ros/humble/share/rmw_implementation_cmake/cmake)
[0.370s] -- Found rmw_fastrtps_cpp: 6.2.7 (/opt/ros/humble/share/rmw_fastrtps_cpp/cmake)
[1.920s] -- Using RMW implementation 'rmw_fastrtps_cpp' as default
[1.975s] -- Found px4_msgs: 2.0.1 (/home/henryshum0/SUAS/install/px4_msgs/share/px4_msgs/cmake)
[1.986s] -- Found px4_ros_com: 0.1.0 (/home/henryshum0/SUAS/install/px4_ros_com/share/px4_ros_com/cmake)
[2.027s] -- Found ament_lint_auto: 0.12.11 (/opt/ros/humble/share/ament_lint_auto/cmake)
[2.079s] -- Added test 'cppcheck' to perform static code analysis on C / C++ code
[2.079s] -- Configured cppcheck include dirs: /home/henryshum0/SUAS/src/flight_control/include;$<BUILD_INTERFACE:/home/henryshum0/SUAS/src/flight_control/include>
[2.079s] -- Configured cppcheck exclude dirs and/or files: 
[2.079s] -- Added test 'lint_cmake' to check CMake code style
[2.080s] -- Added test 'uncrustify' to check C / C++ code style
[2.080s] -- Configured uncrustify additional arguments: 
[2.081s] -- Added test 'xmllint' to check XML markup files
[2.082s] -- Configuring done
[2.098s] -- Generating done
[2.101s] -- Build files have been written to: /home/henryshum0/SUAS/build/flight_control
[2.116s] [35m[1mConsolidate compiler generated dependencies of target flight_control_lib[0m
[2.123s] [ 33%] [32mBuilding CXX object CMakeFiles/flight_control_lib.dir/src/flight_mode/flight_mode.cpp.o[0m
[2.123s] [ 33%] [32mBuilding CXX object CMakeFiles/flight_control_lib.dir/src/flight_control/offboard_controller.cpp.o[0m
[9.412s] [ 50%] [32m[1mLinking CXX shared library libflight_control_lib.so[0m
[9.858s] [ 66%] Built target flight_control_lib
[9.864s] [35m[1mConsolidate compiler generated dependencies of target offboard_controller[0m
[9.873s] [ 83%] [32mBuilding CXX object CMakeFiles/offboard_controller.dir/src/main.cpp.o[0m
[11.959s] [100%] [32m[1mLinking CXX executable offboard_controller[0m
[12.121s] /usr/bin/ld: CMakeFiles/offboard_controller.dir/src/main.cpp.o: in function `std::_MakeUniq<flight_control::ModeExecutor>::__single_object std::make_unique<flight_control::ModeExecutor, std::shared_ptr<flight_control::OffboardController> >(std::shared_ptr<flight_control::OffboardController>&&)':
[12.121s] main.cpp:(.text._ZSt11make_uniqueIN14flight_control12ModeExecutorEJSt10shared_ptrINS0_18OffboardControllerEEEENSt9_MakeUniqIT_E15__single_objectEDpOT0_[_ZSt11make_uniqueIN14flight_control12ModeExecutorEJSt10shared_ptrINS0_18OffboardControllerEEEENSt9_MakeUniqIT_E15__single_objectEDpOT0_]+0x5b): undefined reference to `flight_control::ModeExecutor::ModeExecutor(std::shared_ptr<flight_control::OffboardController>)'
[12.125s] collect2: error: ld returned 1 exit status
[12.126s] gmake[2]: *** [CMakeFiles/offboard_controller.dir/build.make:185: offboard_controller] Error 1
[12.126s] gmake[1]: *** [CMakeFiles/Makefile2:165: CMakeFiles/offboard_controller.dir/all] Error 2
[12.126s] gmake: *** [Makefile:146: all] Error 2
[12.128s] Invoked command in '/home/henryshum0/SUAS/build/flight_control' returned '2': AMENT_PREFIX_PATH=/home/henryshum0/SUAS/install/px4_ros_com:/home/henryshum0/SUAS/install/px4_msgs:${AMENT_PREFIX_PATH} CMAKE_PREFIX_PATH=/home/henryshum0/SUAS/install/px4_ros_com:/home/henryshum0/SUAS/install/px4_msgs:/opt/ros/humble LD_LIBRARY_PATH=/home/henryshum0/SUAS/install/px4_ros_com/lib:/home/henryshum0/SUAS/install/px4_msgs/lib:${LD_LIBRARY_PATH} PYTHONPATH=/home/henryshum0/SUAS/install/px4_ros_com/local/lib/python3.10/dist-packages:/home/henryshum0/SUAS/install/px4_msgs/local/lib/python3.10/dist-packages:${PYTHONPATH} /usr/bin/cmake --build /home/henryshum0/SUAS/build/flight_control -- -j16 -l16
