[0.049s] Invoking command in '/home/henryshum0/SUAS/build/flight_control': AMENT_PREFIX_PATH=/home/henryshum0/SUAS/install/px4_ros_com:/home/henryshum0/SUAS/install/px4_msgs:${AMENT_PREFIX_PATH} CMAKE_PREFIX_PATH=/home/henryshum0/SUAS/install/px4_ros_com:/home/henryshum0/SUAS/install/px4_msgs:/opt/ros/humble LD_LIBRARY_PATH=/home/henryshum0/SUAS/install/px4_ros_com/lib:/home/henryshum0/SUAS/install/px4_msgs/lib:${LD_LIBRARY_PATH} PYTHONPATH=/home/henryshum0/SUAS/install/px4_ros_com/local/lib/python3.10/dist-packages:/home/henryshum0/SUAS/install/px4_msgs/local/lib/python3.10/dist-packages:${PYTHONPATH} /usr/bin/cmake /home/henryshum0/SUAS/src/flight_control -DCMAKE_INSTALL_PREFIX=/home/henryshum0/SUAS/install/flight_control
[0.055s] -- Found ament_cmake: 1.3.11 (/opt/ros/humble/share/ament_cmake/cmake)
[0.131s] -- Found rclcpp: 16.0.11 (/opt/ros/humble/share/rclcpp/cmake)
[0.211s] -- Found rosidl_generator_c: 3.1.6 (/opt/ros/humble/share/rosidl_generator_c/cmake)
[0.212s] -- Found rosidl_adapter: 3.1.6 (/opt/ros/humble/share/rosidl_adapter/cmake)
[0.215s] -- Found rosidl_generator_cpp: 3.1.6 (/opt/ros/humble/share/rosidl_generator_cpp/cmake)
[0.221s] -- Using all available rosidl_typesupport_c: rosidl_typesupport_fastrtps_c;rosidl_typesupport_introspection_c
[0.228s] -- Using all available rosidl_typesupport_cpp: rosidl_typesupport_fastrtps_cpp;rosidl_typesupport_introspection_cpp
[0.249s] -- Found rmw_implementation_cmake: 6.1.2 (/opt/ros/humble/share/rmw_implementation_cmake/cmake)
[0.250s] -- Found rmw_fastrtps_cpp: 6.2.7 (/opt/ros/humble/share/rmw_fastrtps_cpp/cmake)
[2.008s] -- Using RMW implementation 'rmw_fastrtps_cpp' as default
[2.037s] -- Found px4_msgs: 2.0.1 (/home/henryshum0/SUAS/install/px4_msgs/share/px4_msgs/cmake)
[2.043s] -- Found px4_ros_com: 0.1.0 (/home/henryshum0/SUAS/install/px4_ros_com/share/px4_ros_com/cmake)
[2.064s] -- Found ament_lint_auto: 0.12.11 (/opt/ros/humble/share/ament_lint_auto/cmake)
[2.103s] -- Added test 'cppcheck' to perform static code analysis on C / C++ code
[2.104s] -- Configured cppcheck include dirs: /home/henryshum0/SUAS/src/flight_control/include;$<BUILD_INTERFACE:/home/henryshum0/SUAS/src/flight_control/include>
[2.104s] -- Configured cppcheck exclude dirs and/or files: 
[2.104s] -- Added test 'lint_cmake' to check CMake code style
[2.104s] -- Added test 'uncrustify' to check C / C++ code style
[2.104s] -- Configured uncrustify additional arguments: 
[2.105s] -- Added test 'xmllint' to check XML markup files
[2.105s] -- Configuring done
[2.120s] -- Generating done
[2.124s] -- Build files have been written to: /home/henryshum0/SUAS/build/flight_control
[2.129s] Invoked command in '/home/henryshum0/SUAS/build/flight_control' returned '0': AMENT_PREFIX_PATH=/home/henryshum0/SUAS/install/px4_ros_com:/home/henryshum0/SUAS/install/px4_msgs:${AMENT_PREFIX_PATH} CMAKE_PREFIX_PATH=/home/henryshum0/SUAS/install/px4_ros_com:/home/henryshum0/SUAS/install/px4_msgs:/opt/ros/humble LD_LIBRARY_PATH=/home/henryshum0/SUAS/install/px4_ros_com/lib:/home/henryshum0/SUAS/install/px4_msgs/lib:${LD_LIBRARY_PATH} PYTHONPATH=/home/henryshum0/SUAS/install/px4_ros_com/local/lib/python3.10/dist-packages:/home/henryshum0/SUAS/install/px4_msgs/local/lib/python3.10/dist-packages:${PYTHONPATH} /usr/bin/cmake /home/henryshum0/SUAS/src/flight_control -DCMAKE_INSTALL_PREFIX=/home/henryshum0/SUAS/install/flight_control
[2.130s] Invoking command in '/home/henryshum0/SUAS/build/flight_control': AMENT_PREFIX_PATH=/home/henryshum0/SUAS/install/px4_ros_com:/home/henryshum0/SUAS/install/px4_msgs:${AMENT_PREFIX_PATH} CMAKE_PREFIX_PATH=/home/henryshum0/SUAS/install/px4_ros_com:/home/henryshum0/SUAS/install/px4_msgs:/opt/ros/humble LD_LIBRARY_PATH=/home/henryshum0/SUAS/install/px4_ros_com/lib:/home/henryshum0/SUAS/install/px4_msgs/lib:${LD_LIBRARY_PATH} PYTHONPATH=/home/henryshum0/SUAS/install/px4_ros_com/local/lib/python3.10/dist-packages:/home/henryshum0/SUAS/install/px4_msgs/local/lib/python3.10/dist-packages:${PYTHONPATH} /usr/bin/cmake --build /home/henryshum0/SUAS/build/flight_control -- -j16 -l16
[2.155s] [ 12%] [32mBuilding CXX object CMakeFiles/flight_control_lib.dir/src/flight_control/control_publishers.cpp.o[0m
[2.156s] [ 50%] [32mBuilding CXX object CMakeFiles/flight_control_lib.dir/src/flight_control/state_subscribers.cpp.o[0m
[2.156s] [ 62%] [32mBuilding CXX object CMakeFiles/flight_control_lib.dir/src/lib/frame_conversion.cpp.o[0m
[2.156s] [ 62%] [32mBuilding CXX object CMakeFiles/flight_control_lib.dir/src/flight_control/vehicle_state.cpp.o[0m
[2.156s] [ 50%] [32mBuilding CXX object CMakeFiles/flight_control_lib.dir/src/flight_control/mode_executor.cpp.o[0m
[4.115s] [01m[K/home/henryshum0/SUAS/src/flight_control/src/flight_control/state_subscribers.cpp:[m[K In constructor â€˜[01m[KStateSubscriber::StateSubscriber(std::shared_ptr<VehicleState>)[m[Kâ€™:
[4.115s] [01m[K/home/henryshum0/SUAS/src/flight_control/src/flight_control/state_subscribers.cpp:10:24:[m[K [01;31m[Kerror: [m[Kinvalid use of non-static member function â€˜[01m[Kvoid StateSubscriber::local_pos_callback(px4_msgs::msg::VehicleLocalPosition_<std::allocator<void> >::UniquePtr)[m[Kâ€™
[4.115s]    10 |         qos, std::bind([01;31m[Klocal_pos_callback[m[K, this, std::placeholders::_1));
[4.115s]       |                        [01;31m[K^~~~~~~~~~~~~~~~~~[m[K
[4.115s] In file included from [01m[K/home/henryshum0/SUAS/src/flight_control/src/flight_control/state_subscribers.cpp:1[m[K:
[4.115s] [01m[K/home/henryshum0/SUAS/src/flight_control/include/flight_control/state_subscribers.hpp:32:10:[m[K [01;36m[Knote: [m[Kdeclared here
[4.115s]    32 |     void [01;36m[Klocal_pos_callback[m[K(const VehicleLocalPosition::UniquePtr msg);
[4.115s]       |          [01;36m[K^~~~~~~~~~~~~~~~~~[m[K
[4.115s] [01m[K/home/henryshum0/SUAS/src/flight_control/src/flight_control/state_subscribers.cpp:12:24:[m[K [01;31m[Kerror: [m[Kinvalid use of non-static member function â€˜[01m[Kvoid StateSubscriber::vehicle_status_callback(px4_msgs::msg::VehicleStatus_<std::allocator<void> >::UniquePtr)[m[Kâ€™
[4.115s]    12 |         qos, std::bind([01;31m[Kvehicle_status_callback[m[K, this, std::placeholders::_1));
[4.115s]       |                        [01;31m[K^~~~~~~~~~~~~~~~~~~~~~~[m[K
[4.115s] In file included from [01m[K/home/henryshum0/SUAS/src/flight_control/src/flight_control/state_subscribers.cpp:1[m[K:
[4.115s] [01m[K/home/henryshum0/SUAS/src/flight_control/include/flight_control/state_subscribers.hpp:33:10:[m[K [01;36m[Knote: [m[Kdeclared here
[4.115s]    33 |     void [01;36m[Kvehicle_status_callback[m[K(const VehicleStatus::UniquePtr msg);
[4.115s]       |          [01;36m[K^~~~~~~~~~~~~~~~~~~~~~~[m[K
[4.116s] [01m[K/home/henryshum0/SUAS/src/flight_control/src/flight_control/state_subscribers.cpp:14:24:[m[K [01;31m[Kerror: [m[Kinvalid use of non-static member function â€˜[01m[Kvoid StateSubscriber::vehicle_land_callback(px4_msgs::msg::VehicleLandDetected_<std::allocator<void> >::UniquePtr)[m[Kâ€™
[4.116s]    14 |         qos, std::bind([01;31m[Kvehicle_land_callback[m[K, this, std::placeholders::_1));
[4.116s]       |                        [01;31m[K^~~~~~~~~~~~~~~~~~~~~[m[K
[4.116s] In file included from [01m[K/home/henryshum0/SUAS/src/flight_control/src/flight_control/state_subscribers.cpp:1[m[K:
[4.116s] [01m[K/home/henryshum0/SUAS/src/flight_control/include/flight_control/state_subscribers.hpp:34:10:[m[K [01;36m[Knote: [m[Kdeclared here
[4.116s]    34 |     void [01;36m[Kvehicle_land_callback[m[K(const VehicleLandDetected::UniquePtr msg);
[4.116s]       |          [01;36m[K^~~~~~~~~~~~~~~~~~~~~[m[K
[4.433s] gmake[2]: *** [CMakeFiles/flight_control_lib.dir/build.make:90: CMakeFiles/flight_control_lib.dir/src/flight_control/state_subscribers.cpp.o] Error 1
[4.433s] gmake[2]: *** Waiting for unfinished jobs....
[5.700s] gmake[1]: *** [CMakeFiles/Makefile2:139: CMakeFiles/flight_control_lib.dir/all] Error 2
[5.700s] gmake: *** [Makefile:146: all] Error 2
[5.702s] Invoked command in '/home/henryshum0/SUAS/build/flight_control' returned '2': AMENT_PREFIX_PATH=/home/henryshum0/SUAS/install/px4_ros_com:/home/henryshum0/SUAS/install/px4_msgs:${AMENT_PREFIX_PATH} CMAKE_PREFIX_PATH=/home/henryshum0/SUAS/install/px4_ros_com:/home/henryshum0/SUAS/install/px4_msgs:/opt/ros/humble LD_LIBRARY_PATH=/home/henryshum0/SUAS/install/px4_ros_com/lib:/home/henryshum0/SUAS/install/px4_msgs/lib:${LD_LIBRARY_PATH} PYTHONPATH=/home/henryshum0/SUAS/install/px4_ros_com/local/lib/python3.10/dist-packages:/home/henryshum0/SUAS/install/px4_msgs/local/lib/python3.10/dist-packages:${PYTHONPATH} /usr/bin/cmake --build /home/henryshum0/SUAS/build/flight_control -- -j16 -l16
