[0.078s] Invoking command in '/home/henryshum0/SUAS/build/flight_control': CMAKE_PREFIX_PATH=/home/henryshum0/SUAS/install/px4_ros_com:/home/henryshum0/SUAS/install/px4_msgs:/home/henryshum0/SUAS/install/flight_control:/opt/ros/humble LD_LIBRARY_PATH=/home/henryshum0/SUAS/install/px4_ros_com/lib:/home/henryshum0/SUAS/install/px4_msgs/lib:/home/henryshum0/SUAS/install/flight_control/lib:/opt/ros/humble/opt/rviz_ogre_vendor/lib:/opt/ros/humble/lib/x86_64-linux-gnu:/opt/ros/humble/lib /usr/bin/cmake --build /home/henryshum0/SUAS/build/flight_control -- -j16 -l16
[0.146s] -- Found ament_cmake: 1.3.11 (/opt/ros/humble/share/ament_cmake/cmake)
[0.252s] -- Found rclcpp: 16.0.11 (/opt/ros/humble/share/rclcpp/cmake)
[0.341s] -- Found rosidl_generator_c: 3.1.6 (/opt/ros/humble/share/rosidl_generator_c/cmake)
[0.344s] -- Found rosidl_adapter: 3.1.6 (/opt/ros/humble/share/rosidl_adapter/cmake)
[0.354s] -- Found rosidl_generator_cpp: 3.1.6 (/opt/ros/humble/share/rosidl_generator_cpp/cmake)
[0.368s] -- Using all available rosidl_typesupport_c: rosidl_typesupport_fastrtps_c;rosidl_typesupport_introspection_c
[0.383s] -- Using all available rosidl_typesupport_cpp: rosidl_typesupport_fastrtps_cpp;rosidl_typesupport_introspection_cpp
[0.427s] -- Found rmw_implementation_cmake: 6.1.2 (/opt/ros/humble/share/rmw_implementation_cmake/cmake)
[0.430s] -- Found rmw_fastrtps_cpp: 6.2.7 (/opt/ros/humble/share/rmw_fastrtps_cpp/cmake)
[2.158s] -- Using RMW implementation 'rmw_fastrtps_cpp' as default
[2.216s] -- Found px4_msgs: 2.0.1 (/home/henryshum0/SUAS/install/px4_msgs/share/px4_msgs/cmake)
[2.229s] -- Found px4_ros_com: 0.1.0 (/home/henryshum0/SUAS/install/px4_ros_com/share/px4_ros_com/cmake)
[5.869s] -- Could NOT find FFTW (missing: FFTW_INCLUDE_DIRS) 
[5.876s] [0mSetting matplotplusplus compiler options[0m
[5.879s] -- Found ament_lint_auto: 0.12.11 (/opt/ros/humble/share/ament_lint_auto/cmake)
[6.042s] -- Added test 'cppcheck' to perform static code analysis on C / C++ code
[6.042s] -- Configured cppcheck include dirs: /home/henryshum0/SUAS/src/flight_control/include;$<BUILD_INTERFACE:/home/henryshum0/SUAS/src/flight_control/include>
[6.042s] -- Configured cppcheck exclude dirs and/or files: 
[6.054s] -- Added test 'lint_cmake' to check CMake code style
[6.088s] -- Added test 'uncrustify' to check C / C++ code style
[6.088s] -- Configured uncrustify additional arguments: 
[6.092s] -- Added test 'xmllint' to check XML markup files
[6.094s] -- Configuring done
[6.145s] -- Generating done
[6.155s] -- Build files have been written to: /home/henryshum0/SUAS/build/flight_control
[6.177s] [35m[1mConsolidate compiler generated dependencies of target sensor_combined_listener[0m
[6.178s] [35m[1mConsolidate compiler generated dependencies of target publish_trj_listener[0m
[6.178s] [35m[1mConsolidate compiler generated dependencies of target vehicle_pos_listener[0m
[6.178s] [35m[1mConsolidate compiler generated dependencies of target nodesoup[0m
[6.182s] [35m[1mConsolidate compiler generated dependencies of target flight_control_lib[0m
[6.188s] [ 10%] Built target nodesoup
[6.189s] [ 11%] [32mBuilding CXX object CMakeFiles/vehicle_pos_listener.dir/src/utilities/local_pos_listener.cpp.o[0m
[6.189s] [ 15%] Built target sensor_combined_listener
[6.192s] [ 18%] Built target publish_trj_listener
[6.200s] [ 20%] [32mBuilding CXX object CMakeFiles/flight_control_lib.dir/src/flight_control/control_publishers.cpp.o[0m
[6.201s] [ 22%] [32mBuilding CXX object CMakeFiles/flight_control_lib.dir/src/flight_control/flight_executor.cpp.o[0m
[6.201s] [ 23%] [32mBuilding CXX object CMakeFiles/flight_control_lib.dir/src/flight_control/state_subscribers.cpp.o[0m
[6.203s] [ 27%] [32mBuilding CXX object CMakeFiles/flight_control_lib.dir/src/vehicle_storage/vehicle_state_storage.cpp.o[0m
[6.203s] [ 27%] [32mBuilding CXX object CMakeFiles/flight_control_lib.dir/src/vehicle_storage/executor_storage.cpp.o[0m
[6.213s] [35m[1mConsolidate compiler generated dependencies of target matplot[0m
[6.248s] [ 91%] Built target matplot
[12.887s] [ 93%] [32m[1mLinking CXX executable vehicle_pos_listener[0m
[13.247s] [ 93%] Built target vehicle_pos_listener
[18.451s] [ 94%] [32m[1mLinking CXX shared library libflight_control_lib.so[0m
[19.171s] [ 96%] Built target flight_control_lib
[19.178s] [35m[1mConsolidate compiler generated dependencies of target offboard_controller[0m
[19.189s] [ 98%] [32mBuilding CXX object CMakeFiles/offboard_controller.dir/src/main.cpp.o[0m
[19.358s] [01m[K/home/henryshum0/SUAS/src/flight_control/src/main.cpp:6:10:[m[K [01;31m[Kfatal error: [m[Kvehicle_storage/executor_cmd_storage.hpp: No such file or directory
[19.358s]     6 | #include [01;31m[K<vehicle_storage/executor_cmd_storage.hpp>[m[K
[19.358s]       |          [01;31m[K^~~~~~~~~~~~~~~~~~~~~~~~~~~~~~~~~~~~~~~~~~[m[K
[19.358s] compilation terminated.
[19.360s] gmake[2]: *** [CMakeFiles/offboard_controller.dir/build.make:76: CMakeFiles/offboard_controller.dir/src/main.cpp.o] Error 1
[19.361s] gmake[1]: *** [CMakeFiles/Makefile2:236: CMakeFiles/offboard_controller.dir/all] Error 2
[19.361s] gmake: *** [Makefile:146: all] Error 2
[19.363s] Invoked command in '/home/henryshum0/SUAS/build/flight_control' returned '2': CMAKE_PREFIX_PATH=/home/henryshum0/SUAS/install/px4_ros_com:/home/henryshum0/SUAS/install/px4_msgs:/home/henryshum0/SUAS/install/flight_control:/opt/ros/humble LD_LIBRARY_PATH=/home/henryshum0/SUAS/install/px4_ros_com/lib:/home/henryshum0/SUAS/install/px4_msgs/lib:/home/henryshum0/SUAS/install/flight_control/lib:/opt/ros/humble/opt/rviz_ogre_vendor/lib:/opt/ros/humble/lib/x86_64-linux-gnu:/opt/ros/humble/lib /usr/bin/cmake --build /home/henryshum0/SUAS/build/flight_control -- -j16 -l16
