[35m[1mConsolidate compiler generated dependencies of target flight_control_lib[0m
[ 66%] Built target flight_control_lib
[35m[1mConsolidate compiler generated dependencies of target executor_test[0m
[ 83%] [32mBuilding CXX object CMakeFiles/executor_test.dir/src/flight_control/flight_executor.cpp.o[0m
In file included from [01m[K/home/henryshum0/SUAS/src/flight_control/src/flight_control/flight_executor.cpp:1[m[K:
[01m[K/home/henryshum0/SUAS/src/flight_control/include/flight_control/flight_executor.hpp:27:126:[m[K [01;31m[Kerror: [m[Kexpected â€˜[01m[K)[m[Kâ€™ before â€˜[01m[K;[m[Kâ€™ token
   27 |     FlightExecutor[34m[K([m[Kconst std::shared_ptr<VehicleState> vehicle_state, const std::shared_ptr<ExecutorCommand> executor_command[01;31m[K;[m[K);
      |                   [34m[K~[m[K                                                                                                          [01;31m[K^[m[K
      |                                                                                                                              [32m[K)[m[K
[01m[K/home/henryshum0/SUAS/src/flight_control/include/flight_control/flight_executor.hpp:27:127:[m[K [01;31m[Kerror: [m[Kexpected unqualified-id before â€˜[01m[K)[m[Kâ€™ token
   27 |     FlightExecutor(const std::shared_ptr<VehicleState> vehicle_state, const std::shared_ptr<ExecutorCommand> executor_command;[01;31m[K)[m[K;
      |                                                                                                                               [01;31m[K^[m[K
[01m[K/home/henryshum0/SUAS/src/flight_control/src/flight_control/flight_executor.cpp:[m[K In constructor â€˜[01m[KFlightExecutor::FlightExecutor(std::shared_ptr<VehicleState>, std::shared_ptr<ExecutorCommand>)[m[Kâ€™:
[01m[K/home/henryshum0/SUAS/src/flight_control/src/flight_control/flight_executor.cpp:4:72:[m[K [01;35m[Kwarning: [m[Kunused parameter â€˜[01m[Kexecutor_command[m[Kâ€™ [[01;35m[K]8;;https://gcc.gnu.org/onlinedocs/gcc/Warning-Options.html#index-Wunused-parameter-Wunused-parameter]8;;[m[K]
    4 |                                 [01;35m[Kconst std::shared_ptr<ExecutorCommand> executor_command[m[K) :
      |                                 [01;35m[K~~~~~~~~~~~~~~~~~~~~~~~~~~~~~~~~~~~~~~~^~~~~~~~~~~~~~~~[m[K
gmake[2]: *** [CMakeFiles/executor_test.dir/build.make:76: CMakeFiles/executor_test.dir/src/flight_control/flight_executor.cpp.o] Error 1
gmake[1]: *** [CMakeFiles/Makefile2:165: CMakeFiles/executor_test.dir/all] Error 2
gmake: *** [Makefile:146: all] Error 2
