[0.051s] Invoking command in '/home/henryshum0/SUAS/build/flight_control': AMENT_PREFIX_PATH=/home/henryshum0/SUAS/install/px4_ros_com:/home/henryshum0/SUAS/install/px4_msgs:${AMENT_PREFIX_PATH} CMAKE_PREFIX_PATH=/home/henryshum0/SUAS/install/px4_ros_com:/home/henryshum0/SUAS/install/px4_msgs:/opt/ros/humble LD_LIBRARY_PATH=/home/henryshum0/SUAS/install/px4_ros_com/lib:/home/henryshum0/SUAS/install/px4_msgs/lib:${LD_LIBRARY_PATH} PYTHONPATH=/home/henryshum0/SUAS/install/px4_ros_com/local/lib/python3.10/dist-packages:/home/henryshum0/SUAS/install/px4_msgs/local/lib/python3.10/dist-packages:${PYTHONPATH} /usr/bin/cmake --build /home/henryshum0/SUAS/build/flight_control -- -j16 -l16
[0.072s] [35m[1mConsolidate compiler generated dependencies of target flight_control_lib[0m
[0.080s] [ 66%] Built target flight_control_lib
[0.086s] [35m[1mConsolidate compiler generated dependencies of target executor_test[0m
[0.096s] [ 83%] [32mBuilding CXX object CMakeFiles/executor_test.dir/src/flight_control/flight_executor.cpp.o[0m
[1.736s] In file included from [01m[K/home/henryshum0/SUAS/src/flight_control/src/flight_control/flight_executor.cpp:1[m[K:
[1.736s] [01m[K/home/henryshum0/SUAS/src/flight_control/include/flight_control/flight_executor.hpp:27:126:[m[K [01;31m[Kerror: [m[Kexpected â€˜[01m[K)[m[Kâ€™ before â€˜[01m[K;[m[Kâ€™ token
[1.736s]    27 |     FlightExecutor[34m[K([m[Kconst std::shared_ptr<VehicleState> vehicle_state, const std::shared_ptr<ExecutorCommand> executor_command[01;31m[K;[m[K);
[1.736s]       |                   [34m[K~[m[K                                                                                                          [01;31m[K^[m[K
[1.736s]       |                                                                                                                              [32m[K)[m[K
[1.736s] [01m[K/home/henryshum0/SUAS/src/flight_control/include/flight_control/flight_executor.hpp:27:127:[m[K [01;31m[Kerror: [m[Kexpected unqualified-id before â€˜[01m[K)[m[Kâ€™ token
[1.736s]    27 |     FlightExecutor(const std::shared_ptr<VehicleState> vehicle_state, const std::shared_ptr<ExecutorCommand> executor_command;[01;31m[K)[m[K;
[1.736s]       |                                                                                                                               [01;31m[K^[m[K
[1.745s] [01m[K/home/henryshum0/SUAS/src/flight_control/src/flight_control/flight_executor.cpp:[m[K In constructor â€˜[01m[KFlightExecutor::FlightExecutor(std::shared_ptr<VehicleState>, std::shared_ptr<ExecutorCommand>)[m[Kâ€™:
[1.745s] [01m[K/home/henryshum0/SUAS/src/flight_control/src/flight_control/flight_executor.cpp:4:72:[m[K [01;35m[Kwarning: [m[Kunused parameter â€˜[01m[Kexecutor_command[m[Kâ€™ [[01;35m[K]8;;https://gcc.gnu.org/onlinedocs/gcc/Warning-Options.html#index-Wunused-parameter-Wunused-parameter]8;;[m[K]
[1.745s]     4 |                                 [01;35m[Kconst std::shared_ptr<ExecutorCommand> executor_command[m[K) :
[1.745s]       |                                 [01;35m[K~~~~~~~~~~~~~~~~~~~~~~~~~~~~~~~~~~~~~~~^~~~~~~~~~~~~~~~[m[K
[2.081s] gmake[2]: *** [CMakeFiles/executor_test.dir/build.make:76: CMakeFiles/executor_test.dir/src/flight_control/flight_executor.cpp.o] Error 1
[2.081s] gmake[1]: *** [CMakeFiles/Makefile2:165: CMakeFiles/executor_test.dir/all] Error 2
[2.081s] gmake: *** [Makefile:146: all] Error 2
[2.083s] Invoked command in '/home/henryshum0/SUAS/build/flight_control' returned '2': AMENT_PREFIX_PATH=/home/henryshum0/SUAS/install/px4_ros_com:/home/henryshum0/SUAS/install/px4_msgs:${AMENT_PREFIX_PATH} CMAKE_PREFIX_PATH=/home/henryshum0/SUAS/install/px4_ros_com:/home/henryshum0/SUAS/install/px4_msgs:/opt/ros/humble LD_LIBRARY_PATH=/home/henryshum0/SUAS/install/px4_ros_com/lib:/home/henryshum0/SUAS/install/px4_msgs/lib:${LD_LIBRARY_PATH} PYTHONPATH=/home/henryshum0/SUAS/install/px4_ros_com/local/lib/python3.10/dist-packages:/home/henryshum0/SUAS/install/px4_msgs/local/lib/python3.10/dist-packages:${PYTHONPATH} /usr/bin/cmake --build /home/henryshum0/SUAS/build/flight_control -- -j16 -l16
