[01m[K/home/henryshum0/SUAS/src/flight_control/src/flight_control/flight_executor.cpp:[m[K In member function â€˜[01m[Kvoid FlightExecutor::checked_desired_actual()[m[Kâ€™:
[01m[K/home/henryshum0/SUAS/src/flight_control/src/flight_control/flight_executor.cpp:123:1:[m[K [01;31m[Kerror: [m[Kexpected â€˜[01m[K;[m[Kâ€™ before â€˜[01m[K}[m[Kâ€™ token
  123 | [01;31m[K}[m[K
      | [01;31m[K^[m[K
gmake[2]: *** [CMakeFiles/flight_control_lib.dir/build.make:104: CMakeFiles/flight_control_lib.dir/src/flight_control/flight_executor.cpp.o] Error 1
gmake[1]: *** [CMakeFiles/Makefile2:139: CMakeFiles/flight_control_lib.dir/all] Error 2
gmake: *** [Makefile:146: all] Error 2
