[0.071s] Invoking command in '/home/henryshum0/SUAS/build/flight_control': CMAKE_PREFIX_PATH=/home/henryshum0/SUAS/install/px4_ros_com:/home/henryshum0/SUAS/install/px4_msgs:/home/henryshum0/SUAS/install/flight_control:/opt/ros/humble LD_LIBRARY_PATH=/home/henryshum0/SUAS/install/px4_ros_com/lib:/home/henryshum0/SUAS/install/px4_msgs/lib:/home/henryshum0/SUAS/install/flight_control/lib:/opt/ros/humble/opt/rviz_ogre_vendor/lib:/opt/ros/humble/lib/x86_64-linux-gnu:/opt/ros/humble/lib /usr/bin/cmake --build /home/henryshum0/SUAS/build/flight_control -- -j16 -l16
[0.100s] [35m[1mConsolidate compiler generated dependencies of target flight_control_lib[0m
[0.119s] [ 11%] [32mBuilding CXX object CMakeFiles/flight_control_lib.dir/src/flight_control/control_publishers.cpp.o[0m
[2.202s] [01m[K/home/henryshum0/SUAS/src/flight_control/src/flight_control/control_publishers.cpp:[m[K In member function â€˜[01m[Kvoid ControlPublisher::timer_query_cmd_callback()[m[Kâ€™:
[2.202s] [01m[K/home/henryshum0/SUAS/src/flight_control/src/flight_control/control_publishers.cpp:81:22:[m[K [01;31m[Kerror: [m[Kjump to case label
[2.202s]    81 |     case VehicleCMD::[01;31m[KTERMINATE[m[K:
[2.202s]       |                      [01;31m[K^~~~~~~~~[m[K
[2.202s] [01m[K/home/henryshum0/SUAS/src/flight_control/src/flight_control/control_publishers.cpp:78:21:[m[K [01;36m[Knote: [m[K  crosses initialization of â€˜[01m[Kconst float desired_yaw[m[Kâ€™
[2.202s]    78 |         const float [01;36m[Kdesired_yaw[m[K = this->executor_command->get_desired_yaw();
[2.202s]       |                     [01;36m[K^~~~~~~~~~~[m[K
[2.202s] [01m[K/home/henryshum0/SUAS/src/flight_control/src/flight_control/control_publishers.cpp:77:24:[m[K [01;36m[Knote: [m[K  crosses initialization of â€˜[01m[Kconst Vector3f desired_trj[m[Kâ€™
[2.202s]    77 |         const Vector3f [01;36m[Kdesired_trj[m[K =  this->executor_command->get_desired_trj();
[2.202s]       |                        [01;36m[K^~~~~~~~~~~[m[K
[2.203s] [01m[K/home/henryshum0/SUAS/src/flight_control/src/flight_control/control_publishers.cpp:84:22:[m[K [01;31m[Kerror: [m[Kjump to case label
[2.203s]    84 |     case VehicleCMD::[01;31m[KNO_CMD[m[K:
[2.203s]       |                      [01;31m[K^~~~~~[m[K
[2.203s] [01m[K/home/henryshum0/SUAS/src/flight_control/src/flight_control/control_publishers.cpp:78:21:[m[K [01;36m[Knote: [m[K  crosses initialization of â€˜[01m[Kconst float desired_yaw[m[Kâ€™
[2.203s]    78 |         const float [01;36m[Kdesired_yaw[m[K = this->executor_command->get_desired_yaw();
[2.203s]       |                     [01;36m[K^~~~~~~~~~~[m[K
[2.203s] [01m[K/home/henryshum0/SUAS/src/flight_control/src/flight_control/control_publishers.cpp:77:24:[m[K [01;36m[Knote: [m[K  crosses initialization of â€˜[01m[Kconst Vector3f desired_trj[m[Kâ€™
[2.203s]    77 |         const Vector3f [01;36m[Kdesired_trj[m[K =  this->executor_command->get_desired_trj();
[2.203s]       |                        [01;36m[K^~~~~~~~~~~[m[K
[2.203s] [01m[K/home/henryshum0/SUAS/src/flight_control/src/flight_control/control_publishers.cpp:68:12:[m[K [01;35m[Kwarning: [m[Kenumeration value â€˜[01m[KTERMINATE[m[Kâ€™ not handled in switch [[01;35m[K]8;;https://gcc.gnu.org/onlinedocs/gcc/Warning-Options.html#index-Wswitch-Wswitch]8;;[m[K]
[2.203s]    68 |     switch [01;35m[K([m[Kcmd_curr)
[2.203s]       |            [01;35m[K^[m[K
[2.203s] [01m[K/home/henryshum0/SUAS/src/flight_control/src/flight_control/control_publishers.cpp:68:12:[m[K [01;35m[Kwarning: [m[Kenumeration value â€˜[01m[KNO_CMD[m[Kâ€™ not handled in switch [[01;35m[K]8;;https://gcc.gnu.org/onlinedocs/gcc/Warning-Options.html#index-Wswitch-Wswitch]8;;[m[K]
[2.983s] gmake[2]: *** [CMakeFiles/flight_control_lib.dir/build.make:76: CMakeFiles/flight_control_lib.dir/src/flight_control/control_publishers.cpp.o] Error 1
[2.983s] gmake[1]: *** [CMakeFiles/Makefile2:139: CMakeFiles/flight_control_lib.dir/all] Error 2
[2.983s] gmake: *** [Makefile:146: all] Error 2
[2.986s] Invoked command in '/home/henryshum0/SUAS/build/flight_control' returned '2': CMAKE_PREFIX_PATH=/home/henryshum0/SUAS/install/px4_ros_com:/home/henryshum0/SUAS/install/px4_msgs:/home/henryshum0/SUAS/install/flight_control:/opt/ros/humble LD_LIBRARY_PATH=/home/henryshum0/SUAS/install/px4_ros_com/lib:/home/henryshum0/SUAS/install/px4_msgs/lib:/home/henryshum0/SUAS/install/flight_control/lib:/opt/ros/humble/opt/rviz_ogre_vendor/lib:/opt/ros/humble/lib/x86_64-linux-gnu:/opt/ros/humble/lib /usr/bin/cmake --build /home/henryshum0/SUAS/build/flight_control -- -j16 -l16
