-- Found ament_cmake: 1.3.11 (/opt/ros/humble/share/ament_cmake/cmake)
-- Found rclcpp: 16.0.11 (/opt/ros/humble/share/rclcpp/cmake)
-- Found rosidl_generator_c: 3.1.6 (/opt/ros/humble/share/rosidl_generator_c/cmake)
-- Found rosidl_adapter: 3.1.6 (/opt/ros/humble/share/rosidl_adapter/cmake)
-- Found rosidl_generator_cpp: 3.1.6 (/opt/ros/humble/share/rosidl_generator_cpp/cmake)
-- Using all available rosidl_typesupport_c: rosidl_typesupport_fastrtps_c;rosidl_typesupport_introspection_c
-- Using all available rosidl_typesupport_cpp: rosidl_typesupport_fastrtps_cpp;rosidl_typesupport_introspection_cpp
-- Found rmw_implementation_cmake: 6.1.2 (/opt/ros/humble/share/rmw_implementation_cmake/cmake)
-- Found rmw_fastrtps_cpp: 6.2.7 (/opt/ros/humble/share/rmw_fastrtps_cpp/cmake)
-- Using RMW implementation 'rmw_fastrtps_cpp' as default
-- Found px4_msgs: 2.0.1 (/home/henryshum0/SUAS/install/px4_msgs/share/px4_msgs/cmake)
-- Found px4_ros_com: 0.1.0 (/home/henryshum0/SUAS/install/px4_ros_com/share/px4_ros_com/cmake)
-- Found ament_lint_auto: 0.12.11 (/opt/ros/humble/share/ament_lint_auto/cmake)
-- Added test 'cppcheck' to perform static code analysis on C / C++ code
-- Configured cppcheck include dirs: /home/henryshum0/SUAS/src/flight_control/include;$<BUILD_INTERFACE:/home/henryshum0/SUAS/src/flight_control/include>
-- Configured cppcheck exclude dirs and/or files: 
-- Added test 'lint_cmake' to check CMake code style
-- Added test 'uncrustify' to check C / C++ code style
-- Configured uncrustify additional arguments: 
-- Added test 'xmllint' to check XML markup files
-- Configuring done
-- Generating done
-- Build files have been written to: /home/henryshum0/SUAS/build/flight_control
[35m[1mConsolidate compiler generated dependencies of target flight_control_lib[0m
[ 33%] [32mBuilding CXX object CMakeFiles/flight_control_lib.dir/src/vehicle_storage/vehicle_state.cpp.o[0m
[ 33%] [32mBuilding CXX object CMakeFiles/flight_control_lib.dir/src/vehicle_storage/executor_cmd.cpp.o[0m
[01m[K/home/henryshum0/SUAS/src/flight_control/src/vehicle_storage/executor_cmd.cpp:14:10:[m[K [01;31m[Kerror: [m[Kredefinition of â€˜[01m[KEigen::Vector3f ExecutorCommand::get_desired_trj()[m[Kâ€™
   14 | Vector3f [01;31m[KExecutorCommand[m[K::get_desired_trj() {return this->desired_trj_last;}
      |          [01;31m[K^~~~~~~~~~~~~~~[m[K
[01m[K/home/henryshum0/SUAS/src/flight_control/src/vehicle_storage/executor_cmd.cpp:13:10:[m[K [01;36m[Knote: [m[Kâ€˜[01m[KEigen::Vector3f ExecutorCommand::get_desired_trj()[m[Kâ€™ previously defined here
   13 | Vector3f [01;36m[KExecutorCommand[m[K::get_desired_trj() {return this->desired_trj;}
      |          [01;36m[K^~~~~~~~~~~~~~~[m[K
[01m[K/home/henryshum0/SUAS/src/flight_control/src/vehicle_storage/executor_cmd.cpp:16:7:[m[K [01;31m[Kerror: [m[Kredefinition of â€˜[01m[Kfloat ExecutorCommand::get_desired_yaw()[m[Kâ€™
   16 | float [01;31m[KExecutorCommand[m[K::get_desired_yaw() {return this->desired_yaw_last;}
      |       [01;31m[K^~~~~~~~~~~~~~~[m[K
[01m[K/home/henryshum0/SUAS/src/flight_control/src/vehicle_storage/executor_cmd.cpp:15:7:[m[K [01;36m[Knote: [m[Kâ€˜[01m[Kfloat ExecutorCommand::get_desired_yaw()[m[Kâ€™ previously defined here
   15 | float [01;36m[KExecutorCommand[m[K::get_desired_yaw() {return this->desired_yaw;}
      |       [01;36m[K^~~~~~~~~~~~~~~[m[K
gmake[2]: *** [CMakeFiles/flight_control_lib.dir/build.make:90: CMakeFiles/flight_control_lib.dir/src/vehicle_storage/executor_cmd.cpp.o] Error 1
gmake[2]: *** Waiting for unfinished jobs....
gmake[1]: *** [CMakeFiles/Makefile2:139: CMakeFiles/flight_control_lib.dir/all] Error 2
gmake: *** [Makefile:146: all] Error 2
