[0.060s] Invoking command in '/home/henryshum0/SUAS/build/flight_control': AMENT_PREFIX_PATH=/home/henryshum0/SUAS/install/px4_ros_com:/home/henryshum0/SUAS/install/px4_msgs:${AMENT_PREFIX_PATH} CMAKE_PREFIX_PATH=/home/henryshum0/SUAS/install/px4_ros_com:/home/henryshum0/SUAS/install/px4_msgs:/opt/ros/humble LD_LIBRARY_PATH=/home/henryshum0/SUAS/install/px4_ros_com/lib:/home/henryshum0/SUAS/install/px4_msgs/lib:${LD_LIBRARY_PATH} PYTHONPATH=/home/henryshum0/SUAS/install/px4_ros_com/local/lib/python3.10/dist-packages:/home/henryshum0/SUAS/install/px4_msgs/local/lib/python3.10/dist-packages:${PYTHONPATH} /usr/bin/cmake --build /home/henryshum0/SUAS/build/flight_control -- -j16 -l16
[0.077s] -- Found ament_cmake: 1.3.11 (/opt/ros/humble/share/ament_cmake/cmake)
[0.176s] -- Found rclcpp: 16.0.11 (/opt/ros/humble/share/rclcpp/cmake)
[0.260s] -- Found rosidl_generator_c: 3.1.6 (/opt/ros/humble/share/rosidl_generator_c/cmake)
[0.263s] -- Found rosidl_adapter: 3.1.6 (/opt/ros/humble/share/rosidl_adapter/cmake)
[0.270s] -- Found rosidl_generator_cpp: 3.1.6 (/opt/ros/humble/share/rosidl_generator_cpp/cmake)
[0.280s] -- Using all available rosidl_typesupport_c: rosidl_typesupport_fastrtps_c;rosidl_typesupport_introspection_c
[0.292s] -- Using all available rosidl_typesupport_cpp: rosidl_typesupport_fastrtps_cpp;rosidl_typesupport_introspection_cpp
[0.334s] -- Found rmw_implementation_cmake: 6.1.2 (/opt/ros/humble/share/rmw_implementation_cmake/cmake)
[0.336s] -- Found rmw_fastrtps_cpp: 6.2.7 (/opt/ros/humble/share/rmw_fastrtps_cpp/cmake)
[1.709s] -- Using RMW implementation 'rmw_fastrtps_cpp' as default
[1.755s] -- Found px4_msgs: 2.0.1 (/home/henryshum0/SUAS/install/px4_msgs/share/px4_msgs/cmake)
[1.763s] -- Found px4_ros_com: 0.1.0 (/home/henryshum0/SUAS/install/px4_ros_com/share/px4_ros_com/cmake)
[1.795s] -- Found ament_lint_auto: 0.12.11 (/opt/ros/humble/share/ament_lint_auto/cmake)
[1.841s] -- Added test 'cppcheck' to perform static code analysis on C / C++ code
[1.841s] -- Configured cppcheck include dirs: /home/henryshum0/SUAS/src/flight_control/include;$<BUILD_INTERFACE:/home/henryshum0/SUAS/src/flight_control/include>
[1.841s] -- Configured cppcheck exclude dirs and/or files: 
[1.841s] -- Added test 'lint_cmake' to check CMake code style
[1.842s] -- Added test 'uncrustify' to check C / C++ code style
[1.842s] -- Configured uncrustify additional arguments: 
[1.842s] -- Added test 'xmllint' to check XML markup files
[1.844s] -- Configuring done
[1.856s] -- Generating done
[1.859s] -- Build files have been written to: /home/henryshum0/SUAS/build/flight_control
[1.873s] [35m[1mConsolidate compiler generated dependencies of target flight_control_lib[0m
[1.880s] [ 33%] [32mBuilding CXX object CMakeFiles/flight_control_lib.dir/src/vehicle_storage/vehicle_state.cpp.o[0m
[1.880s] [ 33%] [32mBuilding CXX object CMakeFiles/flight_control_lib.dir/src/vehicle_storage/executor_cmd.cpp.o[0m
[2.396s] [01m[K/home/henryshum0/SUAS/src/flight_control/src/vehicle_storage/executor_cmd.cpp:14:10:[m[K [01;31m[Kerror: [m[Kredefinition of â€˜[01m[KEigen::Vector3f ExecutorCommand::get_desired_trj()[m[Kâ€™
[2.396s]    14 | Vector3f [01;31m[KExecutorCommand[m[K::get_desired_trj() {return this->desired_trj_last;}
[2.397s]       |          [01;31m[K^~~~~~~~~~~~~~~[m[K
[2.397s] [01m[K/home/henryshum0/SUAS/src/flight_control/src/vehicle_storage/executor_cmd.cpp:13:10:[m[K [01;36m[Knote: [m[Kâ€˜[01m[KEigen::Vector3f ExecutorCommand::get_desired_trj()[m[Kâ€™ previously defined here
[2.397s]    13 | Vector3f [01;36m[KExecutorCommand[m[K::get_desired_trj() {return this->desired_trj;}
[2.397s]       |          [01;36m[K^~~~~~~~~~~~~~~[m[K
[2.397s] [01m[K/home/henryshum0/SUAS/src/flight_control/src/vehicle_storage/executor_cmd.cpp:16:7:[m[K [01;31m[Kerror: [m[Kredefinition of â€˜[01m[Kfloat ExecutorCommand::get_desired_yaw()[m[Kâ€™
[2.397s]    16 | float [01;31m[KExecutorCommand[m[K::get_desired_yaw() {return this->desired_yaw_last;}
[2.397s]       |       [01;31m[K^~~~~~~~~~~~~~~[m[K
[2.397s] [01m[K/home/henryshum0/SUAS/src/flight_control/src/vehicle_storage/executor_cmd.cpp:15:7:[m[K [01;36m[Knote: [m[Kâ€˜[01m[Kfloat ExecutorCommand::get_desired_yaw()[m[Kâ€™ previously defined here
[2.397s]    15 | float [01;36m[KExecutorCommand[m[K::get_desired_yaw() {return this->desired_yaw;}
[2.397s]       |       [01;36m[K^~~~~~~~~~~~~~~[m[K
[2.448s] gmake[2]: *** [CMakeFiles/flight_control_lib.dir/build.make:90: CMakeFiles/flight_control_lib.dir/src/vehicle_storage/executor_cmd.cpp.o] Error 1
[2.448s] gmake[2]: *** Waiting for unfinished jobs....
[2.488s] gmake[1]: *** [CMakeFiles/Makefile2:139: CMakeFiles/flight_control_lib.dir/all] Error 2
[2.488s] gmake: *** [Makefile:146: all] Error 2
[2.489s] Invoked command in '/home/henryshum0/SUAS/build/flight_control' returned '2': AMENT_PREFIX_PATH=/home/henryshum0/SUAS/install/px4_ros_com:/home/henryshum0/SUAS/install/px4_msgs:${AMENT_PREFIX_PATH} CMAKE_PREFIX_PATH=/home/henryshum0/SUAS/install/px4_ros_com:/home/henryshum0/SUAS/install/px4_msgs:/opt/ros/humble LD_LIBRARY_PATH=/home/henryshum0/SUAS/install/px4_ros_com/lib:/home/henryshum0/SUAS/install/px4_msgs/lib:${LD_LIBRARY_PATH} PYTHONPATH=/home/henryshum0/SUAS/install/px4_ros_com/local/lib/python3.10/dist-packages:/home/henryshum0/SUAS/install/px4_msgs/local/lib/python3.10/dist-packages:${PYTHONPATH} /usr/bin/cmake --build /home/henryshum0/SUAS/build/flight_control -- -j16 -l16
