[0.011s] Invoking command in '/home/henryshum0/SUAS/build/flight_control': CMAKE_PREFIX_PATH=/opt/ros/humble /usr/bin/cmake --build /home/henryshum0/SUAS/build/flight_control -- -j16 -l16
[0.025s] -- Found ament_cmake: 1.3.11 (/opt/ros/humble/share/ament_cmake/cmake)
[0.110s] -- Found rclcpp: 16.0.11 (/opt/ros/humble/share/rclcpp/cmake)
[0.190s] -- Found rosidl_generator_c: 3.1.6 (/opt/ros/humble/share/rosidl_generator_c/cmake)
[0.191s] -- Found rosidl_adapter: 3.1.6 (/opt/ros/humble/share/rosidl_adapter/cmake)
[0.195s] -- Found rosidl_generator_cpp: 3.1.6 (/opt/ros/humble/share/rosidl_generator_cpp/cmake)
[0.201s] -- Using all available rosidl_typesupport_c: rosidl_typesupport_fastrtps_c;rosidl_typesupport_introspection_c
[0.209s] -- Using all available rosidl_typesupport_cpp: rosidl_typesupport_fastrtps_cpp;rosidl_typesupport_introspection_cpp
[0.229s] -- Found rmw_implementation_cmake: 6.1.2 (/opt/ros/humble/share/rmw_implementation_cmake/cmake)
[0.230s] -- Found rmw_fastrtps_cpp: 6.2.7 (/opt/ros/humble/share/rmw_fastrtps_cpp/cmake)
[3.010s] -- Using RMW implementation 'rmw_fastrtps_cpp' as default
[3.039s] -- Found eigen3_cmake_module: 0.1.1 (/opt/ros/humble/share/eigen3_cmake_module/cmake)
[3.042s] -- Found ament_lint_auto: 0.12.11 (/opt/ros/humble/share/ament_lint_auto/cmake)
[3.088s] -- Added test 'cppcheck' to perform static code analysis on C / C++ code
[3.089s] -- Configured cppcheck include dirs: /home/henryshum0/SUAS/src/flight_control/include;$<BUILD_INTERFACE:/home/henryshum0/SUAS/src/flight_control/include/flight_control>
[3.089s] -- Configured cppcheck exclude dirs and/or files: 
[3.089s] -- Added test 'lint_cmake' to check CMake code style
[3.089s] -- Added test 'uncrustify' to check C / C++ code style
[3.089s] -- Configured uncrustify additional arguments: 
[3.089s] -- Added test 'xmllint' to check XML markup files
[3.090s] -- Configuring done
[3.096s] -- Generating done
[3.099s] -- Build files have been written to: /home/henryshum0/SUAS/build/flight_control
[3.115s] [35m[1mConsolidate compiler generated dependencies of target frame_conversion[0m
[3.124s] [ 50%] Built target frame_conversion
[3.131s] [35m[1mConsolidate compiler generated dependencies of target test_functions[0m
[3.139s] [ 75%] [32m[1mLinking CXX executable test_functions[0m
[3.228s] /usr/bin/ld: CMakeFiles/test_functions.dir/src/test.cpp.o: in function `main':
[3.228s] test.cpp:(.text+0xe2): undefined reference to `flight_control::frame_convertion::enu_ned_convert(Eigen::Matrix<float, 3, 1, 0, 3, 1>)'
[3.228s] /usr/bin/ld: test.cpp:(.text+0x108): undefined reference to `flight_control::frame_convertion::enu_ned_convert(Eigen::Matrix<float, 3, 1, 0, 3, 1>)'
[3.228s] /usr/bin/ld: test.cpp:(.text+0x12e): undefined reference to `flight_control::frame_convertion::enu_ned_convert(Eigen::Matrix<float, 3, 1, 0, 3, 1>)'
[3.231s] collect2: error: ld returned 1 exit status
[3.232s] gmake[2]: *** [CMakeFiles/test_functions.dir/build.make:98: test_functions] Error 1
[3.232s] gmake[1]: *** [CMakeFiles/Makefile2:165: CMakeFiles/test_functions.dir/all] Error 2
[3.232s] gmake: *** [Makefile:146: all] Error 2
[3.234s] Invoked command in '/home/henryshum0/SUAS/build/flight_control' returned '2': CMAKE_PREFIX_PATH=/opt/ros/humble /usr/bin/cmake --build /home/henryshum0/SUAS/build/flight_control -- -j16 -l16
