[0.070s] Invoking command in '/home/henryshum0/SUAS/build/flight_control': AMENT_PREFIX_PATH=/home/henryshum0/SUAS/install/px4_ros_com:/home/henryshum0/SUAS/install/px4_msgs:${AMENT_PREFIX_PATH} CMAKE_PREFIX_PATH=/home/henryshum0/SUAS/install/px4_ros_com:/home/henryshum0/SUAS/install/px4_msgs:/opt/ros/humble LD_LIBRARY_PATH=/home/henryshum0/SUAS/install/px4_ros_com/lib:/home/henryshum0/SUAS/install/px4_msgs/lib:${LD_LIBRARY_PATH} PYTHONPATH=/home/henryshum0/SUAS/install/px4_ros_com/local/lib/python3.10/dist-packages:/home/henryshum0/SUAS/install/px4_msgs/local/lib/python3.10/dist-packages:${PYTHONPATH} /usr/bin/cmake --build /home/henryshum0/SUAS/build/flight_control -- -j16 -l16
[0.091s] [35m[1mConsolidate compiler generated dependencies of target offboard_controller[0m
[0.101s] [ 50%] [32mBuilding CXX object CMakeFiles/offboard_controller.dir/src/offboard_controller.cpp.o[0m
[6.221s] [100%] [32m[1mLinking CXX executable offboard_controller[0m
[6.469s] /usr/bin/ld: CMakeFiles/offboard_controller.dir/src/offboard_controller.cpp.o: in function `flight_control::OffboardController::local_position_callback(std::unique_ptr<px4_msgs::msg::VehicleLocalPosition_<std::allocator<void> >, std::default_delete<px4_msgs::msg::VehicleLocalPosition_<std::allocator<void> > > >)':
[6.469s] offboard_controller.cpp:(.text+0x1475): undefined reference to `flight_control::utils::enu_ned_convert(Eigen::Matrix<float, 3, 1, 0, 3, 1>&)'
[6.469s] /usr/bin/ld: offboard_controller.cpp:(.text+0x14a2): undefined reference to `flight_control::utils::enu_ned_convert(Eigen::Matrix<float, 3, 1, 0, 3, 1>&)'
[6.469s] /usr/bin/ld: offboard_controller.cpp:(.text+0x14cf): undefined reference to `flight_control::utils::enu_ned_convert(Eigen::Matrix<float, 3, 1, 0, 3, 1>&)'
[6.496s] collect2: error: ld returned 1 exit status
[6.497s] gmake[2]: *** [CMakeFiles/offboard_controller.dir/build.make:159: offboard_controller] Error 1
[6.497s] gmake[1]: *** [CMakeFiles/Makefile2:137: CMakeFiles/offboard_controller.dir/all] Error 2
[6.497s] gmake: *** [Makefile:146: all] Error 2
[6.498s] Invoked command in '/home/henryshum0/SUAS/build/flight_control' returned '2': AMENT_PREFIX_PATH=/home/henryshum0/SUAS/install/px4_ros_com:/home/henryshum0/SUAS/install/px4_msgs:${AMENT_PREFIX_PATH} CMAKE_PREFIX_PATH=/home/henryshum0/SUAS/install/px4_ros_com:/home/henryshum0/SUAS/install/px4_msgs:/opt/ros/humble LD_LIBRARY_PATH=/home/henryshum0/SUAS/install/px4_ros_com/lib:/home/henryshum0/SUAS/install/px4_msgs/lib:${LD_LIBRARY_PATH} PYTHONPATH=/home/henryshum0/SUAS/install/px4_ros_com/local/lib/python3.10/dist-packages:/home/henryshum0/SUAS/install/px4_msgs/local/lib/python3.10/dist-packages:${PYTHONPATH} /usr/bin/cmake --build /home/henryshum0/SUAS/build/flight_control -- -j16 -l16
