[0mSetting matplotplusplus compiler options[0m
In file included from [01m[K/home/henryshum0/SUAS/src/flight_control/src/flight_control/input_parser.cpp:1[m[K:
[01m[K/home/henryshum0/SUAS/src/flight_control/include/flight_control/input_parser.hpp:4:10:[m[K [01;31m[Kfatal error: [m[Koffboard_control_interfaces/msg/user_command.hpp: No such file or directory
    4 | #include [01;31m[K<offboard_control_interfaces/msg/user_command.hpp>[m[K
      |          [01;31m[K^~~~~~~~~~~~~~~~~~~~~~~~~~~~~~~~~~~~~~~~~~~~~~~~~~[m[K
compilation terminated.
gmake[2]: *** [CMakeFiles/flight_control_lib.dir/build.make:118: CMakeFiles/flight_control_lib.dir/src/flight_control/input_parser.cpp.o] Error 1
gmake[2]: *** Waiting for unfinished jobs....
gmake[1]: *** [CMakeFiles/Makefile2:214: CMakeFiles/flight_control_lib.dir/all] Error 2
gmake[1]: *** Waiting for unfinished jobs....
[01m[K/home/henryshum0/SUAS/src/flight_control/src/user_input.cpp:[m[K In member function â€˜[01m[Kvoid UserInput::print_rej_msg(uint8_t)[m[Kâ€™:
[01m[K/home/henryshum0/SUAS/src/flight_control/src/user_input.cpp:249:26:[m[K [01;35m[Kwarning: [m[Kthis statement may fall through [[01;35m[K]8;;https://gcc.gnu.org/onlinedocs/gcc/Warning-Options.html#index-Wimplicit-fallthrough=-Wimplicit-fallthrough=]8;;[m[K]
  249 |             reason_str = [01;35m[K"take off height is not feasible"[m[K;
      |                          [01;35m[K^~~~~~~~~~~~~~~~~~~~~~~~~~~~~~~~~[m[K
[01m[K/home/henryshum0/SUAS/src/flight_control/src/user_input.cpp:250:9:[m[K [01;36m[Knote: [m[Khere
  250 |         [01;36m[Kcase[m[K UserCommand::REJECT_SPEED_INFEASIBLE:
      |         [01;36m[K^~~~[m[K
[01m[K/home/henryshum0/SUAS/src/flight_control/src/user_input.cpp:251:26:[m[K [01;35m[Kwarning: [m[Kthis statement may fall through [[01;35m[K]8;;https://gcc.gnu.org/onlinedocs/gcc/Warning-Options.html#index-Wimplicit-fallthrough=-Wimplicit-fallthrough=]8;;[m[K]
  251 |             reason_str = [01;35m[K"speed is not feasible"[m[K;
      |                          [01;35m[K^~~~~~~~~~~~~~~~~~~~~~~[m[K
[01m[K/home/henryshum0/SUAS/src/flight_control/src/user_input.cpp:252:9:[m[K [01;36m[Knote: [m[Khere
  252 |         [01;36m[Kdefault[m[K:
      |         [01;36m[K^~~~~~~[m[K
gmake: *** [Makefile:146: all] Error 2
