-- Found ament_cmake: 1.3.11 (/opt/ros/humble/share/ament_cmake/cmake)
-- Found rclcpp: 16.0.11 (/opt/ros/humble/share/rclcpp/cmake)
-- Found rosidl_generator_c: 3.1.6 (/opt/ros/humble/share/rosidl_generator_c/cmake)
-- Found rosidl_adapter: 3.1.6 (/opt/ros/humble/share/rosidl_adapter/cmake)
-- Found rosidl_generator_cpp: 3.1.6 (/opt/ros/humble/share/rosidl_generator_cpp/cmake)
-- Using all available rosidl_typesupport_c: rosidl_typesupport_fastrtps_c;rosidl_typesupport_introspection_c
-- Using all available rosidl_typesupport_cpp: rosidl_typesupport_fastrtps_cpp;rosidl_typesupport_introspection_cpp
-- Found rmw_implementation_cmake: 6.1.2 (/opt/ros/humble/share/rmw_implementation_cmake/cmake)
-- Found rmw_fastrtps_cpp: 6.2.7 (/opt/ros/humble/share/rmw_fastrtps_cpp/cmake)
-- Using RMW implementation 'rmw_fastrtps_cpp' as default
-- Found px4_msgs: 2.0.1 (/home/henryshum0/SUAS/install/px4_msgs/share/px4_msgs/cmake)
-- Found px4_ros_com: 0.1.0 (/home/henryshum0/SUAS/install/px4_ros_com/share/px4_ros_com/cmake)
-- Found offboard_control_interfaces: 0.0.0 (/home/henryshum0/SUAS/install/offboard_control_interfaces/share/offboard_control_interfaces/cmake)
-- Could NOT find FFTW (missing: FFTW_INCLUDE_DIRS) 
[0mSetting matplotplusplus compiler options[0m
-- Found ament_lint_auto: 0.12.11 (/opt/ros/humble/share/ament_lint_auto/cmake)
-- Added test 'cppcheck' to perform static code analysis on C / C++ code
-- Configured cppcheck include dirs: /home/henryshum0/SUAS/src/flight_control/include;$<BUILD_INTERFACE:/home/henryshum0/SUAS/src/flight_control/include>
-- Configured cppcheck exclude dirs and/or files: 
-- Added test 'lint_cmake' to check CMake code style
-- Added test 'uncrustify' to check C / C++ code style
-- Configured uncrustify additional arguments: 
-- Added test 'xmllint' to check XML markup files
-- Configuring done
-- Generating done
-- Build files have been written to: /home/henryshum0/SUAS/build/flight_control
[35m[1mConsolidate compiler generated dependencies of target user_input[0m
[35m[1mConsolidate compiler generated dependencies of target sensor_combined_listener[0m
[35m[1mConsolidate compiler generated dependencies of target publish_trj_listener[0m
[35m[1mConsolidate compiler generated dependencies of target nodesoup[0m
[35m[1mConsolidate compiler generated dependencies of target vehicle_pos_listener[0m
[35m[1mConsolidate compiler generated dependencies of target cmd_ack_listener[0m
[35m[1mConsolidate compiler generated dependencies of target flight_control_lib[0m
[ 10%] Built target nodesoup
[ 14%] Built target vehicle_pos_listener
[ 17%] Built target publish_trj_listener
[ 17%] [32mBuilding CXX object CMakeFiles/user_input.dir/src/user_input.cpp.o[0m
[ 20%] Built target cmd_ack_listener
[ 23%] Built target sensor_combined_listener
[ 25%] [32mBuilding CXX object CMakeFiles/flight_control_lib.dir/src/flight_control/input_parser.cpp.o[0m
[ 26%] [32mBuilding CXX object CMakeFiles/flight_control_lib.dir/src/flight_control/flight_executor.cpp.o[0m
[35m[1mConsolidate compiler generated dependencies of target matplot[0m
[ 85%] Built target matplot
In file included from [01m[K/home/henryshum0/SUAS/src/flight_control/src/flight_control/input_parser.cpp:1[m[K:
[01m[K/home/henryshum0/SUAS/src/flight_control/include/flight_control/input_parser.hpp:4:10:[m[K [01;31m[Kfatal error: [m[Koffboard_control_interfaces/msg/user_command.hpp: No such file or directory
    4 | #include [01;31m[K<offboard_control_interfaces/msg/user_command.hpp>[m[K
      |          [01;31m[K^~~~~~~~~~~~~~~~~~~~~~~~~~~~~~~~~~~~~~~~~~~~~~~~~~[m[K
compilation terminated.
gmake[2]: *** [CMakeFiles/flight_control_lib.dir/build.make:118: CMakeFiles/flight_control_lib.dir/src/flight_control/input_parser.cpp.o] Error 1
gmake[2]: *** Waiting for unfinished jobs....
gmake[1]: *** [CMakeFiles/Makefile2:214: CMakeFiles/flight_control_lib.dir/all] Error 2
gmake[1]: *** Waiting for unfinished jobs....
[01m[K/home/henryshum0/SUAS/src/flight_control/src/user_input.cpp:[m[K In member function â€˜[01m[Kvoid UserInput::print_rej_msg(uint8_t)[m[Kâ€™:
[01m[K/home/henryshum0/SUAS/src/flight_control/src/user_input.cpp:249:26:[m[K [01;35m[Kwarning: [m[Kthis statement may fall through [[01;35m[K]8;;https://gcc.gnu.org/onlinedocs/gcc/Warning-Options.html#index-Wimplicit-fallthrough=-Wimplicit-fallthrough=]8;;[m[K]
  249 |             reason_str = [01;35m[K"take off height is not feasible"[m[K;
      |                          [01;35m[K^~~~~~~~~~~~~~~~~~~~~~~~~~~~~~~~~[m[K
[01m[K/home/henryshum0/SUAS/src/flight_control/src/user_input.cpp:250:9:[m[K [01;36m[Knote: [m[Khere
  250 |         [01;36m[Kcase[m[K UserCommand::REJECT_SPEED_INFEASIBLE:
      |         [01;36m[K^~~~[m[K
[01m[K/home/henryshum0/SUAS/src/flight_control/src/user_input.cpp:251:26:[m[K [01;35m[Kwarning: [m[Kthis statement may fall through [[01;35m[K]8;;https://gcc.gnu.org/onlinedocs/gcc/Warning-Options.html#index-Wimplicit-fallthrough=-Wimplicit-fallthrough=]8;;[m[K]
  251 |             reason_str = [01;35m[K"speed is not feasible"[m[K;
      |                          [01;35m[K^~~~~~~~~~~~~~~~~~~~~~~[m[K
[01m[K/home/henryshum0/SUAS/src/flight_control/src/user_input.cpp:252:9:[m[K [01;36m[Knote: [m[Khere
  252 |         [01;36m[Kdefault[m[K:
      |         [01;36m[K^~~~~~~[m[K
[ 87%] [32m[1mLinking CXX executable user_input[0m
[ 87%] Built target user_input
gmake: *** [Makefile:146: all] Error 2
