[0.077s] Invoking command in '/home/henryshum0/SUAS/build/flight_control': CMAKE_PREFIX_PATH=/home/henryshum0/SUAS/install/px4_ros_com:/home/henryshum0/SUAS/install/px4_msgs:/home/henryshum0/SUAS/install/offboard_control_interfaces:/home/henryshum0/SUAS/install/flight_control:/opt/ros/humble LD_LIBRARY_PATH=/home/henryshum0/SUAS/install/px4_ros_com/lib:/home/henryshum0/SUAS/install/px4_msgs/lib:/home/henryshum0/SUAS/install/offboard_control_interfaces/lib:/home/henryshum0/SUAS/install/flight_control/lib:/opt/ros/humble/opt/rviz_ogre_vendor/lib:/opt/ros/humble/lib/x86_64-linux-gnu:/opt/ros/humble/lib /usr/bin/cmake --build /home/henryshum0/SUAS/build/flight_control -- -j16 -l16
[0.098s] -- Found ament_cmake: 1.3.11 (/opt/ros/humble/share/ament_cmake/cmake)
[0.195s] -- Found rclcpp: 16.0.11 (/opt/ros/humble/share/rclcpp/cmake)
[0.280s] -- Found rosidl_generator_c: 3.1.6 (/opt/ros/humble/share/rosidl_generator_c/cmake)
[0.281s] -- Found rosidl_adapter: 3.1.6 (/opt/ros/humble/share/rosidl_adapter/cmake)
[0.285s] -- Found rosidl_generator_cpp: 3.1.6 (/opt/ros/humble/share/rosidl_generator_cpp/cmake)
[0.291s] -- Using all available rosidl_typesupport_c: rosidl_typesupport_fastrtps_c;rosidl_typesupport_introspection_c
[0.299s] -- Using all available rosidl_typesupport_cpp: rosidl_typesupport_fastrtps_cpp;rosidl_typesupport_introspection_cpp
[0.341s] -- Found rmw_implementation_cmake: 6.1.2 (/opt/ros/humble/share/rmw_implementation_cmake/cmake)
[0.344s] -- Found rmw_fastrtps_cpp: 6.2.7 (/opt/ros/humble/share/rmw_fastrtps_cpp/cmake)
[2.225s] -- Using RMW implementation 'rmw_fastrtps_cpp' as default
[2.276s] -- Found px4_msgs: 2.0.1 (/home/henryshum0/SUAS/install/px4_msgs/share/px4_msgs/cmake)
[2.288s] -- Found px4_ros_com: 0.1.0 (/home/henryshum0/SUAS/install/px4_ros_com/share/px4_ros_com/cmake)
[2.327s] -- Found offboard_control_interfaces: 0.0.0 (/home/henryshum0/SUAS/install/offboard_control_interfaces/share/offboard_control_interfaces/cmake)
[6.560s] -- Could NOT find FFTW (missing: FFTW_INCLUDE_DIRS) 
[6.566s] [0mSetting matplotplusplus compiler options[0m
[6.571s] -- Found ament_lint_auto: 0.12.11 (/opt/ros/humble/share/ament_lint_auto/cmake)
[6.707s] -- Added test 'cppcheck' to perform static code analysis on C / C++ code
[6.707s] -- Configured cppcheck include dirs: /home/henryshum0/SUAS/src/flight_control/include;$<BUILD_INTERFACE:/home/henryshum0/SUAS/src/flight_control/include>
[6.707s] -- Configured cppcheck exclude dirs and/or files: 
[6.720s] -- Added test 'lint_cmake' to check CMake code style
[6.759s] -- Added test 'uncrustify' to check C / C++ code style
[6.759s] -- Configured uncrustify additional arguments: 
[6.763s] -- Added test 'xmllint' to check XML markup files
[6.766s] -- Configuring done
[6.822s] -- Generating done
[6.834s] -- Build files have been written to: /home/henryshum0/SUAS/build/flight_control
[6.854s] [35m[1mConsolidate compiler generated dependencies of target user_input[0m
[6.855s] [35m[1mConsolidate compiler generated dependencies of target sensor_combined_listener[0m
[6.855s] [35m[1mConsolidate compiler generated dependencies of target publish_trj_listener[0m
[6.855s] [35m[1mConsolidate compiler generated dependencies of target nodesoup[0m
[6.855s] [35m[1mConsolidate compiler generated dependencies of target vehicle_pos_listener[0m
[6.856s] [35m[1mConsolidate compiler generated dependencies of target cmd_ack_listener[0m
[6.859s] [35m[1mConsolidate compiler generated dependencies of target flight_control_lib[0m
[6.868s] [ 10%] Built target nodesoup
[6.868s] [ 14%] Built target vehicle_pos_listener
[6.869s] [ 17%] Built target publish_trj_listener
[6.869s] [ 17%] [32mBuilding CXX object CMakeFiles/user_input.dir/src/user_input.cpp.o[0m
[6.869s] [ 20%] Built target cmd_ack_listener
[6.871s] [ 23%] Built target sensor_combined_listener
[6.880s] [ 25%] [32mBuilding CXX object CMakeFiles/flight_control_lib.dir/src/flight_control/input_parser.cpp.o[0m
[6.880s] [ 26%] [32mBuilding CXX object CMakeFiles/flight_control_lib.dir/src/flight_control/flight_executor.cpp.o[0m
[6.889s] [35m[1mConsolidate compiler generated dependencies of target matplot[0m
[6.918s] [ 85%] Built target matplot
[7.038s] In file included from [01m[K/home/henryshum0/SUAS/src/flight_control/src/flight_control/input_parser.cpp:1[m[K:
[7.038s] [01m[K/home/henryshum0/SUAS/src/flight_control/include/flight_control/input_parser.hpp:4:10:[m[K [01;31m[Kfatal error: [m[Koffboard_control_interfaces/msg/user_command.hpp: No such file or directory
[7.038s]     4 | #include [01;31m[K<offboard_control_interfaces/msg/user_command.hpp>[m[K
[7.038s]       |          [01;31m[K^~~~~~~~~~~~~~~~~~~~~~~~~~~~~~~~~~~~~~~~~~~~~~~~~~[m[K
[7.038s] compilation terminated.
[7.040s] gmake[2]: *** [CMakeFiles/flight_control_lib.dir/build.make:118: CMakeFiles/flight_control_lib.dir/src/flight_control/input_parser.cpp.o] Error 1
[7.040s] gmake[2]: *** Waiting for unfinished jobs....
[10.162s] gmake[1]: *** [CMakeFiles/Makefile2:214: CMakeFiles/flight_control_lib.dir/all] Error 2
[10.163s] gmake[1]: *** Waiting for unfinished jobs....
[10.653s] [01m[K/home/henryshum0/SUAS/src/flight_control/src/user_input.cpp:[m[K In member function â€˜[01m[Kvoid UserInput::print_rej_msg(uint8_t)[m[Kâ€™:
[10.653s] [01m[K/home/henryshum0/SUAS/src/flight_control/src/user_input.cpp:249:26:[m[K [01;35m[Kwarning: [m[Kthis statement may fall through [[01;35m[K]8;;https://gcc.gnu.org/onlinedocs/gcc/Warning-Options.html#index-Wimplicit-fallthrough=-Wimplicit-fallthrough=]8;;[m[K]
[10.653s]   249 |             reason_str = [01;35m[K"take off height is not feasible"[m[K;
[10.653s]       |                          [01;35m[K^~~~~~~~~~~~~~~~~~~~~~~~~~~~~~~~~[m[K
[10.653s] [01m[K/home/henryshum0/SUAS/src/flight_control/src/user_input.cpp:250:9:[m[K [01;36m[Knote: [m[Khere
[10.653s]   250 |         [01;36m[Kcase[m[K UserCommand::REJECT_SPEED_INFEASIBLE:
[10.653s]       |         [01;36m[K^~~~[m[K
[10.653s] [01m[K/home/henryshum0/SUAS/src/flight_control/src/user_input.cpp:251:26:[m[K [01;35m[Kwarning: [m[Kthis statement may fall through [[01;35m[K]8;;https://gcc.gnu.org/onlinedocs/gcc/Warning-Options.html#index-Wimplicit-fallthrough=-Wimplicit-fallthrough=]8;;[m[K]
[10.653s]   251 |             reason_str = [01;35m[K"speed is not feasible"[m[K;
[10.653s]       |                          [01;35m[K^~~~~~~~~~~~~~~~~~~~~~~[m[K
[10.653s] [01m[K/home/henryshum0/SUAS/src/flight_control/src/user_input.cpp:252:9:[m[K [01;36m[Knote: [m[Khere
[10.654s]   252 |         [01;36m[Kdefault[m[K:
[10.654s]       |         [01;36m[K^~~~~~~[m[K
[13.142s] [ 87%] [32m[1mLinking CXX executable user_input[0m
[13.429s] [ 87%] Built target user_input
[13.430s] gmake: *** [Makefile:146: all] Error 2
[13.432s] Invoked command in '/home/henryshum0/SUAS/build/flight_control' returned '2': CMAKE_PREFIX_PATH=/home/henryshum0/SUAS/install/px4_ros_com:/home/henryshum0/SUAS/install/px4_msgs:/home/henryshum0/SUAS/install/offboard_control_interfaces:/home/henryshum0/SUAS/install/flight_control:/opt/ros/humble LD_LIBRARY_PATH=/home/henryshum0/SUAS/install/px4_ros_com/lib:/home/henryshum0/SUAS/install/px4_msgs/lib:/home/henryshum0/SUAS/install/offboard_control_interfaces/lib:/home/henryshum0/SUAS/install/flight_control/lib:/opt/ros/humble/opt/rviz_ogre_vendor/lib:/opt/ros/humble/lib/x86_64-linux-gnu:/opt/ros/humble/lib /usr/bin/cmake --build /home/henryshum0/SUAS/build/flight_control -- -j16 -l16
