[ 16%] Built target frame_transforms
[ 58%] Built target debug_vect_advertiser
[ 66%] Built target offboard_control_srv
[ 66%] Built target vehicle_gps_position_listener
[ 75%] [32mBuilding CXX object CMakeFiles/offboard_control.dir/src/examples/offboard/offboard_control.cpp.o[0m
[ 91%] Built target sensor_combined_listener
[ 91%] Built target ament_cmake_python_copy_px4_ros_com
running egg_info
writing px4_ros_com.egg-info/PKG-INFO
writing dependency_links to px4_ros_com.egg-info/dependency_links.txt
writing top-level names to px4_ros_com.egg-info/top_level.txt
reading manifest file 'px4_ros_com.egg-info/SOURCES.txt'
writing manifest file 'px4_ros_com.egg-info/SOURCES.txt'
[01m[K/home/henryshum0/SUAS/src/px4_ros_com/src/examples/offboard/offboard_control.cpp:52:10:[m[K [01;31m[Kfatal error: [m[Kframe_transforms: No such file or directory
   52 | #include [01;31m[K<frame_transforms>[m[K
      |          [01;31m[K^~~~~~~~~~~~~~~~~~[m[K
compilation terminated.
[ 91%] Built target ament_cmake_python_build_px4_ros_com_egg
gmake[2]: *** [CMakeFiles/offboard_control.dir/build.make:76: CMakeFiles/offboard_control.dir/src/examples/offboard/offboard_control.cpp.o] Error 1
gmake[1]: *** [CMakeFiles/Makefile2:254: CMakeFiles/offboard_control.dir/all] Error 2
gmake[1]: *** Waiting for unfinished jobs....
gmake: *** [Makefile:146: all] Error 2
