[01m[K/home/henryshum0/SUAS/src/flight_control/src/main.cpp:[m[K In function â€˜[01m[Kint main(int, char**)[m[Kâ€™:
[01m[K/home/henryshum0/SUAS/src/flight_control/src/main.cpp:15:51:[m[K [01;31m[Kerror: [m[Kâ€˜[01m[KVehicleState[m[Kâ€™ was not declared in this scope
   15 |     auto vehicle_state_storage = std::make_shared<[01;31m[KVehicleState[m[K>();
      |                                                   [01;31m[K^~~~~~~~~~~~[m[K
[01m[K/home/henryshum0/SUAS/src/flight_control/src/main.cpp:15:64:[m[K [01;31m[Kerror: [m[Kno matching function for call to â€˜[01m[Kmake_shared<<expression error> >()[m[Kâ€™
   15 |     auto vehicle_state_storage = [01;31m[Kstd::make_shared<VehicleState>()[m[K;
      |                                  [01;31m[K~~~~~~~~~~~~~~~~~~~~~~~~~~~~~~^~[m[K
In file included from [01m[K/usr/include/c++/11/memory:77[m[K,
                 from [01m[K/opt/ros/humble/include/rclcpp/rclcpp/rclcpp.hpp:153[m[K,
                 from [01m[K/home/henryshum0/SUAS/src/flight_control/include/flight_control/control_publishers.hpp:4[m[K,
                 from [01m[K/home/henryshum0/SUAS/src/flight_control/src/main.cpp:1[m[K:
[01m[K/usr/include/c++/11/bits/shared_ptr.h:875:5:[m[K [01;36m[Knote: [m[Kcandidate: â€˜[01m[Ktemplate<class _Tp, class ... _Args> std::shared_ptr<_Tp> std::make_shared(_Args&& ...)[m[Kâ€™
  875 |     [01;36m[Kmake_shared[m[K(_Args&&... __args)
      |     [01;36m[K^~~~~~~~~~~[m[K
[01m[K/usr/include/c++/11/bits/shared_ptr.h:875:5:[m[K [01;36m[Knote: [m[K  template argument deduction/substitution failed:
[01m[K/home/henryshum0/SUAS/src/flight_control/src/main.cpp:15:64:[m[K [01;31m[Kerror: [m[Ktemplate argument 1 is invalid
   15 |     auto vehicle_state_storage = [01;31m[Kstd::make_shared<VehicleState>()[m[K;
      |                                  [01;31m[K~~~~~~~~~~~~~~~~~~~~~~~~~~~~~~^~[m[K
[01m[K/home/henryshum0/SUAS/src/flight_control/src/main.cpp:16:54:[m[K [01;31m[Kerror: [m[Kâ€˜[01m[KExecutorCommand[m[Kâ€™ was not declared in this scope; did you mean â€˜[01m[KExecutorCommandStorage[m[Kâ€™?
   16 |     auto executor_command_storage = std::make_shared<[01;31m[KExecutorCommand[m[K>();
      |                                                      [01;31m[K^~~~~~~~~~~~~~~[m[K
      |                                                      [32m[KExecutorCommandStorage[m[K
[01m[K/home/henryshum0/SUAS/src/flight_control/src/main.cpp:16:70:[m[K [01;31m[Kerror: [m[Kno matching function for call to â€˜[01m[Kmake_shared<<expression error> >()[m[Kâ€™
   16 |     auto executor_command_storage = [01;31m[Kstd::make_shared<ExecutorCommand>()[m[K;
      |                                     [01;31m[K~~~~~~~~~~~~~~~~~~~~~~~~~~~~~~~~~^~[m[K
In file included from [01m[K/usr/include/c++/11/memory:77[m[K,
                 from [01m[K/opt/ros/humble/include/rclcpp/rclcpp/rclcpp.hpp:153[m[K,
                 from [01m[K/home/henryshum0/SUAS/src/flight_control/include/flight_control/control_publishers.hpp:4[m[K,
                 from [01m[K/home/henryshum0/SUAS/src/flight_control/src/main.cpp:1[m[K:
[01m[K/usr/include/c++/11/bits/shared_ptr.h:875:5:[m[K [01;36m[Knote: [m[Kcandidate: â€˜[01m[Ktemplate<class _Tp, class ... _Args> std::shared_ptr<_Tp> std::make_shared(_Args&& ...)[m[Kâ€™
  875 |     [01;36m[Kmake_shared[m[K(_Args&&... __args)
      |     [01;36m[K^~~~~~~~~~~[m[K
[01m[K/usr/include/c++/11/bits/shared_ptr.h:875:5:[m[K [01;36m[Knote: [m[K  template argument deduction/substitution failed:
[01m[K/home/henryshum0/SUAS/src/flight_control/src/main.cpp:16:70:[m[K [01;31m[Kerror: [m[Ktemplate argument 1 is invalid
   16 |     auto executor_command_storage = [01;31m[Kstd::make_shared<ExecutorCommand>()[m[K;
      |                                     [01;31m[K~~~~~~~~~~~~~~~~~~~~~~~~~~~~~~~~~^~[m[K
gmake[2]: *** [CMakeFiles/offboard_controller.dir/build.make:76: CMakeFiles/offboard_controller.dir/src/main.cpp.o] Error 1
gmake[1]: *** [CMakeFiles/Makefile2:165: CMakeFiles/offboard_controller.dir/all] Error 2
gmake: *** [Makefile:146: all] Error 2
