[0.036s] Invoking command in '/home/henryshum0/SUAS/build/px4_ros_com': AMENT_PREFIX_PATH=/home/henryshum0/SUAS/install/px4_msgs:${AMENT_PREFIX_PATH} CMAKE_PREFIX_PATH=/home/henryshum0/SUAS/install/px4_msgs:/opt/ros/humble LD_LIBRARY_PATH=/home/henryshum0/SUAS/install/px4_msgs/lib:${LD_LIBRARY_PATH} PYTHONPATH=/home/henryshum0/SUAS/install/px4_msgs/local/lib/python3.10/dist-packages:${PYTHONPATH} /usr/bin/cmake --build /home/henryshum0/SUAS/build/px4_ros_com -- -j16 -l16
[0.062s] [35m[1mConsolidate compiler generated dependencies of target frame_transforms[0m
[0.070s] [ 16%] Built target sensor_combined_listener
[0.070s] [ 33%] Built target debug_vect_advertiser
[0.071s] [ 50%] Built target offboard_control_srv
[0.071s] [ 58%] [32mBuilding CXX object CMakeFiles/offboard_control.dir/src/examples/offboard/offboard_control.cpp.o[0m
[0.071s] [ 75%] Built target vehicle_gps_position_listener
[0.075s] [ 83%] [32mBuilding CXX object CMakeFiles/frame_transforms.dir/src/lib/frame_transforms.cpp.o[0m
[0.076s] [ 83%] Built target ament_cmake_python_copy_px4_ros_com
[0.194s] [01m[K/home/henryshum0/SUAS/src/px4_ros_com/src/examples/offboard/offboard_control.cpp:50:10:[m[K [01;31m[Kfatal error: [m[KEigen/Dense: No such file or directory
[0.194s]    50 | #include [01;31m[K<Eigen/Dense>[m[K
[0.194s]       |          [01;31m[K^~~~~~~~~~~~~[m[K
[0.194s] compilation terminated.
[0.195s] gmake[2]: *** [CMakeFiles/offboard_control.dir/build.make:76: CMakeFiles/offboard_control.dir/src/examples/offboard/offboard_control.cpp.o] Error 1
[0.195s] gmake[1]: *** [CMakeFiles/Makefile2:254: CMakeFiles/offboard_control.dir/all] Error 2
[0.195s] gmake[1]: *** Waiting for unfinished jobs....
[0.230s] running egg_info
[0.231s] writing px4_ros_com.egg-info/PKG-INFO
[0.231s] writing dependency_links to px4_ros_com.egg-info/dependency_links.txt
[0.232s] writing top-level names to px4_ros_com.egg-info/top_level.txt
[0.234s] reading manifest file 'px4_ros_com.egg-info/SOURCES.txt'
[0.234s] writing manifest file 'px4_ros_com.egg-info/SOURCES.txt'
[0.261s] [ 83%] Built target ament_cmake_python_build_px4_ros_com_egg
[5.200s] [ 91%] [32m[1mLinking CXX shared library libframe_transforms.so[0m
[5.413s] [ 91%] Built target frame_transforms
[5.414s] gmake: *** [Makefile:146: all] Error 2
[5.415s] Invoked command in '/home/henryshum0/SUAS/build/px4_ros_com' returned '2': AMENT_PREFIX_PATH=/home/henryshum0/SUAS/install/px4_msgs:${AMENT_PREFIX_PATH} CMAKE_PREFIX_PATH=/home/henryshum0/SUAS/install/px4_msgs:/opt/ros/humble LD_LIBRARY_PATH=/home/henryshum0/SUAS/install/px4_msgs/lib:${LD_LIBRARY_PATH} PYTHONPATH=/home/henryshum0/SUAS/install/px4_msgs/local/lib/python3.10/dist-packages:${PYTHONPATH} /usr/bin/cmake --build /home/henryshum0/SUAS/build/px4_ros_com -- -j16 -l16
