[35m[1mConsolidate compiler generated dependencies of target flight_control_lib[0m
[ 11%] [32mBuilding CXX object CMakeFiles/flight_control_lib.dir/src/flight_control/control_publishers.cpp.o[0m
[ 22%] [32mBuilding CXX object CMakeFiles/flight_control_lib.dir/src/flight_control/state_subscribers.cpp.o[0m
[ 33%] [32mBuilding CXX object CMakeFiles/flight_control_lib.dir/src/vehicle_storage/vehicle_state.cpp.o[0m
[ 44%] [32mBuilding CXX object CMakeFiles/flight_control_lib.dir/src/flight_control/flight_executor.cpp.o[0m
[ 55%] [32mBuilding CXX object CMakeFiles/flight_control_lib.dir/src/vehicle_storage/executor_cmd.cpp.o[0m
[01m[Kcc1plus:[m[K [01;31m[Kfatal error: [m[K/home/henryshum0/SUAS/src/flight_control/src/vehicle_storage/executor_cmd.cpp: No such file or directory
[01m[Kcc1plus:[m[K [01;31m[Kfatal error: [m[K/home/henryshum0/SUAS/src/flight_control/src/vehicle_storage/vehicle_state.cpp: No such file or directory
compilation terminated.
compilation terminated.
gmake[2]: *** [CMakeFiles/flight_control_lib.dir/build.make:118: CMakeFiles/flight_control_lib.dir/src/vehicle_storage/vehicle_state.cpp.o] Error 1
gmake[2]: *** Waiting for unfinished jobs....
gmake[2]: *** [CMakeFiles/flight_control_lib.dir/build.make:132: CMakeFiles/flight_control_lib.dir/src/vehicle_storage/executor_cmd.cpp.o] Error 1
gmake[1]: *** [CMakeFiles/Makefile2:139: CMakeFiles/flight_control_lib.dir/all] Error 2
gmake: *** [Makefile:146: all] Error 2
