[0.077s] Invoking command in '/home/henryshum0/SUAS/build/flight_control': CMAKE_PREFIX_PATH=/home/henryshum0/SUAS/install/px4_ros_com:/home/henryshum0/SUAS/install/px4_msgs:/home/henryshum0/SUAS/install/flight_control:/opt/ros/humble LD_LIBRARY_PATH=/home/henryshum0/SUAS/install/px4_ros_com/lib:/home/henryshum0/SUAS/install/px4_msgs/lib:/home/henryshum0/SUAS/install/flight_control/lib:/opt/ros/humble/opt/rviz_ogre_vendor/lib:/opt/ros/humble/lib/x86_64-linux-gnu:/opt/ros/humble/lib /usr/bin/cmake --build /home/henryshum0/SUAS/build/flight_control -- -j16 -l16
[0.134s] [35m[1mConsolidate compiler generated dependencies of target flight_control_lib[0m
[0.152s] [ 11%] [32mBuilding CXX object CMakeFiles/flight_control_lib.dir/src/flight_control/control_publishers.cpp.o[0m
[0.152s] [ 22%] [32mBuilding CXX object CMakeFiles/flight_control_lib.dir/src/flight_control/state_subscribers.cpp.o[0m
[0.152s] [ 33%] [32mBuilding CXX object CMakeFiles/flight_control_lib.dir/src/vehicle_storage/vehicle_state.cpp.o[0m
[0.153s] [ 44%] [32mBuilding CXX object CMakeFiles/flight_control_lib.dir/src/flight_control/flight_executor.cpp.o[0m
[0.154s] [ 55%] [32mBuilding CXX object CMakeFiles/flight_control_lib.dir/src/vehicle_storage/executor_cmd.cpp.o[0m
[0.170s] [01m[Kcc1plus:[m[K [01;31m[Kfatal error: [m[K/home/henryshum0/SUAS/src/flight_control/src/vehicle_storage/executor_cmd.cpp: No such file or directory
[0.170s] [01m[Kcc1plus:[m[K [01;31m[Kfatal error: [m[K/home/henryshum0/SUAS/src/flight_control/src/vehicle_storage/vehicle_state.cpp: No such file or directory
[0.170s] compilation terminated.
[0.170s] compilation terminated.
[0.172s] gmake[2]: *** [CMakeFiles/flight_control_lib.dir/build.make:118: CMakeFiles/flight_control_lib.dir/src/vehicle_storage/vehicle_state.cpp.o] Error 1
[0.173s] gmake[2]: *** Waiting for unfinished jobs....
[0.173s] gmake[2]: *** [CMakeFiles/flight_control_lib.dir/build.make:132: CMakeFiles/flight_control_lib.dir/src/vehicle_storage/executor_cmd.cpp.o] Error 1
[8.803s] gmake[1]: *** [CMakeFiles/Makefile2:139: CMakeFiles/flight_control_lib.dir/all] Error 2
[8.803s] gmake: *** [Makefile:146: all] Error 2
[8.805s] Invoked command in '/home/henryshum0/SUAS/build/flight_control' returned '2': CMAKE_PREFIX_PATH=/home/henryshum0/SUAS/install/px4_ros_com:/home/henryshum0/SUAS/install/px4_msgs:/home/henryshum0/SUAS/install/flight_control:/opt/ros/humble LD_LIBRARY_PATH=/home/henryshum0/SUAS/install/px4_ros_com/lib:/home/henryshum0/SUAS/install/px4_msgs/lib:/home/henryshum0/SUAS/install/flight_control/lib:/opt/ros/humble/opt/rviz_ogre_vendor/lib:/opt/ros/humble/lib/x86_64-linux-gnu:/opt/ros/humble/lib /usr/bin/cmake --build /home/henryshum0/SUAS/build/flight_control -- -j16 -l16
