[0.000000] (-) TimerEvent: {}
[0.000637] (-) JobUnselected: {'identifier': 'px4_msgs'}
[0.000683] (-) JobUnselected: {'identifier': 'px4_ros_com'}
[0.000696] (flight_control) JobQueued: {'identifier': 'flight_control', 'dependencies': OrderedDict([('px4_msgs', '/home/henryshum0/SUAS/install/px4_msgs'), ('px4_ros_com', '/home/henryshum0/SUAS/install/px4_ros_com')])}
[0.000713] (flight_control) JobStarted: {'identifier': 'flight_control'}
[0.057074] (flight_control) JobProgress: {'identifier': 'flight_control', 'progress': 'cmake'}
[0.057989] (flight_control) JobProgress: {'identifier': 'flight_control', 'progress': 'build'}
[0.058151] (flight_control) Command: {'cmd': ['/usr/bin/cmake', '--build', '/home/henryshum0/SUAS/build/flight_control', '--', '-j16', '-l16'], 'cwd': '/home/henryshum0/SUAS/build/flight_control', 'env': OrderedDict([('LESSOPEN', '| /usr/bin/lesspipe %s'), ('MESA_D3D12_DEFAULT_ADAPTER_NAME', 'NVIDIA'), ('USER', 'henryshum0'), ('GIT_ASKPASS', '/home/henryshum0/.vscode-server/bin/ddc367ed5c8936efe395cffeec279b04ffd7db78/extensions/git/dist/askpass.sh'), ('__GLX_VENDOR_LIBRARY_NAME', 'nvidia'), ('SHLVL', '2'), ('LD_LIBRARY_PATH', '/home/henryshum0/SUAS/install/px4_ros_com/lib:/home/henryshum0/SUAS/install/px4_msgs/lib:/home/henryshum0/SUAS/install/flight_control/lib:/opt/ros/humble/opt/rviz_ogre_vendor/lib:/opt/ros/humble/lib/x86_64-linux-gnu:/opt/ros/humble/lib'), ('WT_PROFILE_ID', '{4ff56d04-d9cf-57ea-bae2-ad396374e7e3}'), ('MOTD_SHOWN', 'update-motd'), ('HOME', '/home/henryshum0'), ('TERM_PROGRAM_VERSION', '1.98.2'), ('VSCODE_IPC_HOOK_CLI', '/run/user/1000/vscode-ipc-d5fd780f-6a78-4a53-af5f-2342f817fa3f.sock'), ('ROS_PYTHON_VERSION', '3'), ('VSCODE_GIT_ASKPASS_MAIN', '/home/henryshum0/.vscode-server/bin/ddc367ed5c8936efe395cffeec279b04ffd7db78/extensions/git/dist/askpass-main.js'), ('VSCODE_GIT_ASKPASS_NODE', '/home/henryshum0/.vscode-server/bin/ddc367ed5c8936efe395cffeec279b04ffd7db78/node'), ('ROS_LOG_DIR', '/home/henryshum0/SUAS/ros2log'), ('DBUS_SESSION_BUS_ADDRESS', 'unix:path=/run/user/1000/bus'), ('COLORTERM', 'truecolor'), ('WSL_DISTRO_NAME', 'Ubuntu-22.04'), ('WAYLAND_DISPLAY', 'wayland-0'), ('COLCON_PREFIX_PATH', '/home/henryshum0/SUAS/install'), ('ROS_DISTRO', 'humble'), ('LOGNAME', 'henryshum0'), ('NAME', 'Code'), ('WSL_INTEROP', '/run/WSL/593_interop'), ('PULSE_SERVER', 'unix:/mnt/wslg/PulseServer'), ('_', '/usr/bin/colcon'), ('ROS_VERSION', '2'), ('TERM', 'xterm-256color'), ('ROS_LOCALHOST_ONLY', '0'), ('PATH', '/home/henryshum0/.vscode-server/bin/ddc367ed5c8936efe395cffeec279b04ffd7db78/bin/remote-cli:/home/henryshum0/.local/bin:/opt/ros/humble/bin:/usr/local/sbin:/usr/local/bin:/usr/sbin:/usr/bin:/sbin:/bin:/usr/games:/usr/local/games:/usr/lib/wsl/lib:/mnt/c/Windows/system32:/mnt/c/Windows:/mnt/c/Windows/System32/Wbem:/mnt/c/Windows/System32/WindowsPowerShell/v1.0/:/mnt/c/Windows/System32/OpenSSH/:/mnt/c/Program Files/dotnet/:/mnt/c/Program Files/NVIDIA Corporation/NVIDIA app/NvDLISR:/mnt/c/Program Files (x86)/NVIDIA Corporation/PhysX/Common:/mnt/c/Program Files/Git/cmd:/mnt/c/Program Files/Docker/Docker/resources/bin:/mnt/c/Users/henryshum0/AppData/Local/Microsoft/WindowsApps:/mnt/c/Users/henryshum0/AppData/Local/Programs/Microsoft VS Code/bin:/mnt/c/msys64/ucrt64/bin:/mnt/c/Users/henryshum0/.dotnet/tools:/mnt/c/Users/henryshum0/anaconda3:/mnt/c/Users/henryshum0/anaconda3/Scripts:/mnt/c/Users/henryshum0/anaconda3/Library/bin:/snap/bin:/home/henryshum0/.vscode-server/data/User/globalStorage/github.copilot-chat/debugCommand'), ('WT_SESSION', 'b47d04e4-8a8a-4162-8d4f-366508ae4365'), ('XDG_RUNTIME_DIR', '/run/user/1000/'), ('DISPLAY', ':0'), ('LANG', 'en_US.UTF-8'), ('__NV_PRIME_RENDER_OFFLOAD', '1'), ('LS_COLORS', 'rs=0:di=01;34:ln=01;36:mh=00:pi=40;33:so=01;35:do=01;35:bd=40;33;01:cd=40;33;01:or=40;31;01:mi=00:su=37;41:sg=30;43:ca=30;41:tw=30;42:ow=34;42:st=37;44:ex=01;32:*.tar=01;31:*.tgz=01;31:*.arc=01;31:*.arj=01;31:*.taz=01;31:*.lha=01;31:*.lz4=01;31:*.lzh=01;31:*.lzma=01;31:*.tlz=01;31:*.txz=01;31:*.tzo=01;31:*.t7z=01;31:*.zip=01;31:*.z=01;31:*.dz=01;31:*.gz=01;31:*.lrz=01;31:*.lz=01;31:*.lzo=01;31:*.xz=01;31:*.zst=01;31:*.tzst=01;31:*.bz2=01;31:*.bz=01;31:*.tbz=01;31:*.tbz2=01;31:*.tz=01;31:*.deb=01;31:*.rpm=01;31:*.jar=01;31:*.war=01;31:*.ear=01;31:*.sar=01;31:*.rar=01;31:*.alz=01;31:*.ace=01;31:*.zoo=01;31:*.cpio=01;31:*.7z=01;31:*.rz=01;31:*.cab=01;31:*.wim=01;31:*.swm=01;31:*.dwm=01;31:*.esd=01;31:*.jpg=01;35:*.jpeg=01;35:*.mjpg=01;35:*.mjpeg=01;35:*.gif=01;35:*.bmp=01;35:*.pbm=01;35:*.pgm=01;35:*.ppm=01;35:*.tga=01;35:*.xbm=01;35:*.xpm=01;35:*.tif=01;35:*.tiff=01;35:*.png=01;35:*.svg=01;35:*.svgz=01;35:*.mng=01;35:*.pcx=01;35:*.mov=01;35:*.mpg=01;35:*.mpeg=01;35:*.m2v=01;35:*.mkv=01;35:*.webm=01;35:*.webp=01;35:*.ogm=01;35:*.mp4=01;35:*.m4v=01;35:*.mp4v=01;35:*.vob=01;35:*.qt=01;35:*.nuv=01;35:*.wmv=01;35:*.asf=01;35:*.rm=01;35:*.rmvb=01;35:*.flc=01;35:*.avi=01;35:*.fli=01;35:*.flv=01;35:*.gl=01;35:*.dl=01;35:*.xcf=01;35:*.xwd=01;35:*.yuv=01;35:*.cgm=01;35:*.emf=01;35:*.ogv=01;35:*.ogx=01;35:*.aac=00;36:*.au=00;36:*.flac=00;36:*.m4a=00;36:*.mid=00;36:*.midi=00;36:*.mka=00;36:*.mp3=00;36:*.mpc=00;36:*.ogg=00;36:*.ra=00;36:*.wav=00;36:*.oga=00;36:*.opus=00;36:*.spx=00;36:*.xspf=00;36:'), ('VSCODE_GIT_IPC_HANDLE', '/run/user/1000/vscode-git-094d2c776f.sock'), ('TERM_PROGRAM', 'vscode'), ('AMENT_PREFIX_PATH', '/home/henryshum0/SUAS/install/flight_control:/home/henryshum0/SUAS/install/px4_ros_com:/home/henryshum0/SUAS/install/px4_msgs:/opt/ros/humble'), ('SHELL', '/bin/bash'), ('LESSCLOSE', '/usr/bin/lesspipe %s %s'), ('VSCODE_GIT_ASKPASS_EXTRA_ARGS', ''), ('PWD', '/home/henryshum0/SUAS/build/flight_control'), ('XDG_DATA_DIRS', '/usr/local/share:/usr/share:/var/lib/snapd/desktop'), ('PYTHONPATH', '/home/henryshum0/SUAS/install/px4_ros_com/local/lib/python3.10/dist-packages:/home/henryshum0/SUAS/install/px4_msgs/local/lib/python3.10/dist-packages:/opt/ros/humble/lib/python3.10/site-packages:/opt/ros/humble/local/lib/python3.10/dist-packages'), ('COLCON', '1'), ('WSL2_GUI_APPS_ENABLED', '1'), ('HOSTTYPE', 'x86_64'), ('CMAKE_PREFIX_PATH', '/home/henryshum0/SUAS/install/px4_ros_com:/home/henryshum0/SUAS/install/px4_msgs:/home/henryshum0/SUAS/install/flight_control:/opt/ros/humble'), ('WSLENV', 'ELECTRON_RUN_AS_NODE/w:WT_SESSION:WT_PROFILE_ID:')]), 'shell': False}
[0.083736] (flight_control) StdoutLine: {'line': b'\x1b[35m\x1b[1mConsolidate compiler generated dependencies of target flight_control_lib\x1b[0m\n'}
[0.099813] (-) TimerEvent: {}
[0.100472] (flight_control) StdoutLine: {'line': b'[ 77%] Built target flight_control_lib\n'}
[0.114866] (flight_control) StdoutLine: {'line': b'[ 88%] \x1b[32mBuilding CXX object CMakeFiles/offboard_controller.dir/src/main.cpp.o\x1b[0m\n'}
[0.199922] (-) TimerEvent: {}
[0.300209] (-) TimerEvent: {}
[0.400471] (-) TimerEvent: {}
[0.500735] (-) TimerEvent: {}
[0.601095] (-) TimerEvent: {}
[0.701518] (-) TimerEvent: {}
[0.801790] (-) TimerEvent: {}
[0.902039] (-) TimerEvent: {}
[1.002274] (-) TimerEvent: {}
[1.102539] (-) TimerEvent: {}
[1.202799] (-) TimerEvent: {}
[1.303039] (-) TimerEvent: {}
[1.403273] (-) TimerEvent: {}
[1.503526] (-) TimerEvent: {}
[1.603772] (-) TimerEvent: {}
[1.704030] (-) TimerEvent: {}
[1.804265] (-) TimerEvent: {}
[1.904495] (-) TimerEvent: {}
[1.951184] (flight_control) StderrLine: {'line': b'\x1b[01m\x1b[K/home/henryshum0/SUAS/src/flight_control/src/main.cpp:\x1b[m\x1b[K In function \xe2\x80\x98\x1b[01m\x1b[Kint main(int, char**)\x1b[m\x1b[K\xe2\x80\x99:\n'}
[1.951420] (flight_control) StderrLine: {'line': b'\x1b[01m\x1b[K/home/henryshum0/SUAS/src/flight_control/src/main.cpp:15:51:\x1b[m\x1b[K \x1b[01;31m\x1b[Kerror: \x1b[m\x1b[K\xe2\x80\x98\x1b[01m\x1b[KVehicleState\x1b[m\x1b[K\xe2\x80\x99 was not declared in this scope\n'}
[1.951465] (flight_control) StderrLine: {'line': b'   15 |     auto vehicle_state_storage = std::make_shared<\x1b[01;31m\x1b[KVehicleState\x1b[m\x1b[K>();\n'}
[1.951500] (flight_control) StderrLine: {'line': b'      |                                                   \x1b[01;31m\x1b[K^~~~~~~~~~~~\x1b[m\x1b[K\n'}
[1.951526] (flight_control) StderrLine: {'line': b'\x1b[01m\x1b[K/home/henryshum0/SUAS/src/flight_control/src/main.cpp:15:64:\x1b[m\x1b[K \x1b[01;31m\x1b[Kerror: \x1b[m\x1b[Kno matching function for call to \xe2\x80\x98\x1b[01m\x1b[Kmake_shared<<expression error> >()\x1b[m\x1b[K\xe2\x80\x99\n'}
[1.951556] (flight_control) StderrLine: {'line': b'   15 |     auto vehicle_state_storage = \x1b[01;31m\x1b[Kstd::make_shared<VehicleState>()\x1b[m\x1b[K;\n'}
[1.951580] (flight_control) StderrLine: {'line': b'      |                                  \x1b[01;31m\x1b[K~~~~~~~~~~~~~~~~~~~~~~~~~~~~~~^~\x1b[m\x1b[K\n'}
[1.951603] (flight_control) StderrLine: {'line': b'In file included from \x1b[01m\x1b[K/usr/include/c++/11/memory:77\x1b[m\x1b[K,\n'}
[1.951625] (flight_control) StderrLine: {'line': b'                 from \x1b[01m\x1b[K/opt/ros/humble/include/rclcpp/rclcpp/rclcpp.hpp:153\x1b[m\x1b[K,\n'}
[1.951647] (flight_control) StderrLine: {'line': b'                 from \x1b[01m\x1b[K/home/henryshum0/SUAS/src/flight_control/include/flight_control/control_publishers.hpp:4\x1b[m\x1b[K,\n'}
[1.951669] (flight_control) StderrLine: {'line': b'                 from \x1b[01m\x1b[K/home/henryshum0/SUAS/src/flight_control/src/main.cpp:1\x1b[m\x1b[K:\n'}
[1.951691] (flight_control) StderrLine: {'line': b'\x1b[01m\x1b[K/usr/include/c++/11/bits/shared_ptr.h:875:5:\x1b[m\x1b[K \x1b[01;36m\x1b[Knote: \x1b[m\x1b[Kcandidate: \xe2\x80\x98\x1b[01m\x1b[Ktemplate<class _Tp, class ... _Args> std::shared_ptr<_Tp> std::make_shared(_Args&& ...)\x1b[m\x1b[K\xe2\x80\x99\n'}
[1.951715] (flight_control) StderrLine: {'line': b'  875 |     \x1b[01;36m\x1b[Kmake_shared\x1b[m\x1b[K(_Args&&... __args)\n'}
[1.951738] (flight_control) StderrLine: {'line': b'      |     \x1b[01;36m\x1b[K^~~~~~~~~~~\x1b[m\x1b[K\n'}
[1.951760] (flight_control) StderrLine: {'line': b'\x1b[01m\x1b[K/usr/include/c++/11/bits/shared_ptr.h:875:5:\x1b[m\x1b[K \x1b[01;36m\x1b[Knote: \x1b[m\x1b[K  template argument deduction/substitution failed:\n'}
[1.951783] (flight_control) StderrLine: {'line': b'\x1b[01m\x1b[K/home/henryshum0/SUAS/src/flight_control/src/main.cpp:15:64:\x1b[m\x1b[K \x1b[01;31m\x1b[Kerror: \x1b[m\x1b[Ktemplate argument 1 is invalid\n'}
[1.951806] (flight_control) StderrLine: {'line': b'   15 |     auto vehicle_state_storage = \x1b[01;31m\x1b[Kstd::make_shared<VehicleState>()\x1b[m\x1b[K;\n'}
[1.951829] (flight_control) StderrLine: {'line': b'      |                                  \x1b[01;31m\x1b[K~~~~~~~~~~~~~~~~~~~~~~~~~~~~~~^~\x1b[m\x1b[K\n'}
[1.955153] (flight_control) StderrLine: {'line': b'\x1b[01m\x1b[K/home/henryshum0/SUAS/src/flight_control/src/main.cpp:16:54:\x1b[m\x1b[K \x1b[01;31m\x1b[Kerror: \x1b[m\x1b[K\xe2\x80\x98\x1b[01m\x1b[KExecutorCommand\x1b[m\x1b[K\xe2\x80\x99 was not declared in this scope; did you mean \xe2\x80\x98\x1b[01m\x1b[KExecutorCommandStorage\x1b[m\x1b[K\xe2\x80\x99?\n'}
[1.955283] (flight_control) StderrLine: {'line': b'   16 |     auto executor_command_storage = std::make_shared<\x1b[01;31m\x1b[KExecutorCommand\x1b[m\x1b[K>();\n'}
[1.955318] (flight_control) StderrLine: {'line': b'      |                                                      \x1b[01;31m\x1b[K^~~~~~~~~~~~~~~\x1b[m\x1b[K\n'}
[1.955345] (flight_control) StderrLine: {'line': b'      |                                                      \x1b[32m\x1b[KExecutorCommandStorage\x1b[m\x1b[K\n'}
[1.955373] (flight_control) StderrLine: {'line': b'\x1b[01m\x1b[K/home/henryshum0/SUAS/src/flight_control/src/main.cpp:16:70:\x1b[m\x1b[K \x1b[01;31m\x1b[Kerror: \x1b[m\x1b[Kno matching function for call to \xe2\x80\x98\x1b[01m\x1b[Kmake_shared<<expression error> >()\x1b[m\x1b[K\xe2\x80\x99\n'}
[1.955401] (flight_control) StderrLine: {'line': b'   16 |     auto executor_command_storage = \x1b[01;31m\x1b[Kstd::make_shared<ExecutorCommand>()\x1b[m\x1b[K;\n'}
[1.955425] (flight_control) StderrLine: {'line': b'      |                                     \x1b[01;31m\x1b[K~~~~~~~~~~~~~~~~~~~~~~~~~~~~~~~~~^~\x1b[m\x1b[K\n'}
[1.955450] (flight_control) StderrLine: {'line': b'In file included from \x1b[01m\x1b[K/usr/include/c++/11/memory:77\x1b[m\x1b[K,\n'}
[1.955473] (flight_control) StderrLine: {'line': b'                 from \x1b[01m\x1b[K/opt/ros/humble/include/rclcpp/rclcpp/rclcpp.hpp:153\x1b[m\x1b[K,\n'}
[1.955504] (flight_control) StderrLine: {'line': b'                 from \x1b[01m\x1b[K/home/henryshum0/SUAS/src/flight_control/include/flight_control/control_publishers.hpp:4\x1b[m\x1b[K,\n'}
[1.955531] (flight_control) StderrLine: {'line': b'                 from \x1b[01m\x1b[K/home/henryshum0/SUAS/src/flight_control/src/main.cpp:1\x1b[m\x1b[K:\n'}
[1.955554] (flight_control) StderrLine: {'line': b'\x1b[01m\x1b[K/usr/include/c++/11/bits/shared_ptr.h:875:5:\x1b[m\x1b[K \x1b[01;36m\x1b[Knote: \x1b[m\x1b[Kcandidate: \xe2\x80\x98\x1b[01m\x1b[Ktemplate<class _Tp, class ... _Args> std::shared_ptr<_Tp> std::make_shared(_Args&& ...)\x1b[m\x1b[K\xe2\x80\x99\n'}
[1.955578] (flight_control) StderrLine: {'line': b'  875 |     \x1b[01;36m\x1b[Kmake_shared\x1b[m\x1b[K(_Args&&... __args)\n'}
[1.955602] (flight_control) StderrLine: {'line': b'      |     \x1b[01;36m\x1b[K^~~~~~~~~~~\x1b[m\x1b[K\n'}
[1.955626] (flight_control) StderrLine: {'line': b'\x1b[01m\x1b[K/usr/include/c++/11/bits/shared_ptr.h:875:5:\x1b[m\x1b[K \x1b[01;36m\x1b[Knote: \x1b[m\x1b[K  template argument deduction/substitution failed:\n'}
[1.955650] (flight_control) StderrLine: {'line': b'\x1b[01m\x1b[K/home/henryshum0/SUAS/src/flight_control/src/main.cpp:16:70:\x1b[m\x1b[K \x1b[01;31m\x1b[Kerror: \x1b[m\x1b[Ktemplate argument 1 is invalid\n'}
[1.955674] (flight_control) StderrLine: {'line': b'   16 |     auto executor_command_storage = \x1b[01;31m\x1b[Kstd::make_shared<ExecutorCommand>()\x1b[m\x1b[K;\n'}
[1.955697] (flight_control) StderrLine: {'line': b'      |                                     \x1b[01;31m\x1b[K~~~~~~~~~~~~~~~~~~~~~~~~~~~~~~~~~^~\x1b[m\x1b[K\n'}
[2.004571] (-) TimerEvent: {}
[2.104827] (-) TimerEvent: {}
[2.205084] (-) TimerEvent: {}
[2.244516] (flight_control) StderrLine: {'line': b'gmake[2]: *** [CMakeFiles/offboard_controller.dir/build.make:76: CMakeFiles/offboard_controller.dir/src/main.cpp.o] Error 1\n'}
[2.244672] (flight_control) StderrLine: {'line': b'gmake[1]: *** [CMakeFiles/Makefile2:165: CMakeFiles/offboard_controller.dir/all] Error 2\n'}
[2.244784] (flight_control) StderrLine: {'line': b'gmake: *** [Makefile:146: all] Error 2\n'}
[2.246220] (flight_control) CommandEnded: {'returncode': 2}
[2.253376] (flight_control) JobEnded: {'identifier': 'flight_control', 'rc': 2}
[2.263927] (-) EventReactorShutdown: {}
