[0.071s] Invoking command in '/home/henryshum0/SUAS/build/flight_control': AMENT_PREFIX_PATH=/home/henryshum0/SUAS/install/px4_ros_com:/home/henryshum0/SUAS/install/px4_msgs:${AMENT_PREFIX_PATH} CMAKE_PREFIX_PATH=/home/henryshum0/SUAS/install/px4_ros_com:/home/henryshum0/SUAS/install/px4_msgs:/opt/ros/humble LD_LIBRARY_PATH=/home/henryshum0/SUAS/install/px4_ros_com/lib:/home/henryshum0/SUAS/install/px4_msgs/lib:${LD_LIBRARY_PATH} PYTHONPATH=/home/henryshum0/SUAS/install/px4_ros_com/local/lib/python3.10/dist-packages:/home/henryshum0/SUAS/install/px4_msgs/local/lib/python3.10/dist-packages:${PYTHONPATH} /usr/bin/cmake --build /home/henryshum0/SUAS/build/flight_control -- -j16 -l16
[0.097s] [35m[1mConsolidate compiler generated dependencies of target flight_control_lib[0m
[0.113s] [ 14%] [32mBuilding CXX object CMakeFiles/flight_control_lib.dir/src/offboard_controller.cpp.o[0m
[0.113s] [ 28%] [32mBuilding CXX object CMakeFiles/flight_control_lib.dir/src/flight_mode.cpp.o[0m
[0.114s] [ 42%] [32mBuilding CXX object CMakeFiles/flight_control_lib.dir/src/take_off_mode.cpp.o[0m
[1.677s] In file included from [01m[K/home/henryshum0/SUAS/src/flight_control/src/flight_mode.cpp:1[m[K:
[1.677s] [01m[K/home/henryshum0/SUAS/src/flight_control/include/flight_mode/flight_mode.hpp:9:17:[m[K [01;31m[Kerror: [m[Kâ€˜[01m[Kpx4_msgs[m[Kâ€™ has not been declared
[1.677s]     9 | using namespace [01;31m[Kpx4_msgs[m[K::msg;
[1.677s]       |                 [01;31m[K^~~~~~~~[m[K
[1.677s] [01m[K/home/henryshum0/SUAS/src/flight_control/include/flight_mode/flight_mode.hpp:9:27:[m[K [01;31m[Kerror: [m[Kâ€˜[01m[Kmsg[m[Kâ€™ is not a namespace-name
[1.677s]     9 | using namespace px4_msgs::[01;31m[Kmsg[m[K;
[1.677s]       |                           [01;31m[K^~~[m[K
[1.682s] [01m[K/home/henryshum0/SUAS/src/flight_control/include/flight_mode/flight_mode.hpp:22:36:[m[K [01;31m[Kerror: [m[Kâ€˜[01m[Kflight_control[m[Kâ€™ was not declared in this scope
[1.682s]    22 |         FlightMode(std::shared_ptr<[01;31m[Kflight_control[m[K::OffboardController> offboard_controller, std::string mode_name);
[1.682s]       |                                    [01;31m[K^~~~~~~~~~~~~~[m[K
[1.683s] [01m[K/home/henryshum0/SUAS/src/flight_control/include/flight_mode/flight_mode.hpp:22:70:[m[K [01;31m[Kerror: [m[Ktemplate argument 1 is invalid
[1.683s]    22 |         FlightMode(std::shared_ptr<flight_control::OffboardController[01;31m[K>[m[K offboard_controller, std::string mode_name);
[1.683s]       |                                                                      [01;31m[K^[m[K
[1.684s] [01m[K/home/henryshum0/SUAS/src/flight_control/include/flight_mode/flight_mode.hpp:40:48:[m[K [01;31m[Kerror: [m[Kâ€˜[01m[KVector3f[m[Kâ€™ does not name a type
[1.684s]    40 |         void publish_trajectory_setpoint(const [01;31m[KVector3f[m[K& input, const float yaw = 0.0);
[1.684s]       |                                                [01;31m[K^~~~~~~~[m[K
[1.685s] [01m[K/home/henryshum0/SUAS/src/flight_control/include/flight_mode/flight_mode.hpp:43:9:[m[K [01;31m[Kerror: [m[Kâ€˜[01m[KVector3f[m[Kâ€™ does not name a type
[1.685s]    43 |         [01;31m[KVector3f[m[K get_enu_local();
[1.685s]       |         [01;31m[K^~~~~~~~[m[K
[1.686s] [01m[K/home/henryshum0/SUAS/src/flight_control/include/flight_mode/flight_mode.hpp:44:9:[m[K [01;31m[Kerror: [m[Kâ€˜[01m[KVector3f[m[Kâ€™ does not name a type
[1.686s]    44 |         [01;31m[KVector3f[m[K get_enu_vel();
[1.686s]       |         [01;31m[K^~~~~~~~[m[K
[1.687s] [01m[K/home/henryshum0/SUAS/src/flight_control/include/flight_mode/flight_mode.hpp:45:9:[m[K [01;31m[Kerror: [m[Kâ€˜[01m[KVector3f[m[Kâ€™ does not name a type
[1.687s]    45 |         [01;31m[KVector3f[m[K get_enu_accel();
[1.687s]       |         [01;31m[K^~~~~~~~[m[K
[1.692s] [01m[K/home/henryshum0/SUAS/src/flight_control/include/flight_mode/flight_mode.hpp:54:25:[m[K [01;31m[Kerror: [m[Kâ€˜[01m[Kflight_control[m[Kâ€™ was not declared in this scope
[1.692s]    54 |         std::shared_ptr<[01;31m[Kflight_control[m[K::OffboardController> offboard_controller;
[1.692s]       |                         [01;31m[K^~~~~~~~~~~~~~[m[K
[1.692s] [01m[K/home/henryshum0/SUAS/src/flight_control/include/flight_mode/flight_mode.hpp:54:59:[m[K [01;31m[Kerror: [m[Ktemplate argument 1 is invalid
[1.692s]    54 |         std::shared_ptr<flight_control::OffboardController[01;31m[K>[m[K offboard_controller;
[1.692s]       |                                                           [01;31m[K^[m[K
[1.697s] In file included from [01m[K/home/henryshum0/SUAS/src/flight_control/include/flight_mode/takeoff_mode.hpp:4[m[K,
[1.697s]                  from [01m[K/home/henryshum0/SUAS/src/flight_control/src/take_off_mode.cpp:1[m[K:
[1.697s] [01m[K/home/henryshum0/SUAS/src/flight_control/include/flight_mode/flight_mode.hpp:9:17:[m[K [01;31m[Kerror: [m[Kâ€˜[01m[Kpx4_msgs[m[Kâ€™ has not been declared
[1.697s]     9 | using namespace [01;31m[Kpx4_msgs[m[K::msg;
[1.697s]       |                 [01;31m[K^~~~~~~~[m[K
[1.697s] [01m[K/home/henryshum0/SUAS/src/flight_control/include/flight_mode/flight_mode.hpp:9:27:[m[K [01;31m[Kerror: [m[Kâ€˜[01m[Kmsg[m[Kâ€™ is not a namespace-name
[1.697s]     9 | using namespace px4_msgs::[01;31m[Kmsg[m[K;
[1.697s]       |                           [01;31m[K^~~[m[K
[1.697s] [01m[K/home/henryshum0/SUAS/src/flight_control/src/flight_mode.cpp:5:44:[m[K [01;31m[Kerror: [m[Kâ€˜[01m[Kflight_control[m[Kâ€™ was not declared in this scope
[1.698s]     5 |     FlightMode::FlightMode(std::shared_ptr<[01;31m[Kflight_control[m[K::OffboardController> offboard_controller, std::string mode_name)
[1.698s]       |                                            [01;31m[K^~~~~~~~~~~~~~[m[K
[1.698s] [01m[K/home/henryshum0/SUAS/src/flight_control/src/flight_mode.cpp:5:78:[m[K [01;31m[Kerror: [m[Ktemplate argument 1 is invalid
[1.698s]     5 |     FlightMode::FlightMode(std::shared_ptr<flight_control::OffboardController[01;31m[K>[m[K offboard_controller, std::string mode_name)
[1.698s]       |                                                                              [01;31m[K^[m[K
[1.703s] [01m[K/home/henryshum0/SUAS/src/flight_control/include/flight_mode/flight_mode.hpp:22:36:[m[K [01;31m[Kerror: [m[Kâ€˜[01m[Kflight_control[m[Kâ€™ was not declared in this scope
[1.703s]    22 |         FlightMode(std::shared_ptr<[01;31m[Kflight_control[m[K::OffboardController> offboard_controller, std::string mode_name);
[1.703s]       |                                    [01;31m[K^~~~~~~~~~~~~~[m[K
[1.703s] [01m[K/home/henryshum0/SUAS/src/flight_control/include/flight_mode/flight_mode.hpp:22:70:[m[K [01;31m[Kerror: [m[Ktemplate argument 1 is invalid
[1.703s]    22 |         FlightMode(std::shared_ptr<flight_control::OffboardController[01;31m[K>[m[K offboard_controller, std::string mode_name);
[1.703s]       |                                                                      [01;31m[K^[m[K
[1.704s] [01m[K/home/henryshum0/SUAS/src/flight_control/src/flight_mode.cpp:5:44:[m[K [01;31m[Kerror: [m[Kâ€˜[01m[Kflight_control[m[Kâ€™ was not declared in this scope
[1.704s]     5 |     FlightMode::FlightMode(std::shared_ptr<[01;31m[Kflight_control[m[K::OffboardController> offboard_controller, std::string mode_name)
[1.704s]       |                                            [01;31m[K^~~~~~~~~~~~~~[m[K
[1.704s] [01m[K/home/henryshum0/SUAS/src/flight_control/src/flight_mode.cpp:5:78:[m[K [01;31m[Kerror: [m[Ktemplate argument 1 is invalid
[1.704s]     5 |     FlightMode::FlightMode(std::shared_ptr<flight_control::OffboardController[01;31m[K>[m[K offboard_controller, std::string mode_name)
[1.704s]       |                                                                              [01;31m[K^[m[K
[1.704s] [01m[K/home/henryshum0/SUAS/src/flight_control/include/flight_mode/flight_mode.hpp:40:48:[m[K [01;31m[Kerror: [m[Kâ€˜[01m[KVector3f[m[Kâ€™ does not name a type
[1.704s]    40 |         void publish_trajectory_setpoint(const [01;31m[KVector3f[m[K& input, const float yaw = 0.0);
[1.704s]       |                                                [01;31m[K^~~~~~~~[m[K
[1.705s] [01m[K/home/henryshum0/SUAS/src/flight_control/include/flight_mode/flight_mode.hpp:43:9:[m[K [01;31m[Kerror: [m[Kâ€˜[01m[KVector3f[m[Kâ€™ does not name a type
[1.705s]    43 |         [01;31m[KVector3f[m[K get_enu_local();
[1.705s]       |         [01;31m[K^~~~~~~~[m[K
[1.706s] [01m[K/home/henryshum0/SUAS/src/flight_control/include/flight_mode/flight_mode.hpp:44:9:[m[K [01;31m[Kerror: [m[Kâ€˜[01m[KVector3f[m[Kâ€™ does not name a type
[1.706s]    44 |         [01;31m[KVector3f[m[K get_enu_vel();
[1.706s]       |         [01;31m[K^~~~~~~~[m[K
[1.707s] [01m[K/home/henryshum0/SUAS/src/flight_control/include/flight_mode/flight_mode.hpp:45:9:[m[K [01;31m[Kerror: [m[Kâ€˜[01m[KVector3f[m[Kâ€™ does not name a type
[1.707s]    45 |         [01;31m[KVector3f[m[K get_enu_accel();
[1.707s]       |         [01;31m[K^~~~~~~~[m[K
[1.709s] [01m[K/home/henryshum0/SUAS/src/flight_control/src/flight_mode.cpp:5:44:[m[K [01;31m[Kerror: [m[Kâ€˜[01m[Kflight_control[m[Kâ€™ was not declared in this scope
[1.709s]     5 |     FlightMode::FlightMode(std::shared_ptr<[01;31m[Kflight_control[m[K::OffboardController> offboard_controller, std::string mode_name)
[1.709s]       |                                            [01;31m[K^~~~~~~~~~~~~~[m[K
[1.709s] [01m[K/home/henryshum0/SUAS/src/flight_control/src/flight_mode.cpp:5:78:[m[K [01;31m[Kerror: [m[Ktemplate argument 1 is invalid
[1.709s]     5 |     FlightMode::FlightMode(std::shared_ptr<flight_control::OffboardController[01;31m[K>[m[K offboard_controller, std::string mode_name)
[1.709s]       |                                                                              [01;31m[K^[m[K
[1.709s] [01m[K/home/henryshum0/SUAS/src/flight_control/src/flight_mode.cpp:5:28:[m[K [01;31m[Kerror: [m[Kinvalid template-id
[1.709s]     5 |     FlightMode::FlightMode([01;31m[Kstd[m[K::shared_ptr<flight_control::OffboardController> offboard_controller, std::string mode_name)
[1.710s]       |                            [01;31m[K^~~[m[K
[1.711s] [01m[K/home/henryshum0/SUAS/src/flight_control/include/flight_mode/flight_mode.hpp:54:25:[m[K [01;31m[Kerror: [m[Kâ€˜[01m[Kflight_control[m[Kâ€™ was not declared in this scope
[1.712s]    54 |         std::shared_ptr<[01;31m[Kflight_control[m[K::OffboardController> offboard_controller;
[1.712s]       |                         [01;31m[K^~~~~~~~~~~~~~[m[K
[1.712s] [01m[K/home/henryshum0/SUAS/src/flight_control/include/flight_mode/flight_mode.hpp:54:59:[m[K [01;31m[Kerror: [m[Ktemplate argument 1 is invalid
[1.712s]    54 |         std::shared_ptr<flight_control::OffboardController[01;31m[K>[m[K offboard_controller;
[1.712s]       |                                                           [01;31m[K^[m[K
[1.714s] [01m[K/home/henryshum0/SUAS/src/flight_control/src/flight_mode.cpp:5:44:[m[K [01;31m[Kerror: [m[Kâ€˜[01m[Kflight_control[m[Kâ€™ was not declared in this scope
[1.715s]     5 |     FlightMode::FlightMode(std::shared_ptr<[01;31m[Kflight_control[m[K::OffboardController> offboard_controller, std::string mode_name)
[1.715s]       |                                            [01;31m[K^~~~~~~~~~~~~~[m[K
[1.715s] [01m[K/home/henryshum0/SUAS/src/flight_control/src/flight_mode.cpp:5:27:[m[K [01;31m[Kerror: [m[Kexpected constructor, destructor, or type conversion before â€˜[01m[K([m[Kâ€™ token
[1.715s]     5 |     FlightMode::FlightMode[01;31m[K([m[Kstd::shared_ptr<flight_control::OffboardController> offboard_controller, std::string mode_name)
[1.715s]       |                           [01;31m[K^[m[K
[1.715s] [01m[K/home/henryshum0/SUAS/src/flight_control/src/flight_mode.cpp:[m[K In member function â€˜[01m[Kvoid flight_mode::FlightMode::publish_vehicle_command(uint16_t, float, float)[m[Kâ€™:
[1.715s] [01m[K/home/henryshum0/SUAS/src/flight_control/src/flight_mode.cpp:14:35:[m[K [01;31m[Kerror: [m[Kbase operand of â€˜[01m[K->[m[Kâ€™ is not a pointer
[1.715s]    14 |         this->offboard_controller [01;31m[K->[m[K publish_vehicle_command(command, param1, param2);
[1.715s]       |                                   [01;31m[K^~[m[K
[1.715s] [01m[K/home/henryshum0/SUAS/src/flight_control/src/flight_mode.cpp:[m[K In member function â€˜[01m[Kvoid flight_mode::FlightMode::publish_offboard_mode()[m[Kâ€™:
[1.715s] [01m[K/home/henryshum0/SUAS/src/flight_control/src/flight_mode.cpp:18:35:[m[K [01;31m[Kerror: [m[Kbase operand of â€˜[01m[K->[m[Kâ€™ is not a pointer
[1.715s]    18 |         this->offboard_controller [01;31m[K->[m[K publish_offboard_mode();
[1.716s]       |                                   [01;31m[K^~[m[K
[1.716s] [01m[K/home/henryshum0/SUAS/src/flight_control/src/flight_mode.cpp:[m[K At global scope:
[1.716s] [01m[K/home/henryshum0/SUAS/src/flight_control/src/flight_mode.cpp:20:56:[m[K [01;31m[Kerror: [m[Kâ€˜[01m[KVector3f[m[Kâ€™ does not name a type
[1.716s]    20 |     void FlightMode::publish_trajectory_setpoint(const [01;31m[KVector3f[m[K& input, const float yaw){
[1.716s]       |                                                        [01;31m[K^~~~~~~~[m[K
[1.716s] [01m[K/home/henryshum0/SUAS/src/flight_control/src/flight_mode.cpp:[m[K In member function â€˜[01m[Kvoid flight_mode::FlightMode::publish_trajectory_setpoint(const int&, float)[m[Kâ€™:
[1.716s] [01m[K/home/henryshum0/SUAS/src/flight_control/src/flight_mode.cpp:21:35:[m[K [01;31m[Kerror: [m[Kbase operand of â€˜[01m[K->[m[Kâ€™ is not a pointer
[1.716s]    21 |         this->offboard_controller [01;31m[K->[m[K publish_trajectory_setpoint(input, yaw);
[1.716s]       |                                   [01;31m[K^~[m[K
[1.717s] [01m[K/home/henryshum0/SUAS/src/flight_control/src/flight_mode.cpp:[m[K At global scope:
[1.717s] [01m[K/home/henryshum0/SUAS/src/flight_control/src/flight_mode.cpp:25:5:[m[K [01;31m[Kerror: [m[Kâ€˜[01m[KVector3f[m[Kâ€™ does not name a type
[1.717s]    25 |     [01;31m[KVector3f[m[K FlightMode::get_enu_local()
[1.717s]       |     [01;31m[K^~~~~~~~[m[K
[1.717s] In file included from [01m[K/home/henryshum0/SUAS/src/flight_control/src/take_off_mode.cpp:1[m[K:
[1.717s] [01m[K/home/henryshum0/SUAS/src/flight_control/include/flight_mode/takeoff_mode.hpp:11:37:[m[K [01;31m[Kerror: [m[Kâ€˜[01m[Kflight_control[m[Kâ€™ was not declared in this scope
[1.717s]    11 |         TakeoffMode(std::shared_ptr<[01;31m[Kflight_control[m[K::OffboardController> offboard_controller, float takeoff_height);
[1.717s]       |                                     [01;31m[K^~~~~~~~~~~~~~[m[K
[1.717s] [01m[K/home/henryshum0/SUAS/src/flight_control/include/flight_mode/takeoff_mode.hpp:11:71:[m[K [01;31m[Kerror: [m[Ktemplate argument 1 is invalid
[1.717s]    11 |         TakeoffMode(std::shared_ptr<flight_control::OffboardController[01;31m[K>[m[K offboard_controller, float takeoff_height);
[1.717s]       |                                                                       [01;31m[K^[m[K
[1.717s] [01m[K/home/henryshum0/SUAS/src/flight_control/src/flight_mode.cpp:29:5:[m[K [01;31m[Kerror: [m[Kâ€˜[01m[KVector3f[m[Kâ€™ does not name a type
[1.717s]    29 |     [01;31m[KVector3f[m[K FlightMode::get_enu_vel()
[1.717s]       |     [01;31m[K^~~~~~~~[m[K
[1.718s] [01m[K/home/henryshum0/SUAS/src/flight_control/include/flight_mode/takeoff_mode.hpp:17:9:[m[K [01;31m[Kerror: [m[Kâ€˜[01m[KVector3f[m[Kâ€™ does not name a type
[1.718s]    17 |         [01;31m[KVector3f[m[K target_pos;
[1.718s]       |         [01;31m[K^~~~~~~~[m[K
[1.718s] [01m[K/home/henryshum0/SUAS/src/flight_control/src/flight_mode.cpp:33:5:[m[K [01;31m[Kerror: [m[Kâ€˜[01m[KVector3f[m[Kâ€™ does not name a type
[1.718s]    33 |     [01;31m[KVector3f[m[K FlightMode::get_enu_accel()
[1.718s]       |     [01;31m[K^~~~~~~~[m[K
[1.718s] [01m[K/home/henryshum0/SUAS/src/flight_control/src/flight_mode.cpp:[m[K In member function â€˜[01m[Kbool flight_mode::FlightMode::get_armed()[m[Kâ€™:
[1.718s] [01m[K/home/henryshum0/SUAS/src/flight_control/src/flight_mode.cpp:39:41:[m[K [01;31m[Kerror: [m[Kbase operand of â€˜[01m[K->[m[Kâ€™ is not a pointer
[1.718s]    39 |         return this->offboard_controller[01;31m[K->[m[Kget_is_armed();
[1.718s]       |                                         [01;31m[K^~[m[K
[1.718s] [01m[K/home/henryshum0/SUAS/src/flight_control/src/flight_mode.cpp:[m[K In member function â€˜[01m[Kvoid flight_mode::FlightMode::set_trajectory_mode(flight_mode::OffboardTrajectoryControlModeEnum)[m[Kâ€™:
[1.718s] [01m[K/home/henryshum0/SUAS/src/flight_control/src/flight_mode.cpp:45:37:[m[K [01;31m[Kerror: [m[Kbase operand of â€˜[01m[K->[m[Kâ€™ is not a pointer
[1.718s]    45 |         this -> offboard_controller [01;31m[K->[m[Kset_trajectory_mode(mode);
[1.718s]       |                                     [01;31m[K^~[m[K
[1.718s] [01m[K/home/henryshum0/SUAS/src/flight_control/src/flight_mode.cpp:[m[K In member function â€˜[01m[Kvoid flight_mode::FlightMode::set_is_complete(bool)[m[Kâ€™:
[1.718s] [01m[K/home/henryshum0/SUAS/src/flight_control/src/flight_mode.cpp:49:37:[m[K [01;31m[Kerror: [m[Kbase operand of â€˜[01m[K->[m[Kâ€™ is not a pointer
[1.718s]    49 |         this -> offboard_controller [01;31m[K->[m[Kset_mode_complete(is_not);
[1.718s]       |                                     [01;31m[K^~[m[K
[1.723s] [01m[K/home/henryshum0/SUAS/src/flight_control/src/take_off_mode.cpp:5:46:[m[K [01;31m[Kerror: [m[Kâ€˜[01m[Kflight_control[m[Kâ€™ was not declared in this scope
[1.723s]     5 |     TakeoffMode::TakeoffMode(std::shared_ptr<[01;31m[Kflight_control[m[K::OffboardController> offboard_controller, float takeoff_height)
[1.723s]       |                                              [01;31m[K^~~~~~~~~~~~~~[m[K
[1.723s] [01m[K/home/henryshum0/SUAS/src/flight_control/src/take_off_mode.cpp:5:80:[m[K [01;31m[Kerror: [m[Ktemplate argument 1 is invalid
[1.723s]     5 |     TakeoffMode::TakeoffMode(std::shared_ptr<flight_control::OffboardController[01;31m[K>[m[K offboard_controller, float takeoff_height)
[1.723s]       |                                                                                [01;31m[K^[m[K
[1.728s] [01m[K/home/henryshum0/SUAS/src/flight_control/src/take_off_mode.cpp:5:46:[m[K [01;31m[Kerror: [m[Kâ€˜[01m[Kflight_control[m[Kâ€™ was not declared in this scope
[1.728s]     5 |     TakeoffMode::TakeoffMode(std::shared_ptr<[01;31m[Kflight_control[m[K::OffboardController> offboard_controller, float takeoff_height)
[1.728s]       |                                              [01;31m[K^~~~~~~~~~~~~~[m[K
[1.728s] [01m[K/home/henryshum0/SUAS/src/flight_control/src/take_off_mode.cpp:5:80:[m[K [01;31m[Kerror: [m[Ktemplate argument 1 is invalid
[1.728s]     5 |     TakeoffMode::TakeoffMode(std::shared_ptr<flight_control::OffboardController[01;31m[K>[m[K offboard_controller, float takeoff_height)
[1.728s]       |                                                                                [01;31m[K^[m[K
[1.733s] [01m[K/home/henryshum0/SUAS/src/flight_control/src/take_off_mode.cpp:5:46:[m[K [01;31m[Kerror: [m[Kâ€˜[01m[Kflight_control[m[Kâ€™ was not declared in this scope
[1.733s]     5 |     TakeoffMode::TakeoffMode(std::shared_ptr<[01;31m[Kflight_control[m[K::OffboardController> offboard_controller, float takeoff_height)
[1.733s]       |                                              [01;31m[K^~~~~~~~~~~~~~[m[K
[1.733s] [01m[K/home/henryshum0/SUAS/src/flight_control/src/take_off_mode.cpp:5:80:[m[K [01;31m[Kerror: [m[Ktemplate argument 1 is invalid
[1.733s]     5 |     TakeoffMode::TakeoffMode(std::shared_ptr<flight_control::OffboardController[01;31m[K>[m[K offboard_controller, float takeoff_height)
[1.733s]       |                                                                                [01;31m[K^[m[K
[1.733s] [01m[K/home/henryshum0/SUAS/src/flight_control/src/take_off_mode.cpp:5:30:[m[K [01;31m[Kerror: [m[Kinvalid template-id
[1.733s]     5 |     TakeoffMode::TakeoffMode([01;31m[Kstd[m[K::shared_ptr<flight_control::OffboardController> offboard_controller, float takeoff_height)
[1.733s]       |                              [01;31m[K^~~[m[K
[1.738s] [01m[K/home/henryshum0/SUAS/src/flight_control/src/take_off_mode.cpp:5:46:[m[K [01;31m[Kerror: [m[Kâ€˜[01m[Kflight_control[m[Kâ€™ was not declared in this scope
[1.738s]     5 |     TakeoffMode::TakeoffMode(std::shared_ptr<[01;31m[Kflight_control[m[K::OffboardController> offboard_controller, float takeoff_height)
[1.738s]       |                                              [01;31m[K^~~~~~~~~~~~~~[m[K
[1.738s] [01m[K/home/henryshum0/SUAS/src/flight_control/src/take_off_mode.cpp:5:29:[m[K [01;31m[Kerror: [m[Kexpected constructor, destructor, or type conversion before â€˜[01m[K([m[Kâ€™ token
[1.738s]     5 |     TakeoffMode::TakeoffMode[01;31m[K([m[Kstd::shared_ptr<flight_control::OffboardController> offboard_controller, float takeoff_height)
[1.738s]       |                             [01;31m[K^[m[K
[1.738s] [01m[K/home/henryshum0/SUAS/src/flight_control/src/take_off_mode.cpp:[m[K In member function â€˜[01m[Kvoid flight_mode::TakeoffMode::execute_mode()[m[Kâ€™:
[1.738s] [01m[K/home/henryshum0/SUAS/src/flight_control/src/take_off_mode.cpp:20:45:[m[K [01;31m[Kerror: [m[Kâ€˜[01m[KVehicleCommand[m[Kâ€™ has not been declared
[1.738s]    20 |             this -> publish_vehicle_command([01;31m[KVehicleCommand[m[K::VEHICLE_CMD_COMPONENT_ARM_DISARM, 1.0);
[1.738s]       |                                             [01;31m[K^~~~~~~~~~~~~~[m[K
[1.739s] [01m[K/home/henryshum0/SUAS/src/flight_control/src/take_off_mode.cpp:24:19:[m[K [01;31m[Kerror: [m[Kâ€˜[01m[KVector3f[m[Kâ€™ does not name a type
[1.739s]    24 |             const [01;31m[KVector3f[m[K pos = this->get_enu_local();
[1.739s]       |                   [01;31m[K^~~~~~~~[m[K
[1.742s] [01m[K/home/henryshum0/SUAS/src/flight_control/src/take_off_mode.cpp:25:33:[m[K [01;31m[Kerror: [m[Kâ€˜[01m[Kpos[m[Kâ€™ was not declared in this scope; did you mean â€˜[01m[Kpow[m[Kâ€™?
[1.742s]    25 |             const float rmsd = ([01;31m[Kpos[m[K - this->target_pos).norm();
[1.742s]       |                                 [01;31m[K^~~[m[K
[1.742s]       |                                 [32m[Kpow[m[K
[1.742s] [01m[K/home/henryshum0/SUAS/src/flight_control/src/take_off_mode.cpp:25:45:[m[K [01;31m[Kerror: [m[Kâ€˜[01m[Kclass flight_mode::TakeoffMode[m[Kâ€™ has no member named â€˜[01m[Ktarget_pos[m[Kâ€™
[1.742s]    25 |             const float rmsd = (pos - this->[01;31m[Ktarget_pos[m[K).norm();
[1.742s]       |                                             [01;31m[K^~~~~~~~~~[m[K
[1.742s] [01m[K/home/henryshum0/SUAS/src/flight_control/src/take_off_mode.cpp:30:53:[m[K [01;31m[Kerror: [m[Kâ€˜[01m[Kclass flight_mode::TakeoffMode[m[Kâ€™ has no member named â€˜[01m[Ktarget_pos[m[Kâ€™
[1.742s]    30 |             this->publish_trajectory_setpoint(this->[01;31m[Ktarget_pos[m[K);
[1.742s]       |                                                     [01;31m[K^~~~~~~~~~[m[K
[2.032s] gmake[2]: *** [CMakeFiles/flight_control_lib.dir/build.make:90: CMakeFiles/flight_control_lib.dir/src/flight_mode.cpp.o] Error 1
[2.032s] gmake[2]: *** Waiting for unfinished jobs....
[2.055s] gmake[2]: *** [CMakeFiles/flight_control_lib.dir/build.make:104: CMakeFiles/flight_control_lib.dir/src/take_off_mode.cpp.o] Error 1
[2.074s] In file included from [01m[K/home/henryshum0/SUAS/src/flight_control/include/flight_mode/takeoff_mode.hpp:4[m[K,
[2.074s]                  from [01m[K/home/henryshum0/SUAS/src/flight_control/include/flight_control/offboard_controller.hpp:21[m[K,
[2.074s]                  from [01m[K/home/henryshum0/SUAS/src/flight_control/src/offboard_controller.cpp:1[m[K:
[2.074s] [01m[K/home/henryshum0/SUAS/src/flight_control/include/flight_mode/flight_mode.hpp:22:36:[m[K [01;31m[Kerror: [m[Kâ€˜[01m[Kflight_control[m[Kâ€™ was not declared in this scope
[2.074s]    22 |         FlightMode(std::shared_ptr<[01;31m[Kflight_control[m[K::OffboardController> offboard_controller, std::string mode_name);
[2.074s]       |                                    [01;31m[K^~~~~~~~~~~~~~[m[K
[2.074s] [01m[K/home/henryshum0/SUAS/src/flight_control/include/flight_mode/flight_mode.hpp:22:70:[m[K [01;31m[Kerror: [m[Ktemplate argument 1 is invalid
[2.074s]    22 |         FlightMode(std::shared_ptr<flight_control::OffboardController[01;31m[K>[m[K offboard_controller, std::string mode_name);
[2.074s]       |                                                                      [01;31m[K^[m[K
[2.075s] [01m[K/home/henryshum0/SUAS/src/flight_control/include/flight_mode/flight_mode.hpp:40:48:[m[K [01;31m[Kerror: [m[Kâ€˜[01m[KVector3f[m[Kâ€™ does not name a type
[2.075s]    40 |         void publish_trajectory_setpoint(const [01;31m[KVector3f[m[K& input, const float yaw = 0.0);
[2.076s]       |                                                [01;31m[K^~~~~~~~[m[K
[2.077s] [01m[K/home/henryshum0/SUAS/src/flight_control/include/flight_mode/flight_mode.hpp:43:9:[m[K [01;31m[Kerror: [m[Kâ€˜[01m[KVector3f[m[Kâ€™ does not name a type
[2.077s]    43 |         [01;31m[KVector3f[m[K get_enu_local();
[2.078s]       |         [01;31m[K^~~~~~~~[m[K
[2.079s] [01m[K/home/henryshum0/SUAS/src/flight_control/include/flight_mode/flight_mode.hpp:44:9:[m[K [01;31m[Kerror: [m[Kâ€˜[01m[KVector3f[m[Kâ€™ does not name a type
[2.079s]    44 |         [01;31m[KVector3f[m[K get_enu_vel();
[2.079s]       |         [01;31m[K^~~~~~~~[m[K
[2.080s] [01m[K/home/henryshum0/SUAS/src/flight_control/include/flight_mode/flight_mode.hpp:45:9:[m[K [01;31m[Kerror: [m[Kâ€˜[01m[KVector3f[m[Kâ€™ does not name a type
[2.080s]    45 |         [01;31m[KVector3f[m[K get_enu_accel();
[2.080s]       |         [01;31m[K^~~~~~~~[m[K
[2.087s] [01m[K/home/henryshum0/SUAS/src/flight_control/include/flight_mode/flight_mode.hpp:54:25:[m[K [01;31m[Kerror: [m[Kâ€˜[01m[Kflight_control[m[Kâ€™ was not declared in this scope
[2.087s]    54 |         std::shared_ptr<[01;31m[Kflight_control[m[K::OffboardController> offboard_controller;
[2.087s]       |                         [01;31m[K^~~~~~~~~~~~~~[m[K
[2.087s] [01m[K/home/henryshum0/SUAS/src/flight_control/include/flight_mode/flight_mode.hpp:54:59:[m[K [01;31m[Kerror: [m[Ktemplate argument 1 is invalid
[2.087s]    54 |         std::shared_ptr<flight_control::OffboardController[01;31m[K>[m[K offboard_controller;
[2.088s]       |                                                           [01;31m[K^[m[K
[2.095s] In file included from [01m[K/home/henryshum0/SUAS/src/flight_control/include/flight_control/offboard_controller.hpp:21[m[K,
[2.095s]                  from [01m[K/home/henryshum0/SUAS/src/flight_control/src/offboard_controller.cpp:1[m[K:
[2.095s] [01m[K/home/henryshum0/SUAS/src/flight_control/include/flight_mode/takeoff_mode.hpp:11:37:[m[K [01;31m[Kerror: [m[Kâ€˜[01m[Kflight_control[m[Kâ€™ was not declared in this scope
[2.095s]    11 |         TakeoffMode(std::shared_ptr<[01;31m[Kflight_control[m[K::OffboardController> offboard_controller, float takeoff_height);
[2.095s]       |                                     [01;31m[K^~~~~~~~~~~~~~[m[K
[2.095s] [01m[K/home/henryshum0/SUAS/src/flight_control/include/flight_mode/takeoff_mode.hpp:11:71:[m[K [01;31m[Kerror: [m[Ktemplate argument 1 is invalid
[2.095s]    11 |         TakeoffMode(std::shared_ptr<flight_control::OffboardController[01;31m[K>[m[K offboard_controller, float takeoff_height);
[2.095s]       |                                                                       [01;31m[K^[m[K
[2.097s] [01m[K/home/henryshum0/SUAS/src/flight_control/include/flight_mode/takeoff_mode.hpp:17:9:[m[K [01;31m[Kerror: [m[Kâ€˜[01m[KVector3f[m[Kâ€™ does not name a type
[2.097s]    17 |         [01;31m[KVector3f[m[K target_pos;
[2.097s]       |         [01;31m[K^~~~~~~~[m[K
[2.453s] [01m[K/home/henryshum0/SUAS/src/flight_control/src/offboard_controller.cpp:[m[K In member function â€˜[01m[Kvoid flight_control::OffboardController::execute()[m[Kâ€™:
[2.453s] [01m[K/home/henryshum0/SUAS/src/flight_control/src/offboard_controller.cpp:47:110:[m[K [01;31m[Kerror: [m[Kno matching function for call to â€˜[01m[Kflight_mode::TakeoffMode::TakeoffMode(std::shared_ptr<flight_control::OffboardController>&, float)[m[Kâ€™
[2.453s]    47 |             auto take_off = std::unique_ptr<flight_mode::TakeoffMode>(new flight_mode::TakeoffMode(self, 5.0f[01;31m[K)[m[K);
[2.453s]       |                                                                                                              [01;31m[K^[m[K
[2.454s] In file included from [01m[K/home/henryshum0/SUAS/src/flight_control/include/flight_control/offboard_controller.hpp:21[m[K,
[2.454s]                  from [01m[K/home/henryshum0/SUAS/src/flight_control/src/offboard_controller.cpp:1[m[K:
[2.454s] [01m[K/home/henryshum0/SUAS/src/flight_control/include/flight_mode/takeoff_mode.hpp:11:9:[m[K [01;36m[Knote: [m[Kcandidate: â€˜[01m[Kflight_mode::TakeoffMode::TakeoffMode(int, float)[m[Kâ€™
[2.454s]    11 |         [01;36m[KTakeoffMode[m[K(std::shared_ptr<flight_control::OffboardController> offboard_controller, float takeoff_height);
[2.454s]       |         [01;36m[K^~~~~~~~~~~[m[K
[2.454s] [01m[K/home/henryshum0/SUAS/src/flight_control/include/flight_mode/takeoff_mode.hpp:11:73:[m[K [01;36m[Knote: [m[K  no known conversion for argument 1 from â€˜[01m[Kstd::shared_ptr<flight_control::OffboardController>[m[Kâ€™ to â€˜[01m[Kint[m[Kâ€™
[2.454s]    11 |         TakeoffMode([01;36m[Kstd::shared_ptr<flight_control::OffboardController> offboard_controller[m[K, float takeoff_height);
[2.454s]       |                     [01;36m[K~~~~~~~~~~~~~~~~~~~~~~~~~~~~~~~~~~~~~~~~~~~~~~~~~~~~^~~~~~~~~~~~~~~~~~~[m[K
[2.454s] [01m[K/home/henryshum0/SUAS/src/flight_control/include/flight_mode/takeoff_mode.hpp:8:11:[m[K [01;36m[Knote: [m[Kcandidate: â€˜[01m[Kflight_mode::TakeoffMode::TakeoffMode(const flight_mode::TakeoffMode&)[m[Kâ€™
[2.454s]     8 |     class [01;36m[KTakeoffMode[m[K : public FlightMode
[2.454s]       |           [01;36m[K^~~~~~~~~~~[m[K
[2.454s] [01m[K/home/henryshum0/SUAS/src/flight_control/include/flight_mode/takeoff_mode.hpp:8:11:[m[K [01;36m[Knote: [m[K  candidate expects 1 argument, 2 provided
[2.454s] [01m[K/home/henryshum0/SUAS/src/flight_control/include/flight_mode/takeoff_mode.hpp:8:11:[m[K [01;36m[Knote: [m[Kcandidate: â€˜[01m[Kflight_mode::TakeoffMode::TakeoffMode(flight_mode::TakeoffMode&&)[m[Kâ€™
[2.454s] [01m[K/home/henryshum0/SUAS/src/flight_control/include/flight_mode/takeoff_mode.hpp:8:11:[m[K [01;36m[Knote: [m[K  candidate expects 1 argument, 2 provided
[5.470s] gmake[2]: *** [CMakeFiles/flight_control_lib.dir/build.make:76: CMakeFiles/flight_control_lib.dir/src/offboard_controller.cpp.o] Error 1
[5.470s] gmake[1]: *** [CMakeFiles/Makefile2:139: CMakeFiles/flight_control_lib.dir/all] Error 2
[5.470s] gmake: *** [Makefile:146: all] Error 2
[5.472s] Invoked command in '/home/henryshum0/SUAS/build/flight_control' returned '2': AMENT_PREFIX_PATH=/home/henryshum0/SUAS/install/px4_ros_com:/home/henryshum0/SUAS/install/px4_msgs:${AMENT_PREFIX_PATH} CMAKE_PREFIX_PATH=/home/henryshum0/SUAS/install/px4_ros_com:/home/henryshum0/SUAS/install/px4_msgs:/opt/ros/humble LD_LIBRARY_PATH=/home/henryshum0/SUAS/install/px4_ros_com/lib:/home/henryshum0/SUAS/install/px4_msgs/lib:${LD_LIBRARY_PATH} PYTHONPATH=/home/henryshum0/SUAS/install/px4_ros_com/local/lib/python3.10/dist-packages:/home/henryshum0/SUAS/install/px4_msgs/local/lib/python3.10/dist-packages:${PYTHONPATH} /usr/bin/cmake --build /home/henryshum0/SUAS/build/flight_control -- -j16 -l16
