[0.040s] Invoking command in '/home/henryshum0/SUAS/build/px4_ros_com': CMAKE_PREFIX_PATH=/home/henryshum0/SUAS/install/px4_msgs:/home/henryshum0/SUAS/install/flight_control:/home/henryshum0/SUAS/install/px4_ros_com:/opt/ros/humble LD_LIBRARY_PATH=/home/henryshum0/SUAS/install/px4_msgs/lib:/home/henryshum0/SUAS/install/flight_control/lib:/home/henryshum0/SUAS/install/px4_ros_com/lib:/opt/ros/humble/opt/rviz_ogre_vendor/lib:/opt/ros/humble/lib/x86_64-linux-gnu:/opt/ros/humble/lib /usr/bin/cmake --build /home/henryshum0/SUAS/build/px4_ros_com -- -j16 -l16
[0.065s] [35m[1mConsolidate compiler generated dependencies of target sensor_combined_listener[0m
[0.072s] [ 28%] Built target frame_transforms
[0.072s] [ 28%] Built target debug_vect_advertiser
[0.072s] [ 42%] Built target vehicle_status
[0.073s] [ 57%] Built target offboard_control
[0.075s] [ 71%] Built target offboard_control_srv
[0.076s] [ 85%] Built target vehicle_gps_position_listener
[0.076s] [ 78%] Built target ament_cmake_python_copy_px4_ros_com
[0.076s] [ 92%] [32mBuilding CXX object CMakeFiles/sensor_combined_listener.dir/src/examples/listeners/sensor_combined_listener.cpp.o[0m
[0.197s] [01m[K/home/henryshum0/SUAS/src/px4_ros_com/src/examples/listeners/sensor_combined_listener.cpp:45:10:[m[K [01;31m[Kfatal error: [m[Kconio.h: No such file or directory
[0.197s]    45 | #include [01;31m[K<conio.h>[m[K
[0.197s]       |          [01;31m[K^~~~~~~~~[m[K
[0.197s] compilation terminated.
[0.199s] gmake[2]: *** [CMakeFiles/sensor_combined_listener.dir/build.make:76: CMakeFiles/sensor_combined_listener.dir/src/examples/listeners/sensor_combined_listener.cpp.o] Error 1
[0.199s] gmake[1]: *** [CMakeFiles/Makefile2:178: CMakeFiles/sensor_combined_listener.dir/all] Error 2
[0.199s] gmake[1]: *** Waiting for unfinished jobs....
[0.226s] running egg_info
[0.227s] writing px4_ros_com.egg-info/PKG-INFO
[0.227s] writing dependency_links to px4_ros_com.egg-info/dependency_links.txt
[0.227s] writing top-level names to px4_ros_com.egg-info/top_level.txt
[0.229s] reading manifest file 'px4_ros_com.egg-info/SOURCES.txt'
[0.229s] writing manifest file 'px4_ros_com.egg-info/SOURCES.txt'
[0.248s] [ 92%] Built target ament_cmake_python_build_px4_ros_com_egg
[0.248s] gmake: *** [Makefile:146: all] Error 2
[0.250s] Invoked command in '/home/henryshum0/SUAS/build/px4_ros_com' returned '2': CMAKE_PREFIX_PATH=/home/henryshum0/SUAS/install/px4_msgs:/home/henryshum0/SUAS/install/flight_control:/home/henryshum0/SUAS/install/px4_ros_com:/opt/ros/humble LD_LIBRARY_PATH=/home/henryshum0/SUAS/install/px4_msgs/lib:/home/henryshum0/SUAS/install/flight_control/lib:/home/henryshum0/SUAS/install/px4_ros_com/lib:/opt/ros/humble/opt/rviz_ogre_vendor/lib:/opt/ros/humble/lib/x86_64-linux-gnu:/opt/ros/humble/lib /usr/bin/cmake --build /home/henryshum0/SUAS/build/px4_ros_com -- -j16 -l16
