-- Found ament_cmake: 1.3.11 (/opt/ros/humble/share/ament_cmake/cmake)
-- Found rclcpp: 16.0.11 (/opt/ros/humble/share/rclcpp/cmake)
-- Found rosidl_generator_c: 3.1.6 (/opt/ros/humble/share/rosidl_generator_c/cmake)
-- Found rosidl_adapter: 3.1.6 (/opt/ros/humble/share/rosidl_adapter/cmake)
-- Found rosidl_generator_cpp: 3.1.6 (/opt/ros/humble/share/rosidl_generator_cpp/cmake)
-- Using all available rosidl_typesupport_c: rosidl_typesupport_fastrtps_c;rosidl_typesupport_introspection_c
-- Using all available rosidl_typesupport_cpp: rosidl_typesupport_fastrtps_cpp;rosidl_typesupport_introspection_cpp
-- Found rmw_implementation_cmake: 6.1.2 (/opt/ros/humble/share/rmw_implementation_cmake/cmake)
-- Found rmw_fastrtps_cpp: 6.2.7 (/opt/ros/humble/share/rmw_fastrtps_cpp/cmake)
-- Using RMW implementation 'rmw_fastrtps_cpp' as default
-- Found ament_lint_auto: 0.12.11 (/opt/ros/humble/share/ament_lint_auto/cmake)
-- Added test 'cppcheck' to perform static code analysis on C / C++ code
-- Configured cppcheck include dirs: /home/henryshum0/SUAS/src/flight_control/include;$<BUILD_INTERFACE:/home/henryshum0/SUAS/src/flight_control/include/flight_control>
-- Configured cppcheck exclude dirs and/or files: 
-- Added test 'lint_cmake' to check CMake code style
-- Added test 'uncrustify' to check C / C++ code style
-- Configured uncrustify additional arguments: 
-- Added test 'xmllint' to check XML markup files
-- Configuring done
-- Generating done
-- Build files have been written to: /home/henryshum0/SUAS/build/flight_control
[ 50%] [32mBuilding CXX object CMakeFiles/frame_convertion.dir/src/lib/frame_convertion.cpp.o[0m
[ 50%] [32mBuilding CXX object CMakeFiles/test_functions.dir/src/test.cpp.o[0m
[ 75%] [32m[1mLinking CXX executable test_functions[0m
/usr/bin/ld: CMakeFiles/test_functions.dir/src/test.cpp.o: in function `main':
test.cpp:(.text+0xe2): undefined reference to `flight_control::frame_convertion::enu_ned_convert(Eigen::Matrix<float, 3, 1, 0, 3, 1>)'
/usr/bin/ld: test.cpp:(.text+0x108): undefined reference to `flight_control::frame_convertion::enu_ned_convert(Eigen::Matrix<float, 3, 1, 0, 3, 1>)'
/usr/bin/ld: test.cpp:(.text+0x12e): undefined reference to `flight_control::frame_convertion::enu_ned_convert(Eigen::Matrix<float, 3, 1, 0, 3, 1>)'
collect2: error: ld returned 1 exit status
gmake[2]: *** [CMakeFiles/test_functions.dir/build.make:97: test_functions] Error 1
gmake[1]: *** [CMakeFiles/Makefile2:165: CMakeFiles/test_functions.dir/all] Error 2
gmake[1]: *** Waiting for unfinished jobs....
[100%] [32m[1mLinking CXX shared library libframe_convertion.so[0m
[100%] Built target frame_convertion
gmake: *** [Makefile:146: all] Error 2
