[0.011s] Invoking command in '/home/henryshum0/SUAS/build/flight_control': CMAKE_PREFIX_PATH=/opt/ros/humble /usr/bin/cmake /home/henryshum0/SUAS/src/flight_control -DCMAKE_INSTALL_PREFIX=/home/henryshum0/SUAS/install/flight_control
[0.017s] -- Found ament_cmake: 1.3.11 (/opt/ros/humble/share/ament_cmake/cmake)
[0.104s] -- Found rclcpp: 16.0.11 (/opt/ros/humble/share/rclcpp/cmake)
[0.193s] -- Found rosidl_generator_c: 3.1.6 (/opt/ros/humble/share/rosidl_generator_c/cmake)
[0.194s] -- Found rosidl_adapter: 3.1.6 (/opt/ros/humble/share/rosidl_adapter/cmake)
[0.199s] -- Found rosidl_generator_cpp: 3.1.6 (/opt/ros/humble/share/rosidl_generator_cpp/cmake)
[0.204s] -- Using all available rosidl_typesupport_c: rosidl_typesupport_fastrtps_c;rosidl_typesupport_introspection_c
[0.211s] -- Using all available rosidl_typesupport_cpp: rosidl_typesupport_fastrtps_cpp;rosidl_typesupport_introspection_cpp
[0.236s] -- Found rmw_implementation_cmake: 6.1.2 (/opt/ros/humble/share/rmw_implementation_cmake/cmake)
[0.237s] -- Found rmw_fastrtps_cpp: 6.2.7 (/opt/ros/humble/share/rmw_fastrtps_cpp/cmake)
[3.053s] -- Using RMW implementation 'rmw_fastrtps_cpp' as default
[3.085s] -- Found ament_lint_auto: 0.12.11 (/opt/ros/humble/share/ament_lint_auto/cmake)
[3.139s] -- Added test 'cppcheck' to perform static code analysis on C / C++ code
[3.139s] -- Configured cppcheck include dirs: /home/henryshum0/SUAS/src/flight_control/include;$<BUILD_INTERFACE:/home/henryshum0/SUAS/src/flight_control/include/flight_control>
[3.139s] -- Configured cppcheck exclude dirs and/or files: 
[3.140s] -- Added test 'lint_cmake' to check CMake code style
[3.141s] -- Added test 'uncrustify' to check C / C++ code style
[3.141s] -- Configured uncrustify additional arguments: 
[3.142s] -- Added test 'xmllint' to check XML markup files
[3.143s] -- Configuring done
[3.150s] -- Generating done
[3.154s] -- Build files have been written to: /home/henryshum0/SUAS/build/flight_control
[3.161s] Invoked command in '/home/henryshum0/SUAS/build/flight_control' returned '0': CMAKE_PREFIX_PATH=/opt/ros/humble /usr/bin/cmake /home/henryshum0/SUAS/src/flight_control -DCMAKE_INSTALL_PREFIX=/home/henryshum0/SUAS/install/flight_control
[3.162s] Invoking command in '/home/henryshum0/SUAS/build/flight_control': CMAKE_PREFIX_PATH=/opt/ros/humble /usr/bin/cmake --build /home/henryshum0/SUAS/build/flight_control -- -j16 -l16
[3.191s] [ 50%] [32mBuilding CXX object CMakeFiles/frame_convertion.dir/src/lib/frame_convertion.cpp.o[0m
[3.191s] [ 50%] [32mBuilding CXX object CMakeFiles/test_functions.dir/src/test.cpp.o[0m
[3.951s] [ 75%] [32m[1mLinking CXX executable test_functions[0m
[4.018s] /usr/bin/ld: CMakeFiles/test_functions.dir/src/test.cpp.o: in function `main':
[4.019s] test.cpp:(.text+0xe2): undefined reference to `flight_control::frame_convertion::enu_ned_convert(Eigen::Matrix<float, 3, 1, 0, 3, 1>)'
[4.019s] /usr/bin/ld: test.cpp:(.text+0x108): undefined reference to `flight_control::frame_convertion::enu_ned_convert(Eigen::Matrix<float, 3, 1, 0, 3, 1>)'
[4.019s] /usr/bin/ld: test.cpp:(.text+0x12e): undefined reference to `flight_control::frame_convertion::enu_ned_convert(Eigen::Matrix<float, 3, 1, 0, 3, 1>)'
[4.023s] collect2: error: ld returned 1 exit status
[4.024s] gmake[2]: *** [CMakeFiles/test_functions.dir/build.make:97: test_functions] Error 1
[4.024s] gmake[1]: *** [CMakeFiles/Makefile2:165: CMakeFiles/test_functions.dir/all] Error 2
[4.024s] gmake[1]: *** Waiting for unfinished jobs....
[4.075s] [100%] [32m[1mLinking CXX shared library libframe_convertion.so[0m
[4.158s] [100%] Built target frame_convertion
[4.159s] gmake: *** [Makefile:146: all] Error 2
[4.161s] Invoked command in '/home/henryshum0/SUAS/build/flight_control' returned '2': CMAKE_PREFIX_PATH=/opt/ros/humble /usr/bin/cmake --build /home/henryshum0/SUAS/build/flight_control -- -j16 -l16
