[0.042s] Invoking command in '/home/henryshum0/SUAS/build/px4_ros_com': AMENT_PREFIX_PATH=/home/henryshum0/SUAS/install/px4_msgs:${AMENT_PREFIX_PATH} CMAKE_PREFIX_PATH=/home/henryshum0/SUAS/install/px4_msgs:/opt/ros/humble LD_LIBRARY_PATH=/home/henryshum0/SUAS/install/px4_msgs/lib:${LD_LIBRARY_PATH} PYTHONPATH=/home/henryshum0/SUAS/install/px4_msgs/local/lib/python3.10/dist-packages:${PYTHONPATH} /usr/bin/cmake --build /home/henryshum0/SUAS/build/px4_ros_com -- -j16 -l16
[0.071s] [35m[1mConsolidate compiler generated dependencies of target offboard_control[0m
[0.081s] [ 50%] Built target sensor_combined_listener
[0.081s] [ 50%] Built target debug_vect_advertiser
[0.081s] [ 50%] Built target frame_transforms
[0.081s] [ 66%] Built target vehicle_gps_position_listener
[0.081s] [ 83%] Built target offboard_control_srv
[0.085s] [ 83%] Built target ament_cmake_python_copy_px4_ros_com
[0.086s] [ 91%] [32mBuilding CXX object CMakeFiles/offboard_control.dir/src/examples/offboard/offboard_control.cpp.o[0m
[0.200s] [01m[K/home/henryshum0/SUAS/src/px4_ros_com/src/examples/offboard/offboard_control.cpp:50:10:[m[K [01;31m[Kfatal error: [m[KEigen/Dense: No such file or directory
[0.200s]    50 | #include [01;31m[K<Eigen/Dense>[m[K
[0.200s]       |          [01;31m[K^~~~~~~~~~~~~[m[K
[0.200s] compilation terminated.
[0.201s] gmake[2]: *** [CMakeFiles/offboard_control.dir/build.make:76: CMakeFiles/offboard_control.dir/src/examples/offboard/offboard_control.cpp.o] Error 1
[0.201s] gmake[1]: *** [CMakeFiles/Makefile2:254: CMakeFiles/offboard_control.dir/all] Error 2
[0.201s] gmake[1]: *** Waiting for unfinished jobs....
[0.241s] running egg_info
[0.242s] writing px4_ros_com.egg-info/PKG-INFO
[0.242s] writing dependency_links to px4_ros_com.egg-info/dependency_links.txt
[0.242s] writing top-level names to px4_ros_com.egg-info/top_level.txt
[0.244s] reading manifest file 'px4_ros_com.egg-info/SOURCES.txt'
[0.244s] writing manifest file 'px4_ros_com.egg-info/SOURCES.txt'
[0.263s] [ 91%] Built target ament_cmake_python_build_px4_ros_com_egg
[0.264s] gmake: *** [Makefile:146: all] Error 2
[0.265s] Invoked command in '/home/henryshum0/SUAS/build/px4_ros_com' returned '2': AMENT_PREFIX_PATH=/home/henryshum0/SUAS/install/px4_msgs:${AMENT_PREFIX_PATH} CMAKE_PREFIX_PATH=/home/henryshum0/SUAS/install/px4_msgs:/opt/ros/humble LD_LIBRARY_PATH=/home/henryshum0/SUAS/install/px4_msgs/lib:${LD_LIBRARY_PATH} PYTHONPATH=/home/henryshum0/SUAS/install/px4_msgs/local/lib/python3.10/dist-packages:${PYTHONPATH} /usr/bin/cmake --build /home/henryshum0/SUAS/build/px4_ros_com -- -j16 -l16
