[0.047s] Invoking command in '/home/henryshum0/SUAS/build/px4_ros_com': AMENT_PREFIX_PATH=/home/henryshum0/SUAS/install/px4_msgs:${AMENT_PREFIX_PATH} CMAKE_PREFIX_PATH=/home/henryshum0/SUAS/install/px4_msgs:/opt/ros/humble LD_LIBRARY_PATH=/home/henryshum0/SUAS/install/px4_msgs/lib:${LD_LIBRARY_PATH} PYTHONPATH=/home/henryshum0/SUAS/install/px4_msgs/local/lib/python3.10/dist-packages:${PYTHONPATH} /usr/bin/cmake --build /home/henryshum0/SUAS/build/px4_ros_com -- -j16 -l16
[0.078s] [35m[1mConsolidate compiler generated dependencies of target frame_transforms[0m
[0.087s] [ 66%] Built target debug_vect_advertiser
[0.088s] [ 66%] Built target sensor_combined_listener
[0.088s] [ 66%] Built target vehicle_gps_position_listener
[0.088s] [ 66%] Built target offboard_control_srv
[0.091s] [ 66%] Built target ament_cmake_python_copy_px4_ros_com
[0.091s] [ 83%] Built target frame_transforms
[0.092s] [ 91%] [32mBuilding CXX object CMakeFiles/offboard_control.dir/src/examples/offboard/offboard_control.cpp.o[0m
[0.235s] running egg_info
[0.236s] writing px4_ros_com.egg-info/PKG-INFO
[0.236s] writing dependency_links to px4_ros_com.egg-info/dependency_links.txt
[0.236s] writing top-level names to px4_ros_com.egg-info/top_level.txt
[0.237s] reading manifest file 'px4_ros_com.egg-info/SOURCES.txt'
[0.238s] writing manifest file 'px4_ros_com.egg-info/SOURCES.txt'
[0.270s] [ 91%] Built target ament_cmake_python_build_px4_ros_com_egg
[0.296s] In file included from [01m[K/home/henryshum0/SUAS/src/px4_ros_com/src/examples/offboard/offboard_control.cpp:52[m[K:
[0.296s] [01m[K/home/henryshum0/SUAS/src/px4_ros_com/include/px4_ros_com/frame_transforms.h:50:10:[m[K [01;31m[Kfatal error: [m[Kgeometry_msgs/msg/point.hpp: No such file or directory
[0.296s]    50 | #include [01;31m[K<geometry_msgs/msg/point.hpp>[m[K
[0.296s]       |          [01;31m[K^~~~~~~~~~~~~~~~~~~~~~~~~~~~~[m[K
[0.296s] compilation terminated.
[0.298s] gmake[2]: *** [CMakeFiles/offboard_control.dir/build.make:76: CMakeFiles/offboard_control.dir/src/examples/offboard/offboard_control.cpp.o] Error 1
[0.298s] gmake[1]: *** [CMakeFiles/Makefile2:254: CMakeFiles/offboard_control.dir/all] Error 2
[0.299s] gmake: *** [Makefile:146: all] Error 2
[0.300s] Invoked command in '/home/henryshum0/SUAS/build/px4_ros_com' returned '2': AMENT_PREFIX_PATH=/home/henryshum0/SUAS/install/px4_msgs:${AMENT_PREFIX_PATH} CMAKE_PREFIX_PATH=/home/henryshum0/SUAS/install/px4_msgs:/opt/ros/humble LD_LIBRARY_PATH=/home/henryshum0/SUAS/install/px4_msgs/lib:${LD_LIBRARY_PATH} PYTHONPATH=/home/henryshum0/SUAS/install/px4_msgs/local/lib/python3.10/dist-packages:${PYTHONPATH} /usr/bin/cmake --build /home/henryshum0/SUAS/build/px4_ros_com -- -j16 -l16
