[0.101s] Invoking command in '/home/henryshum0/SUAS/build/flight_control': CMAKE_PREFIX_PATH=/home/henryshum0/SUAS/install/px4_ros_com:/home/henryshum0/SUAS/install/px4_msgs:/home/henryshum0/SUAS/install/flight_control:/opt/ros/humble LD_LIBRARY_PATH=/home/henryshum0/SUAS/install/px4_ros_com/lib:/home/henryshum0/SUAS/install/px4_msgs/lib:/home/henryshum0/SUAS/install/flight_control/lib:/opt/ros/humble/opt/rviz_ogre_vendor/lib:/opt/ros/humble/lib/x86_64-linux-gnu:/opt/ros/humble/lib /usr/bin/cmake --build /home/henryshum0/SUAS/build/flight_control -- -j16 -l16
[0.157s] [35m[1mConsolidate compiler generated dependencies of target flight_control_lib[0m
[0.157s] [ 30%] Built target sensor_combined_listener
[0.157s] [ 30%] Built target publish_trj_listener
[0.175s] [ 38%] [32mBuilding CXX object CMakeFiles/flight_control_lib.dir/src/flight_control/flight_executor.cpp.o[0m
[2.278s] [01m[K/home/henryshum0/SUAS/src/flight_control/src/flight_control/flight_executor.cpp:[m[K In member function â€˜[01m[Kvoid FlightExecutor::calculate_desired_trj()[m[Kâ€™:
[2.278s] [01m[K/home/henryshum0/SUAS/src/flight_control/src/flight_control/flight_executor.cpp:62:14:[m[K [01;35m[Kwarning: [m[Kvariable â€˜[01m[Kdesired_pos_last[m[Kâ€™ set but not used [[01;35m[K]8;;https://gcc.gnu.org/onlinedocs/gcc/Warning-Options.html#index-Wunused-but-set-variable-Wunused-but-set-variable]8;;[m[K]
[2.278s]    62 |     Vector3f [01;35m[Kdesired_pos_last[m[K = this->executor_command_storage->get_desired_pos_last();
[2.278s]       |              [01;35m[K^~~~~~~~~~~~~~~~[m[K
[2.278s] [01m[K/home/henryshum0/SUAS/src/flight_control/src/flight_control/flight_executor.cpp:63:11:[m[K [01;35m[Kwarning: [m[Kunused variable â€˜[01m[Kdesired_yaw_last[m[Kâ€™ [[01;35m[K]8;;https://gcc.gnu.org/onlinedocs/gcc/Warning-Options.html#index-Wunused-variable-Wunused-variable]8;;[m[K]
[2.279s]    63 |     float [01;35m[Kdesired_yaw_last[m[K = this->executor_command_storage->get_desired_yaw_last();
[2.279s]       |           [01;35m[K^~~~~~~~~~~~~~~~[m[K
[2.279s] [01m[K/home/henryshum0/SUAS/src/flight_control/src/flight_control/flight_executor.cpp:[m[K In member function â€˜[01m[Kbool FlightExecutor::checked_desired_actual(Eigen::Vector3f, float)[m[Kâ€™:
[2.279s] [01m[K/home/henryshum0/SUAS/src/flight_control/src/flight_control/flight_executor.cpp:124:9:[m[K [01;31m[Kerror: [m[Kreturn-statement with no value, in function returning â€˜[01m[Kbool[m[Kâ€™ [[01;31m[K]8;;https://gcc.gnu.org/onlinedocs/gcc/Warning-Options.html#index-fpermissive-fpermissive]8;;[m[K]
[2.279s]   124 |         [01;31m[Kreturn[m[K;
[2.279s]       |         [01;31m[K^~~~~~[m[K
[2.750s] gmake[2]: *** [CMakeFiles/flight_control_lib.dir/build.make:104: CMakeFiles/flight_control_lib.dir/src/flight_control/flight_executor.cpp.o] Error 1
[2.750s] gmake[1]: *** [CMakeFiles/Makefile2:143: CMakeFiles/flight_control_lib.dir/all] Error 2
[2.750s] gmake: *** [Makefile:146: all] Error 2
[2.752s] Invoked command in '/home/henryshum0/SUAS/build/flight_control' returned '2': CMAKE_PREFIX_PATH=/home/henryshum0/SUAS/install/px4_ros_com:/home/henryshum0/SUAS/install/px4_msgs:/home/henryshum0/SUAS/install/flight_control:/opt/ros/humble LD_LIBRARY_PATH=/home/henryshum0/SUAS/install/px4_ros_com/lib:/home/henryshum0/SUAS/install/px4_msgs/lib:/home/henryshum0/SUAS/install/flight_control/lib:/opt/ros/humble/opt/rviz_ogre_vendor/lib:/opt/ros/humble/lib/x86_64-linux-gnu:/opt/ros/humble/lib /usr/bin/cmake --build /home/henryshum0/SUAS/build/flight_control -- -j16 -l16
