[35m[1mConsolidate compiler generated dependencies of target user_input[0m
[  3%] Built target publish_trj_listener
[  6%] Built target vehicle_pos_listener
[ 15%] Built target nodesoup
[ 19%] Built target cmd_ack_listener
[ 22%] Built target sensor_combined_listener
[ 26%] [32mBuilding CXX object CMakeFiles/user_input.dir/src/user_input.cpp.o[0m
[ 34%] Built target flight_control_lib
[ 47%] Built target offboard_controller
[ 98%] Built target matplot
[01m[K/home/henryshum0/SUAS/src/flight_control/src/user_input.cpp:[m[K In member function â€˜[01m[Kbool UserInput::check_valid(const string&, int&, const int&, bool&, const float&, const float&, const float&, const float&, const float&)[m[Kâ€™:
[01m[K/home/henryshum0/SUAS/src/flight_control/src/user_input.cpp:119:42:[m[K [01;31m[Kerror: [m[Kexpected primary-expression before â€˜[01m[K)[m[Kâ€™ token
  119 |     if(yaw==NAN || yaw<-M_PI || yaw>M_PI)[01;31m[K)[m[K
      |                                          [01;31m[K^[m[K
gmake[2]: *** [CMakeFiles/user_input.dir/build.make:76: CMakeFiles/user_input.dir/src/user_input.cpp.o] Error 1
gmake[1]: *** [CMakeFiles/Makefile2:266: CMakeFiles/user_input.dir/all] Error 2
gmake: *** [Makefile:146: all] Error 2
