[0.108s] Invoking command in '/home/henryshum0/SUAS/build/flight_control': CMAKE_PREFIX_PATH=/home/henryshum0/SUAS/install/px4_ros_com:/home/henryshum0/SUAS/install/px4_msgs:/home/henryshum0/SUAS/install/offboard_control_interfaces:/home/henryshum0/SUAS/install/flight_control:/opt/ros/humble LD_LIBRARY_PATH=/home/henryshum0/SUAS/install/px4_ros_com/lib:/home/henryshum0/SUAS/install/px4_msgs/lib:/home/henryshum0/SUAS/install/offboard_control_interfaces/lib:/home/henryshum0/SUAS/install/flight_control/lib:/opt/ros/humble/opt/rviz_ogre_vendor/lib:/opt/ros/humble/lib/x86_64-linux-gnu:/opt/ros/humble/lib /usr/bin/cmake --build /home/henryshum0/SUAS/build/flight_control -- -j16 -l16
[0.168s] [35m[1mConsolidate compiler generated dependencies of target user_input[0m
[0.173s] [  3%] Built target publish_trj_listener
[0.174s] [  6%] Built target vehicle_pos_listener
[0.174s] [ 15%] Built target nodesoup
[0.175s] [ 19%] Built target cmd_ack_listener
[0.175s] [ 22%] Built target sensor_combined_listener
[0.180s] [ 26%] [32mBuilding CXX object CMakeFiles/user_input.dir/src/user_input.cpp.o[0m
[0.180s] [ 34%] Built target flight_control_lib
[0.199s] [ 47%] Built target offboard_controller
[0.199s] [ 98%] Built target matplot
[1.861s] [01m[K/home/henryshum0/SUAS/src/flight_control/src/user_input.cpp:[m[K In member function â€˜[01m[Kbool UserInput::check_valid(const string&, int&, const int&, bool&, const float&, const float&, const float&, const float&, const float&)[m[Kâ€™:
[1.861s] [01m[K/home/henryshum0/SUAS/src/flight_control/src/user_input.cpp:119:42:[m[K [01;31m[Kerror: [m[Kexpected primary-expression before â€˜[01m[K)[m[Kâ€™ token
[1.861s]   119 |     if(yaw==NAN || yaw<-M_PI || yaw>M_PI)[01;31m[K)[m[K
[1.861s]       |                                          [01;31m[K^[m[K
[2.340s] gmake[2]: *** [CMakeFiles/user_input.dir/build.make:76: CMakeFiles/user_input.dir/src/user_input.cpp.o] Error 1
[2.340s] gmake[1]: *** [CMakeFiles/Makefile2:266: CMakeFiles/user_input.dir/all] Error 2
[2.341s] gmake: *** [Makefile:146: all] Error 2
[2.342s] Invoked command in '/home/henryshum0/SUAS/build/flight_control' returned '2': CMAKE_PREFIX_PATH=/home/henryshum0/SUAS/install/px4_ros_com:/home/henryshum0/SUAS/install/px4_msgs:/home/henryshum0/SUAS/install/offboard_control_interfaces:/home/henryshum0/SUAS/install/flight_control:/opt/ros/humble LD_LIBRARY_PATH=/home/henryshum0/SUAS/install/px4_ros_com/lib:/home/henryshum0/SUAS/install/px4_msgs/lib:/home/henryshum0/SUAS/install/offboard_control_interfaces/lib:/home/henryshum0/SUAS/install/flight_control/lib:/opt/ros/humble/opt/rviz_ogre_vendor/lib:/opt/ros/humble/lib/x86_64-linux-gnu:/opt/ros/humble/lib /usr/bin/cmake --build /home/henryshum0/SUAS/build/flight_control -- -j16 -l16
