[0.050s] Invoking command in '/home/henryshum0/SUAS/build/flight_control': AMENT_PREFIX_PATH=/home/henryshum0/SUAS/install/px4_ros_com:/home/henryshum0/SUAS/install/px4_msgs:${AMENT_PREFIX_PATH} CMAKE_PREFIX_PATH=/home/henryshum0/SUAS/install/px4_ros_com:/home/henryshum0/SUAS/install/px4_msgs:/opt/ros/humble LD_LIBRARY_PATH=/home/henryshum0/SUAS/install/px4_ros_com/lib:/home/henryshum0/SUAS/install/px4_msgs/lib:${LD_LIBRARY_PATH} PYTHONPATH=/home/henryshum0/SUAS/install/px4_ros_com/local/lib/python3.10/dist-packages:/home/henryshum0/SUAS/install/px4_msgs/local/lib/python3.10/dist-packages:${PYTHONPATH} /usr/bin/cmake --build /home/henryshum0/SUAS/build/flight_control -- -j16 -l16
[0.062s] -- Found ament_cmake: 1.3.11 (/opt/ros/humble/share/ament_cmake/cmake)
[0.139s] -- Found rclcpp: 16.0.11 (/opt/ros/humble/share/rclcpp/cmake)
[0.196s] -- Found rosidl_generator_c: 3.1.6 (/opt/ros/humble/share/rosidl_generator_c/cmake)
[0.197s] -- Found rosidl_adapter: 3.1.6 (/opt/ros/humble/share/rosidl_adapter/cmake)
[0.201s] -- Found rosidl_generator_cpp: 3.1.6 (/opt/ros/humble/share/rosidl_generator_cpp/cmake)
[0.206s] -- Using all available rosidl_typesupport_c: rosidl_typesupport_fastrtps_c;rosidl_typesupport_introspection_c
[0.213s] -- Using all available rosidl_typesupport_cpp: rosidl_typesupport_fastrtps_cpp;rosidl_typesupport_introspection_cpp
[0.233s] -- Found rmw_implementation_cmake: 6.1.2 (/opt/ros/humble/share/rmw_implementation_cmake/cmake)
[0.234s] -- Found rmw_fastrtps_cpp: 6.2.7 (/opt/ros/humble/share/rmw_fastrtps_cpp/cmake)
[1.832s] -- Using RMW implementation 'rmw_fastrtps_cpp' as default
[1.863s] -- Found px4_msgs: 2.0.1 (/home/henryshum0/SUAS/install/px4_msgs/share/px4_msgs/cmake)
[1.870s] -- Found px4_ros_com: 0.1.0 (/home/henryshum0/SUAS/install/px4_ros_com/share/px4_ros_com/cmake)
[1.893s] -- Found ament_lint_auto: 0.12.11 (/opt/ros/humble/share/ament_lint_auto/cmake)
[1.932s] -- Added test 'cppcheck' to perform static code analysis on C / C++ code
[1.933s] -- Configured cppcheck include dirs: /home/henryshum0/SUAS/src/flight_control/include;$<BUILD_INTERFACE:/home/henryshum0/SUAS/src/flight_control/include>
[1.933s] -- Configured cppcheck exclude dirs and/or files: 
[1.933s] -- Added test 'lint_cmake' to check CMake code style
[1.933s] -- Added test 'uncrustify' to check C / C++ code style
[1.933s] -- Configured uncrustify additional arguments: 
[1.934s] -- Added test 'xmllint' to check XML markup files
[1.934s] -- Configuring done
[1.942s] -- Generating done
[1.946s] -- Build files have been written to: /home/henryshum0/SUAS/build/flight_control
[1.962s] [35m[1mConsolidate compiler generated dependencies of target flight_control_lib[0m
[1.975s] [ 16%] [32mBuilding CXX object CMakeFiles/flight_control_lib.dir/src/offboard_controller.cpp.o[0m
[3.701s] In file included from [01m[K/home/henryshum0/SUAS/src/flight_control/include/flight_mode/takeoff_mode.hpp:4[m[K,
[3.701s]                  from [01m[K/home/henryshum0/SUAS/src/flight_control/include/flight_control/offboard_controller.hpp:21[m[K,
[3.701s]                  from [01m[K/home/henryshum0/SUAS/src/flight_control/src/offboard_controller.cpp:1[m[K:
[3.701s] [01m[K/home/henryshum0/SUAS/src/flight_control/include/flight_mode/flight_mode.hpp:21:25:[m[K [01;31m[Kerror: [m[Kâ€˜[01m[Kflight_control[m[Kâ€™ was not declared in this scope
[3.701s]    21 |         std::shared_ptr<[01;31m[Kflight_control[m[K::OffboardController> offboard_controller;
[3.701s]       |                         [01;31m[K^~~~~~~~~~~~~~[m[K
[3.701s] [01m[K/home/henryshum0/SUAS/src/flight_control/include/flight_mode/flight_mode.hpp:21:59:[m[K [01;31m[Kerror: [m[Ktemplate argument 1 is invalid
[3.701s]    21 |         std::shared_ptr<flight_control::OffboardController[01;31m[K>[m[K offboard_controller;
[3.701s]       |                                                           [01;31m[K^[m[K
[3.707s] [01m[K/home/henryshum0/SUAS/src/flight_control/include/flight_mode/flight_mode.hpp:25:36:[m[K [01;31m[Kerror: [m[Kâ€˜[01m[Kflight_control[m[Kâ€™ was not declared in this scope
[3.707s]    25 |         FlightMode(std::shared_ptr<[01;31m[Kflight_control[m[K::OffboardController> offboard_controller, std::string mode_name)
[3.707s]       |                                    [01;31m[K^~~~~~~~~~~~~~[m[K
[3.707s] [01m[K/home/henryshum0/SUAS/src/flight_control/include/flight_mode/flight_mode.hpp:25:70:[m[K [01;31m[Kerror: [m[Ktemplate argument 1 is invalid
[3.707s]    25 |         FlightMode(std::shared_ptr<flight_control::OffboardController[01;31m[K>[m[K offboard_controller, std::string mode_name)
[3.707s]       |                                                                      [01;31m[K^[m[K
[3.708s] [01m[K/home/henryshum0/SUAS/src/flight_control/include/flight_mode/flight_mode.hpp:55:48:[m[K [01;31m[Kerror: [m[Kâ€˜[01m[KVector3f[m[Kâ€™ does not name a type
[3.709s]    55 |         void publish_trajectory_setpoint(const [01;31m[KVector3f[m[K& input, const float yaw = 0.0){
[3.709s]       |                                                [01;31m[K^~~~~~~~[m[K
[3.710s] [01m[K/home/henryshum0/SUAS/src/flight_control/include/flight_mode/flight_mode.hpp:60:9:[m[K [01;31m[Kerror: [m[Kâ€˜[01m[KVector3f[m[Kâ€™ does not name a type
[3.710s]    60 |         [01;31m[KVector3f[m[K get_enu_local()
[3.710s]       |         [01;31m[K^~~~~~~~[m[K
[3.711s] [01m[K/home/henryshum0/SUAS/src/flight_control/include/flight_mode/flight_mode.hpp:64:9:[m[K [01;31m[Kerror: [m[Kâ€˜[01m[KVector3f[m[Kâ€™ does not name a type
[3.711s]    64 |         [01;31m[KVector3f[m[K get_enu_vel()
[3.711s]       |         [01;31m[K^~~~~~~~[m[K
[3.713s] [01m[K/home/henryshum0/SUAS/src/flight_control/include/flight_mode/flight_mode.hpp:68:9:[m[K [01;31m[Kerror: [m[Kâ€˜[01m[KVector3f[m[Kâ€™ does not name a type
[3.713s]    68 |         [01;31m[KVector3f[m[K get_enu_accel()
[3.713s]       |         [01;31m[K^~~~~~~~[m[K
[3.714s] In file included from [01m[K/opt/ros/humble/include/rclcpp/rclcpp/client.hpp:40[m[K,
[3.714s]                  from [01m[K/opt/ros/humble/include/rclcpp/rclcpp/callback_group.hpp:24[m[K,
[3.714s]                  from [01m[K/opt/ros/humble/include/rclcpp/rclcpp/any_executable.hpp:20[m[K,
[3.714s]                  from [01m[K/opt/ros/humble/include/rclcpp/rclcpp/memory_strategy.hpp:25[m[K,
[3.714s]                  from [01m[K/opt/ros/humble/include/rclcpp/rclcpp/memory_strategies.hpp:18[m[K,
[3.714s]                  from [01m[K/opt/ros/humble/include/rclcpp/rclcpp/executor_options.hpp:20[m[K,
[3.714s]                  from [01m[K/opt/ros/humble/include/rclcpp/rclcpp/executor.hpp:37[m[K,
[3.714s]                  from [01m[K/opt/ros/humble/include/rclcpp/rclcpp/executors/multi_threaded_executor.hpp:25[m[K,
[3.714s]                  from [01m[K/opt/ros/humble/include/rclcpp/rclcpp/executors.hpp:21[m[K,
[3.714s]                  from [01m[K/opt/ros/humble/include/rclcpp/rclcpp/rclcpp.hpp:155[m[K,
[3.714s]                  from [01m[K/home/henryshum0/SUAS/src/flight_control/include/flight_control/offboard_controller.hpp:11[m[K,
[3.714s]                  from [01m[K/home/henryshum0/SUAS/src/flight_control/src/offboard_controller.cpp:1[m[K:
[3.714s] [01m[K/home/henryshum0/SUAS/src/flight_control/include/flight_mode/flight_mode.hpp:[m[K In constructor â€˜[01m[Kflight_mode::FlightMode::FlightMode(int, std::string)[m[Kâ€™:
[3.714s] [01m[K/home/henryshum0/SUAS/src/flight_control/include/flight_mode/flight_mode.hpp:29:44:[m[K [01;31m[Kerror: [m[Kbase operand of â€˜[01m[K->[m[Kâ€™ is not a pointer
[3.714s]    29 |             RCLCPP_INFO(offboard_controller[01;31m[K->[m[Kget_logger(), ("starting mode: " + mode_name).c_str());
[3.714s]       |                                            [01;31m[K^~[m[K
[3.714s] [01m[K/home/henryshum0/SUAS/src/flight_control/include/flight_mode/flight_mode.hpp:29:44:[m[K [01;31m[Kerror: [m[Kbase operand of â€˜[01m[K->[m[Kâ€™ is not a pointer
[3.714s] [01m[K/home/henryshum0/SUAS/src/flight_control/include/flight_mode/flight_mode.hpp:29:13:[m[K [01;31m[Kerror: [m[Ktemplate argument 1 is invalid
[3.714s]    29 |             [01;31m[KRCLCPP_INFO[m[K(offboard_controller->get_logger(), ("starting mode: " + mode_name).c_str());
[3.714s]       |             [01;31m[K^~~~~~~~~~~[m[K
[3.714s] [01m[K/home/henryshum0/SUAS/src/flight_control/include/flight_mode/flight_mode.hpp:29:13:[m[K [01;31m[Kerror: [m[Ktemplate argument 1 is invalid
[3.714s]    29 |             [01;31m[KRCLCPP_INFO[m[K(offboard_controller->get_logger(), ("starting mode: " + mode_name).c_str());
[3.715s]       |             [01;31m[K^~~~~~~~~~~[m[K
[3.715s] [01m[K/home/henryshum0/SUAS/src/flight_control/include/flight_mode/flight_mode.hpp:29:13:[m[K [01;31m[Kerror: [m[Ktemplate argument 1 is invalid
[3.715s]    29 |             [01;31m[KRCLCPP_INFO[m[K(offboard_controller->get_logger(), ("starting mode: " + mode_name).c_str());
[3.715s]       |             [01;31m[K^~~~~~~~~~~[m[K
[3.715s] In file included from [01m[K/opt/ros/humble/include/rclcpp/rclcpp/logging.hpp:24[m[K,
[3.715s]                  from [01m[K/opt/ros/humble/include/rclcpp/rclcpp/client.hpp:40[m[K,
[3.715s]                  from [01m[K/opt/ros/humble/include/rclcpp/rclcpp/callback_group.hpp:24[m[K,
[3.715s]                  from [01m[K/opt/ros/humble/include/rclcpp/rclcpp/any_executable.hpp:20[m[K,
[3.715s]                  from [01m[K/opt/ros/humble/include/rclcpp/rclcpp/memory_strategy.hpp:25[m[K,
[3.715s]                  from [01m[K/opt/ros/humble/include/rclcpp/rclcpp/memory_strategies.hpp:18[m[K,
[3.715s]                  from [01m[K/opt/ros/humble/include/rclcpp/rclcpp/executor_options.hpp:20[m[K,
[3.715s]                  from [01m[K/opt/ros/humble/include/rclcpp/rclcpp/executor.hpp:37[m[K,
[3.715s]                  from [01m[K/opt/ros/humble/include/rclcpp/rclcpp/executors/multi_threaded_executor.hpp:25[m[K,
[3.715s]                  from [01m[K/opt/ros/humble/include/rclcpp/rclcpp/executors.hpp:21[m[K,
[3.715s]                  from [01m[K/opt/ros/humble/include/rclcpp/rclcpp/rclcpp.hpp:155[m[K,
[3.715s]                  from [01m[K/home/henryshum0/SUAS/src/flight_control/include/flight_control/offboard_controller.hpp:11[m[K,
[3.715s]                  from [01m[K/home/henryshum0/SUAS/src/flight_control/src/offboard_controller.cpp:1[m[K:
[3.715s] [01m[K/home/henryshum0/SUAS/src/flight_control/include/flight_mode/flight_mode.hpp:29:44:[m[K [01;31m[Kerror: [m[Kbase operand of â€˜[01m[K->[m[Kâ€™ is not a pointer
[3.715s]    29 |             RCLCPP_INFO(offboard_controller[01;31m[K->[m[Kget_logger(), ("starting mode: " + mode_name).c_str());
[3.715s]       |                                            [01;31m[K^~[m[K
[3.715s] [01m[K/home/henryshum0/SUAS/src/flight_control/include/flight_mode/flight_mode.hpp:29:44:[m[K [01;31m[Kerror: [m[Kbase operand of â€˜[01m[K->[m[Kâ€™ is not a pointer
[3.715s]    29 |             RCLCPP_INFO(offboard_controller[01;31m[K->[m[Kget_logger(), ("starting mode: " + mode_name).c_str());
[3.715s]       |                                            [01;31m[K^~[m[K
[3.715s] In file included from [01m[K/home/henryshum0/SUAS/src/flight_control/include/flight_mode/takeoff_mode.hpp:4[m[K,
[3.715s]                  from [01m[K/home/henryshum0/SUAS/src/flight_control/include/flight_control/offboard_controller.hpp:21[m[K,
[3.715s]                  from [01m[K/home/henryshum0/SUAS/src/flight_control/src/offboard_controller.cpp:1[m[K:
[3.715s] [01m[K/home/henryshum0/SUAS/src/flight_control/include/flight_mode/flight_mode.hpp:[m[K In member function â€˜[01m[Kvoid flight_mode::FlightMode::publish_vehicle_command(uint16_t, float, float)[m[Kâ€™:
[3.715s] [01m[K/home/henryshum0/SUAS/src/flight_control/include/flight_mode/flight_mode.hpp:37:33:[m[K [01;31m[Kerror: [m[Kbase operand of â€˜[01m[K->[m[Kâ€™ is not a pointer
[3.715s]    37 |             offboard_controller [01;31m[K->[m[K publish_vehicle_command(command, param1, param2);
[3.716s]       |                                 [01;31m[K^~[m[K
[3.716s] [01m[K/home/henryshum0/SUAS/src/flight_control/include/flight_mode/flight_mode.hpp:[m[K In member function â€˜[01m[Kvoid flight_mode::FlightMode::publish_offboard_mode()[m[Kâ€™:
[3.716s] [01m[K/home/henryshum0/SUAS/src/flight_control/include/flight_mode/flight_mode.hpp:45:33:[m[K [01;31m[Kerror: [m[Kbase operand of â€˜[01m[K->[m[Kâ€™ is not a pointer
[3.716s]    45 |             offboard_controller [01;31m[K->[m[K publish_offboard_mode();
[3.716s]       |                                 [01;31m[K^~[m[K
[3.716s] [01m[K/home/henryshum0/SUAS/src/flight_control/include/flight_mode/flight_mode.hpp:[m[K In member function â€˜[01m[Kvoid flight_mode::FlightMode::publish_trajectory_setpoint(const int&, float)[m[Kâ€™:
[3.716s] [01m[K/home/henryshum0/SUAS/src/flight_control/include/flight_mode/flight_mode.hpp:56:33:[m[K [01;31m[Kerror: [m[Kbase operand of â€˜[01m[K->[m[Kâ€™ is not a pointer
[3.716s]    56 |             offboard_controller [01;31m[K->[m[K publish_trajectory_setpoint(input, yaw);
[3.716s]       |                                 [01;31m[K^~[m[K
[3.716s] [01m[K/home/henryshum0/SUAS/src/flight_control/include/flight_mode/flight_mode.hpp:[m[K In member function â€˜[01m[Kbool flight_mode::FlightMode::get_armed()[m[Kâ€™:
[3.716s] [01m[K/home/henryshum0/SUAS/src/flight_control/include/flight_mode/flight_mode.hpp:74:45:[m[K [01;31m[Kerror: [m[Kbase operand of â€˜[01m[K->[m[Kâ€™ is not a pointer
[3.716s]    74 |             return this->offboard_controller[01;31m[K->[m[Kget_is_armed();
[3.716s]       |                                             [01;31m[K^~[m[K
[3.716s] [01m[K/home/henryshum0/SUAS/src/flight_control/include/flight_mode/flight_mode.hpp:[m[K In member function â€˜[01m[Kvoid flight_mode::FlightMode::set_trajectory_mode(flight_mode::OffboardTrajectoryControlModeEnum)[m[Kâ€™:
[3.716s] [01m[K/home/henryshum0/SUAS/src/flight_control/include/flight_mode/flight_mode.hpp:81:41:[m[K [01;31m[Kerror: [m[Kbase operand of â€˜[01m[K->[m[Kâ€™ is not a pointer
[3.716s]    81 |             this -> offboard_controller [01;31m[K->[m[Kset_trajectory_mode(mode);
[3.716s]       |                                         [01;31m[K^~[m[K
[3.716s] [01m[K/home/henryshum0/SUAS/src/flight_control/include/flight_mode/flight_mode.hpp:[m[K In member function â€˜[01m[Kvoid flight_mode::FlightMode::set_is_complete(bool)[m[Kâ€™:
[3.716s] [01m[K/home/henryshum0/SUAS/src/flight_control/include/flight_mode/flight_mode.hpp:85:41:[m[K [01;31m[Kerror: [m[Kbase operand of â€˜[01m[K->[m[Kâ€™ is not a pointer
[3.716s]    85 |             this -> offboard_controller [01;31m[K->[m[Kset_mode_complete(is_not);
[3.716s]       |                                         [01;31m[K^~[m[K
[3.721s] In file included from [01m[K/home/henryshum0/SUAS/src/flight_control/include/flight_control/offboard_controller.hpp:21[m[K,
[3.721s]                  from [01m[K/home/henryshum0/SUAS/src/flight_control/src/offboard_controller.cpp:1[m[K:
[3.721s] [01m[K/home/henryshum0/SUAS/src/flight_control/include/flight_mode/takeoff_mode.hpp:[m[K At global scope:
[3.721s] [01m[K/home/henryshum0/SUAS/src/flight_control/include/flight_mode/takeoff_mode.hpp:11:37:[m[K [01;31m[Kerror: [m[Kâ€˜[01m[Kflight_control[m[Kâ€™ was not declared in this scope
[3.721s]    11 |         TakeoffMode(std::shared_ptr<[01;31m[Kflight_control[m[K::OffboardController> offboard_controller, float takeoff_height);
[3.721s]       |                                     [01;31m[K^~~~~~~~~~~~~~[m[K
[3.721s] [01m[K/home/henryshum0/SUAS/src/flight_control/include/flight_mode/takeoff_mode.hpp:11:71:[m[K [01;31m[Kerror: [m[Ktemplate argument 1 is invalid
[3.721s]    11 |         TakeoffMode(std::shared_ptr<flight_control::OffboardController[01;31m[K>[m[K offboard_controller, float takeoff_height);
[3.721s]       |                                                                       [01;31m[K^[m[K
[3.722s] [01m[K/home/henryshum0/SUAS/src/flight_control/include/flight_mode/takeoff_mode.hpp:17:9:[m[K [01;31m[Kerror: [m[Kâ€˜[01m[KVector3f[m[Kâ€™ does not name a type
[3.722s]    17 |         [01;31m[KVector3f[m[K target_pos;
[3.722s]       |         [01;31m[K^~~~~~~~[m[K
[3.976s] [01m[K/home/henryshum0/SUAS/src/flight_control/src/offboard_controller.cpp:[m[K In member function â€˜[01m[Kvoid flight_control::OffboardController::execute()[m[Kâ€™:
[3.976s] [01m[K/home/henryshum0/SUAS/src/flight_control/src/offboard_controller.cpp:47:110:[m[K [01;31m[Kerror: [m[Kno matching function for call to â€˜[01m[Kflight_mode::TakeoffMode::TakeoffMode(std::shared_ptr<flight_control::OffboardController>&, float)[m[Kâ€™
[3.976s]    47 |             auto take_off = std::unique_ptr<flight_mode::TakeoffMode>(new flight_mode::TakeoffMode(self, 5.0f[01;31m[K)[m[K);
[3.976s]       |                                                                                                              [01;31m[K^[m[K
[3.976s] In file included from [01m[K/home/henryshum0/SUAS/src/flight_control/include/flight_control/offboard_controller.hpp:21[m[K,
[3.976s]                  from [01m[K/home/henryshum0/SUAS/src/flight_control/src/offboard_controller.cpp:1[m[K:
[3.976s] [01m[K/home/henryshum0/SUAS/src/flight_control/include/flight_mode/takeoff_mode.hpp:11:9:[m[K [01;36m[Knote: [m[Kcandidate: â€˜[01m[Kflight_mode::TakeoffMode::TakeoffMode(int, float)[m[Kâ€™
[3.976s]    11 |         [01;36m[KTakeoffMode[m[K(std::shared_ptr<flight_control::OffboardController> offboard_controller, float takeoff_height);
[3.976s]       |         [01;36m[K^~~~~~~~~~~[m[K
[3.977s] [01m[K/home/henryshum0/SUAS/src/flight_control/include/flight_mode/takeoff_mode.hpp:11:73:[m[K [01;36m[Knote: [m[K  no known conversion for argument 1 from â€˜[01m[Kstd::shared_ptr<flight_control::OffboardController>[m[Kâ€™ to â€˜[01m[Kint[m[Kâ€™
[3.977s]    11 |         TakeoffMode([01;36m[Kstd::shared_ptr<flight_control::OffboardController> offboard_controller[m[K, float takeoff_height);
[3.977s]       |                     [01;36m[K~~~~~~~~~~~~~~~~~~~~~~~~~~~~~~~~~~~~~~~~~~~~~~~~~~~~^~~~~~~~~~~~~~~~~~~[m[K
[3.977s] [01m[K/home/henryshum0/SUAS/src/flight_control/include/flight_mode/takeoff_mode.hpp:8:11:[m[K [01;36m[Knote: [m[Kcandidate: â€˜[01m[Kflight_mode::TakeoffMode::TakeoffMode(const flight_mode::TakeoffMode&)[m[Kâ€™
[3.977s]     8 |     class [01;36m[KTakeoffMode[m[K : public FlightMode
[3.977s]       |           [01;36m[K^~~~~~~~~~~[m[K
[3.977s] [01m[K/home/henryshum0/SUAS/src/flight_control/include/flight_mode/takeoff_mode.hpp:8:11:[m[K [01;36m[Knote: [m[K  candidate expects 1 argument, 2 provided
[3.977s] [01m[K/home/henryshum0/SUAS/src/flight_control/include/flight_mode/takeoff_mode.hpp:8:11:[m[K [01;36m[Knote: [m[Kcandidate: â€˜[01m[Kflight_mode::TakeoffMode::TakeoffMode(flight_mode::TakeoffMode&&)[m[Kâ€™
[3.977s] [01m[K/home/henryshum0/SUAS/src/flight_control/include/flight_mode/takeoff_mode.hpp:8:11:[m[K [01;36m[Knote: [m[K  candidate expects 1 argument, 2 provided
[6.467s] gmake[2]: *** [CMakeFiles/flight_control_lib.dir/build.make:76: CMakeFiles/flight_control_lib.dir/src/offboard_controller.cpp.o] Error 1
[6.467s] gmake[1]: *** [CMakeFiles/Makefile2:139: CMakeFiles/flight_control_lib.dir/all] Error 2
[6.468s] gmake: *** [Makefile:146: all] Error 2
[6.469s] Invoked command in '/home/henryshum0/SUAS/build/flight_control' returned '2': AMENT_PREFIX_PATH=/home/henryshum0/SUAS/install/px4_ros_com:/home/henryshum0/SUAS/install/px4_msgs:${AMENT_PREFIX_PATH} CMAKE_PREFIX_PATH=/home/henryshum0/SUAS/install/px4_ros_com:/home/henryshum0/SUAS/install/px4_msgs:/opt/ros/humble LD_LIBRARY_PATH=/home/henryshum0/SUAS/install/px4_ros_com/lib:/home/henryshum0/SUAS/install/px4_msgs/lib:${LD_LIBRARY_PATH} PYTHONPATH=/home/henryshum0/SUAS/install/px4_ros_com/local/lib/python3.10/dist-packages:/home/henryshum0/SUAS/install/px4_msgs/local/lib/python3.10/dist-packages:${PYTHONPATH} /usr/bin/cmake --build /home/henryshum0/SUAS/build/flight_control -- -j16 -l16
