[0.048s] Invoking command in '/home/henryshum0/SUAS/build/flight_control': CMAKE_PREFIX_PATH=/home/henryshum0/SUAS/install/px4_ros_com:/home/henryshum0/SUAS/install/px4_msgs:/home/henryshum0/SUAS/install/flight_control:/opt/ros/humble LD_LIBRARY_PATH=/home/henryshum0/SUAS/install/px4_ros_com/lib:/home/henryshum0/SUAS/install/px4_msgs/lib:/home/henryshum0/SUAS/install/flight_control/lib:/opt/ros/humble/opt/rviz_ogre_vendor/lib:/opt/ros/humble/lib/x86_64-linux-gnu:/opt/ros/humble/lib /usr/bin/cmake --build /home/henryshum0/SUAS/build/flight_control -- -j16 -l16
[0.060s] -- Found ament_cmake: 1.3.11 (/opt/ros/humble/share/ament_cmake/cmake)
[0.138s] -- Found rclcpp: 16.0.11 (/opt/ros/humble/share/rclcpp/cmake)
[0.212s] -- Found rosidl_generator_c: 3.1.6 (/opt/ros/humble/share/rosidl_generator_c/cmake)
[0.214s] -- Found rosidl_adapter: 3.1.6 (/opt/ros/humble/share/rosidl_adapter/cmake)
[0.218s] -- Found rosidl_generator_cpp: 3.1.6 (/opt/ros/humble/share/rosidl_generator_cpp/cmake)
[0.223s] -- Using all available rosidl_typesupport_c: rosidl_typesupport_fastrtps_c;rosidl_typesupport_introspection_c
[0.230s] -- Using all available rosidl_typesupport_cpp: rosidl_typesupport_fastrtps_cpp;rosidl_typesupport_introspection_cpp
[0.247s] -- Found rmw_implementation_cmake: 6.1.2 (/opt/ros/humble/share/rmw_implementation_cmake/cmake)
[0.248s] -- Found rmw_fastrtps_cpp: 6.2.7 (/opt/ros/humble/share/rmw_fastrtps_cpp/cmake)
[1.798s] -- Using RMW implementation 'rmw_fastrtps_cpp' as default
[1.824s] -- Found px4_msgs: 2.0.1 (/home/henryshum0/SUAS/install/px4_msgs/share/px4_msgs/cmake)
[1.830s] -- Found px4_ros_com: 0.1.0 (/home/henryshum0/SUAS/install/px4_ros_com/share/px4_ros_com/cmake)
[1.850s] -- Found rosidl_default_generators: 1.2.0 (/opt/ros/humble/share/rosidl_default_generators/cmake)
[1.994s] -- Found ament_cmake_ros: 0.10.0 (/opt/ros/humble/share/ament_cmake_ros/cmake)
[2.166s] -- Using all available rosidl_typesupport_c: rosidl_typesupport_fastrtps_c;rosidl_typesupport_introspection_c
[2.242s] -- Using all available rosidl_typesupport_cpp: rosidl_typesupport_fastrtps_cpp;rosidl_typesupport_introspection_cpp
[2.257s] -- Found python_cmake_module: 0.10.0 (/opt/ros/humble/share/python_cmake_module/cmake)
[2.273s] -- Using PYTHON_EXECUTABLE: /usr/bin/python3
[2.273s] -- Using PYTHON_INCLUDE_DIRS: /usr/include/python3.10
[2.273s] -- Using PYTHON_LIBRARIES: /usr/lib/x86_64-linux-gnu/libpython3.10.so
[5.318s] -- Could NOT find FFTW (missing: FFTW_INCLUDE_DIRS) 
[5.322s] [0mSetting matplotplusplus compiler options[0m
[5.326s] -- Found ament_lint_auto: 0.12.11 (/opt/ros/humble/share/ament_lint_auto/cmake)
[5.357s] -- Added test 'cppcheck' to perform static code analysis on C / C++ code
[5.358s] -- Configured cppcheck include dirs: /home/henryshum0/SUAS/src/flight_control/include;$<BUILD_INTERFACE:/home/henryshum0/SUAS/src/flight_control/include>
[5.358s] -- Configured cppcheck exclude dirs and/or files: 
[5.367s] -- Added test 'lint_cmake' to check CMake code style
[5.396s] -- Added test 'uncrustify' to check C / C++ code style
[5.396s] -- Configured uncrustify additional arguments: 
[5.399s] -- Added test 'xmllint' to check XML markup files
[5.400s] -- Configuring done
[5.448s] -- Generating done
[5.464s] -- Build files have been written to: /home/henryshum0/SUAS/build/flight_control
[5.482s] [35m[1mConsolidate compiler generated dependencies of target sensor_combined_listener[0m
[5.482s] [35m[1mConsolidate compiler generated dependencies of target flight_control__rosidl_generator_c[0m
[5.484s] [35m[1mConsolidate compiler generated dependencies of target cmd_ack_listener[0m
[5.484s] [35m[1mConsolidate compiler generated dependencies of target publish_trj_listener[0m
[5.484s] [35m[1mConsolidate compiler generated dependencies of target nodesoup[0m
[5.485s] [35m[1mConsolidate compiler generated dependencies of target vehicle_pos_listener[0m
[5.485s] [35m[1mConsolidate compiler generated dependencies of target flight_control_lib[0m
[5.488s] [  1%] Built target flight_control__cpp
[5.489s] [  2%] [32mBuilding CXX object CMakeFiles/user_input.dir/src/user_input.cpp.o[0m
[5.491s] [  5%] Built target flight_control__rosidl_generator_c
[5.495s] [  7%] Built target ament_cmake_python_copy_flight_control
[5.495s] [ 11%] Built target nodesoup
[5.495s] [35m[1mConsolidate compiler generated dependencies of target flight_control__rosidl_typesupport_introspection_cpp[0m
[5.495s] [35m[1mConsolidate compiler generated dependencies of target flight_control__rosidl_typesupport_fastrtps_cpp[0m
[5.496s] [ 13%] Built target sensor_combined_listener
[5.496s] [ 15%] Built target publish_trj_listener
[5.496s] [ 18%] Built target cmd_ack_listener
[5.497s] [35m[1mConsolidate compiler generated dependencies of target flight_control__rosidl_typesupport_cpp[0m
[5.498s] [ 20%] Built target vehicle_pos_listener
[5.498s] [35m[1mConsolidate compiler generated dependencies of target flight_control__rosidl_typesupport_introspection_c[0m
[5.499s] [35m[1mConsolidate compiler generated dependencies of target flight_control__rosidl_typesupport_fastrtps_c[0m
[5.501s] [35m[1mConsolidate compiler generated dependencies of target flight_control__rosidl_typesupport_c[0m
[5.505s] [ 23%] Built target flight_control__rosidl_typesupport_introspection_cpp
[5.505s] [ 29%] Built target flight_control__rosidl_typesupport_fastrtps_cpp
[5.505s] [ 29%] Built target flight_control__rosidl_typesupport_cpp
[5.506s] [ 32%] Built target flight_control__rosidl_typesupport_introspection_c
[5.508s] [ 43%] Built target flight_control__rosidl_typesupport_fastrtps_c
[5.508s] [ 42%] Built target flight_control_lib
[5.508s] [ 46%] Built target flight_control__rosidl_typesupport_c
[5.510s] [35m[1mConsolidate compiler generated dependencies of target matplot[0m
[5.514s] [35m[1mConsolidate compiler generated dependencies of target offboard_controller[0m
[5.518s] [ 46%] Built target flight_control
[5.525s] [ 48%] Built target offboard_controller
[5.530s] [ 50%] Built target flight_control__py
[5.535s] [ 90%] Built target matplot
[5.535s] [35m[1mConsolidate compiler generated dependencies of target flight_control__rosidl_generator_py[0m
[5.542s] [ 92%] Built target flight_control__rosidl_generator_py
[5.548s] [35m[1mConsolidate compiler generated dependencies of target flight_control__rosidl_typesupport_introspection_c__pyext[0m
[5.548s] [35m[1mConsolidate compiler generated dependencies of target flight_control__rosidl_typesupport_fastrtps_c__pyext[0m
[5.548s] [35m[1mConsolidate compiler generated dependencies of target flight_control__rosidl_typesupport_c__pyext[0m
[5.555s] [ 94%] Built target flight_control__rosidl_typesupport_introspection_c__pyext
[5.555s] [ 96%] Built target flight_control__rosidl_typesupport_fastrtps_c__pyext
[5.555s] [ 98%] Built target flight_control__rosidl_typesupport_c__pyext
[5.629s] [01m[K/home/henryshum0/SUAS/src/flight_control/src/user_input.cpp:2:10:[m[K [01;31m[Kfatal error: [m[Kflight_control/msg/user_command.hpp: No such file or directory
[5.629s]     2 | #include [01;31m[K<flight_control/msg/user_command.hpp>[m[K
[5.629s]       |          [01;31m[K^~~~~~~~~~~~~~~~~~~~~~~~~~~~~~~~~~~~~[m[K
[5.629s] compilation terminated.
[5.630s] gmake[2]: *** [CMakeFiles/user_input.dir/build.make:76: CMakeFiles/user_input.dir/src/user_input.cpp.o] Error 1
[5.631s] gmake[1]: *** [CMakeFiles/Makefile2:722: CMakeFiles/user_input.dir/all] Error 2
[5.631s] gmake[1]: *** Waiting for unfinished jobs....
[5.631s] running egg_info
[5.631s] writing flight_control.egg-info/PKG-INFO
[5.631s] writing dependency_links to flight_control.egg-info/dependency_links.txt
[5.632s] writing top-level names to flight_control.egg-info/top_level.txt
[5.633s] reading manifest file 'flight_control.egg-info/SOURCES.txt'
[5.633s] writing manifest file 'flight_control.egg-info/SOURCES.txt'
[5.650s] [ 98%] Built target ament_cmake_python_build_flight_control_egg
[5.650s] gmake: *** [Makefile:146: all] Error 2
[5.653s] Invoked command in '/home/henryshum0/SUAS/build/flight_control' returned '2': CMAKE_PREFIX_PATH=/home/henryshum0/SUAS/install/px4_ros_com:/home/henryshum0/SUAS/install/px4_msgs:/home/henryshum0/SUAS/install/flight_control:/opt/ros/humble LD_LIBRARY_PATH=/home/henryshum0/SUAS/install/px4_ros_com/lib:/home/henryshum0/SUAS/install/px4_msgs/lib:/home/henryshum0/SUAS/install/flight_control/lib:/opt/ros/humble/opt/rviz_ogre_vendor/lib:/opt/ros/humble/lib/x86_64-linux-gnu:/opt/ros/humble/lib /usr/bin/cmake --build /home/henryshum0/SUAS/build/flight_control -- -j16 -l16
