[35m[1mConsolidate compiler generated dependencies of target offboard_controller[0m
[ 50%] [32mBuilding CXX object CMakeFiles/offboard_controller.dir/src/offboard_controller.cpp.o[0m
[01m[K/home/henryshum0/SUAS/src/flight_control/src/offboard_controller.cpp:[m[K In constructor â€˜[01m[Kflight_control::OffboardController::OffboardController()[m[Kâ€™:
[01m[K/home/henryshum0/SUAS/src/flight_control/src/offboard_controller.cpp:13:14:[m[K [01;35m[Kwarning: [m[Kvariable â€˜[01m[Kqos[m[Kâ€™ set but not used [[01;35m[K]8;;https://gcc.gnu.org/onlinedocs/gcc/Warning-Options.html#index-Wunused-but-set-variable-Wunused-but-set-variable]8;;[m[K]
   13 |         auto [01;35m[Kqos[m[K = rclcpp::QoS(rclcpp::QoSInitialization(qos_profile.history, 5), qos_profile);
      |              [01;35m[K^~~[m[K
[100%] [32m[1mLinking CXX executable offboard_controller[0m
/usr/bin/ld: /usr/lib/gcc/x86_64-linux-gnu/11/../../../x86_64-linux-gnu/Scrt1.o: in function `_start':
(.text+0x1b): undefined reference to `main'
/usr/bin/ld: CMakeFiles/offboard_controller.dir/src/offboard_controller.cpp.o: in function `flight_control::OffboardController::local_position_callback(std::unique_ptr<px4_msgs::msg::VehicleLocalPosition_<std::allocator<void> >, std::default_delete<px4_msgs::msg::VehicleLocalPosition_<std::allocator<void> > > >)':
offboard_controller.cpp:(.text+0x1117): undefined reference to `flight_control::utils::enu_ned_convert(Eigen::Matrix<float, 3, 1, 0, 3, 1>&)'
/usr/bin/ld: offboard_controller.cpp:(.text+0x1144): undefined reference to `flight_control::utils::enu_ned_convert(Eigen::Matrix<float, 3, 1, 0, 3, 1>&)'
/usr/bin/ld: offboard_controller.cpp:(.text+0x1171): undefined reference to `flight_control::utils::enu_ned_convert(Eigen::Matrix<float, 3, 1, 0, 3, 1>&)'
collect2: error: ld returned 1 exit status
gmake[2]: *** [CMakeFiles/offboard_controller.dir/build.make:159: offboard_controller] Error 1
gmake[1]: *** [CMakeFiles/Makefile2:137: CMakeFiles/offboard_controller.dir/all] Error 2
gmake: *** [Makefile:146: all] Error 2
