[0.075s] Invoking command in '/home/henryshum0/SUAS/build/flight_control': CMAKE_PREFIX_PATH=/home/henryshum0/SUAS/install/px4_ros_com:/home/henryshum0/SUAS/install/px4_msgs:/home/henryshum0/SUAS/install/flight_control:/opt/ros/humble LD_LIBRARY_PATH=/home/henryshum0/SUAS/install/px4_ros_com/lib:/home/henryshum0/SUAS/install/px4_msgs/lib:/home/henryshum0/SUAS/install/flight_control/lib:/opt/ros/humble/opt/rviz_ogre_vendor/lib:/opt/ros/humble/lib/x86_64-linux-gnu:/opt/ros/humble/lib /usr/bin/cmake --build /home/henryshum0/SUAS/build/flight_control -- -j16 -l16
[0.122s] [35m[1mConsolidate compiler generated dependencies of target flight_control_lib[0m
[0.125s] [  9%] Built target nodesoup
[0.128s] [ 16%] Built target vehicle_pos_listener
[0.128s] [ 14%] Built target sensor_combined_listener
[0.128s] [ 22%] Built target cmd_ack_listener
[0.128s] [ 22%] Built target publish_trj_listener
[0.151s] [ 24%] [32mBuilding CXX object CMakeFiles/flight_control_lib.dir/src/flight_control/flight_executor.cpp.o[0m
[0.161s] [ 86%] Built target matplot
[2.400s] [01m[K/home/henryshum0/SUAS/src/flight_control/src/flight_control/flight_executor.cpp:[m[K In member function â€˜[01m[Kvoid FlightExecutor::publish_control()[m[Kâ€™:
[2.400s] [01m[K/home/henryshum0/SUAS/src/flight_control/src/flight_control/flight_executor.cpp:43:14:[m[K [01;31m[Kerror: [m[Kexpected â€˜[01m[K}[m[Kâ€™ before â€˜[01m[Kelse[m[Kâ€™
[2.400s]    43 |             [32m[K{[m[K[01;31m[Kelse[m[K set_trj_setpoint_pos(waypoint_cmplt_last->target);}
[2.400s]       |             [32m[K~[m[K[01;31m[K^~~~[m[K
[2.400s] [01m[K/home/henryshum0/SUAS/src/flight_control/src/flight_control/flight_executor.cpp:43:14:[m[K [01;31m[Kerror: [m[Kexpected â€˜[01m[K}[m[Kâ€™ before â€˜[01m[Kelse[m[Kâ€™
[2.400s] [01m[K/home/henryshum0/SUAS/src/flight_control/src/flight_control/flight_executor.cpp:39:9:[m[K [01;36m[Knote: [m[Kto match this â€˜[01m[K{[m[Kâ€™
[2.400s]    39 |         [01;36m[K{[m[K
[2.400s]       |         [01;36m[K^[m[K
[2.418s] [01m[K/home/henryshum0/SUAS/src/flight_control/src/flight_control/flight_executor.cpp:43:40:[m[K [01;31m[Kerror: [m[Kâ€˜[01m[Kwaypoint_cmplt_last[m[Kâ€™ was not declared in this scope
[2.418s]    43 |             {else set_trj_setpoint_pos([01;31m[Kwaypoint_cmplt_last[m[K->target);}
[2.418s]       |                                        [01;31m[K^~~~~~~~~~~~~~~~~~~[m[K
[2.418s] [01m[K/home/henryshum0/SUAS/src/flight_control/src/flight_control/flight_executor.cpp:[m[K At global scope:
[2.418s] [01m[K/home/henryshum0/SUAS/src/flight_control/src/flight_control/flight_executor.cpp:47:9:[m[K [01;31m[Kerror: [m[Kexpected unqualified-id before â€˜[01m[Kswitch[m[Kâ€™
[2.418s]    47 |         [01;31m[Kswitch[m[K(waypoint_curr->mission)
[2.418s]       |         [01;31m[K^~~~~~[m[K
[2.418s] [01m[K/home/henryshum0/SUAS/src/flight_control/src/flight_control/flight_executor.cpp:70:5:[m[K [01;31m[Kerror: [m[Kexpected declaration before â€˜[01m[K}[m[Kâ€™ token
[2.418s]    70 |     [01;31m[K}[m[K
[2.418s]       |     [01;31m[K^[m[K
[2.418s] [01m[K/home/henryshum0/SUAS/src/flight_control/src/flight_control/flight_executor.cpp:72:1:[m[K [01;31m[Kerror: [m[Kexpected declaration before â€˜[01m[K}[m[Kâ€™ token
[2.418s]    72 | [01;31m[K}[m[K
[2.418s]       | [01;31m[K^[m[K
[2.452s] [01m[K/home/henryshum0/SUAS/src/flight_control/src/flight_control/flight_executor.cpp:[m[K In member function â€˜[01m[Kvoid FlightExecutor::move_to_waypoint(std::shared_ptr<Waypoint>)[m[Kâ€™:
[2.452s] [01m[K/home/henryshum0/SUAS/src/flight_control/src/flight_control/flight_executor.cpp:155:34:[m[K [01;35m[Kwarning: [m[Ksuggest parentheses around assignment used as truth value [[01;35m[K]8;;https://gcc.gnu.org/onlinedocs/gcc/Warning-Options.html#index-Wparentheses-Wparentheses]8;;[m[K]
[2.453s]   155 |             if([01;35m[Kwaypoint->mission = MISSION::WAYPOINT[m[K) {waypoint->mission_completed = true;}
[2.453s]       |                [01;35m[K~~~~~~~~~~~~~~~~~~^~~~~~~~~~~~~~~~~~~[m[K
[3.004s] gmake[2]: *** [CMakeFiles/flight_control_lib.dir/build.make:104: CMakeFiles/flight_control_lib.dir/src/flight_control/flight_executor.cpp.o] Error 1
[3.004s] gmake[1]: *** [CMakeFiles/Makefile2:212: CMakeFiles/flight_control_lib.dir/all] Error 2
[3.004s] gmake: *** [Makefile:146: all] Error 2
[3.006s] Invoked command in '/home/henryshum0/SUAS/build/flight_control' returned '2': CMAKE_PREFIX_PATH=/home/henryshum0/SUAS/install/px4_ros_com:/home/henryshum0/SUAS/install/px4_msgs:/home/henryshum0/SUAS/install/flight_control:/opt/ros/humble LD_LIBRARY_PATH=/home/henryshum0/SUAS/install/px4_ros_com/lib:/home/henryshum0/SUAS/install/px4_msgs/lib:/home/henryshum0/SUAS/install/flight_control/lib:/opt/ros/humble/opt/rviz_ogre_vendor/lib:/opt/ros/humble/lib/x86_64-linux-gnu:/opt/ros/humble/lib /usr/bin/cmake --build /home/henryshum0/SUAS/build/flight_control -- -j16 -l16
