[0.067s] Invoking command in '/home/henryshum0/SUAS/build/flight_control': AMENT_PREFIX_PATH=/home/henryshum0/SUAS/install/px4_ros_com:/home/henryshum0/SUAS/install/px4_msgs:${AMENT_PREFIX_PATH} CMAKE_PREFIX_PATH=/home/henryshum0/SUAS/install/px4_ros_com:/home/henryshum0/SUAS/install/px4_msgs:/opt/ros/humble LD_LIBRARY_PATH=/home/henryshum0/SUAS/install/px4_ros_com/lib:/home/henryshum0/SUAS/install/px4_msgs/lib:${LD_LIBRARY_PATH} PYTHONPATH=/home/henryshum0/SUAS/install/px4_ros_com/local/lib/python3.10/dist-packages:/home/henryshum0/SUAS/install/px4_msgs/local/lib/python3.10/dist-packages:${PYTHONPATH} /usr/bin/cmake --build /home/henryshum0/SUAS/build/flight_control -- -j16 -l16
[0.091s] [35m[1mConsolidate compiler generated dependencies of target flight_control_lib[0m
[0.105s] [ 28%] [32mBuilding CXX object CMakeFiles/flight_control_lib.dir/src/offboard_controller.cpp.o[0m
[0.105s] [ 28%] [32mBuilding CXX object CMakeFiles/flight_control_lib.dir/src/flight_mode.cpp.o[0m
[0.105s] [ 42%] [32mBuilding CXX object CMakeFiles/flight_control_lib.dir/src/take_off_mode.cpp.o[0m
[2.283s] In file included from [01m[K/home/henryshum0/SUAS/src/flight_control/include/flight_mode/takeoff_mode.hpp:4[m[K,
[2.283s]                  from [01m[K/home/henryshum0/SUAS/src/flight_control/include/flight_control/offboard_controller.hpp:21[m[K,
[2.284s]                  from [01m[K/home/henryshum0/SUAS/src/flight_control/src/offboard_controller.cpp:1[m[K:
[2.284s] [01m[K/home/henryshum0/SUAS/src/flight_control/include/flight_mode/flight_mode.hpp:22:36:[m[K [01;31m[Kerror: [m[Kâ€˜[01m[Kflight_control[m[Kâ€™ was not declared in this scope
[2.284s]    22 |         FlightMode(std::shared_ptr<[01;31m[Kflight_control[m[K::OffboardController> offboard_controller, std::string mode_name);
[2.284s]       |                                    [01;31m[K^~~~~~~~~~~~~~[m[K
[2.284s] [01m[K/home/henryshum0/SUAS/src/flight_control/include/flight_mode/flight_mode.hpp:22:70:[m[K [01;31m[Kerror: [m[Ktemplate argument 1 is invalid
[2.284s]    22 |         FlightMode(std::shared_ptr<flight_control::OffboardController[01;31m[K>[m[K offboard_controller, std::string mode_name);
[2.284s]       |                                                                      [01;31m[K^[m[K
[2.285s] [01m[K/home/henryshum0/SUAS/src/flight_control/include/flight_mode/flight_mode.hpp:40:48:[m[K [01;31m[Kerror: [m[Kâ€˜[01m[KVector3f[m[Kâ€™ does not name a type
[2.285s]    40 |         void publish_trajectory_setpoint(const [01;31m[KVector3f[m[K& input, const float yaw = 0.0);
[2.285s]       |                                                [01;31m[K^~~~~~~~[m[K
[2.286s] [01m[K/home/henryshum0/SUAS/src/flight_control/include/flight_mode/flight_mode.hpp:43:9:[m[K [01;31m[Kerror: [m[Kâ€˜[01m[KVector3f[m[Kâ€™ does not name a type
[2.287s]    43 |         [01;31m[KVector3f[m[K get_enu_local();
[2.287s]       |         [01;31m[K^~~~~~~~[m[K
[2.288s] [01m[K/home/henryshum0/SUAS/src/flight_control/include/flight_mode/flight_mode.hpp:44:9:[m[K [01;31m[Kerror: [m[Kâ€˜[01m[KVector3f[m[Kâ€™ does not name a type
[2.288s]    44 |         [01;31m[KVector3f[m[K get_enu_vel();
[2.288s]       |         [01;31m[K^~~~~~~~[m[K
[2.289s] [01m[K/home/henryshum0/SUAS/src/flight_control/include/flight_mode/flight_mode.hpp:45:9:[m[K [01;31m[Kerror: [m[Kâ€˜[01m[KVector3f[m[Kâ€™ does not name a type
[2.289s]    45 |         [01;31m[KVector3f[m[K get_enu_accel();
[2.289s]       |         [01;31m[K^~~~~~~~[m[K
[2.296s] [01m[K/home/henryshum0/SUAS/src/flight_control/include/flight_mode/flight_mode.hpp:54:25:[m[K [01;31m[Kerror: [m[Kâ€˜[01m[Kflight_control[m[Kâ€™ was not declared in this scope
[2.296s]    54 |         std::shared_ptr<[01;31m[Kflight_control[m[K::OffboardController> offboard_controller;
[2.296s]       |                         [01;31m[K^~~~~~~~~~~~~~[m[K
[2.296s] [01m[K/home/henryshum0/SUAS/src/flight_control/include/flight_mode/flight_mode.hpp:54:59:[m[K [01;31m[Kerror: [m[Ktemplate argument 1 is invalid
[2.296s]    54 |         std::shared_ptr<flight_control::OffboardController[01;31m[K>[m[K offboard_controller;
[2.296s]       |                                                           [01;31m[K^[m[K
[2.303s] In file included from [01m[K/home/henryshum0/SUAS/src/flight_control/include/flight_control/offboard_controller.hpp:21[m[K,
[2.303s]                  from [01m[K/home/henryshum0/SUAS/src/flight_control/src/offboard_controller.cpp:1[m[K:
[2.303s] [01m[K/home/henryshum0/SUAS/src/flight_control/include/flight_mode/takeoff_mode.hpp:11:37:[m[K [01;31m[Kerror: [m[Kâ€˜[01m[Kflight_control[m[Kâ€™ was not declared in this scope
[2.303s]    11 |         TakeoffMode(std::shared_ptr<[01;31m[Kflight_control[m[K::OffboardController> offboard_controller, float takeoff_height);
[2.303s]       |                                     [01;31m[K^~~~~~~~~~~~~~[m[K
[2.303s] [01m[K/home/henryshum0/SUAS/src/flight_control/include/flight_mode/takeoff_mode.hpp:11:71:[m[K [01;31m[Kerror: [m[Ktemplate argument 1 is invalid
[2.303s]    11 |         TakeoffMode(std::shared_ptr<flight_control::OffboardController[01;31m[K>[m[K offboard_controller, float takeoff_height);
[2.303s]       |                                                                       [01;31m[K^[m[K
[2.305s] [01m[K/home/henryshum0/SUAS/src/flight_control/include/flight_mode/takeoff_mode.hpp:17:9:[m[K [01;31m[Kerror: [m[Kâ€˜[01m[KVector3f[m[Kâ€™ does not name a type
[2.305s]    17 |         [01;31m[KVector3f[m[K target_pos;
[2.305s]       |         [01;31m[K^~~~~~~~[m[K
[2.347s] In file included from [01m[K/home/henryshum0/SUAS/src/flight_control/include/flight_control/offboard_controller.hpp:21[m[K,
[2.347s]                  from [01m[K/home/henryshum0/SUAS/src/flight_control/include/flight_mode/flight_mode.hpp:6[m[K,
[2.347s]                  from [01m[K/home/henryshum0/SUAS/src/flight_control/src/flight_mode.cpp:1[m[K:
[2.347s] [01m[K/home/henryshum0/SUAS/src/flight_control/include/flight_mode/takeoff_mode.hpp:9:5:[m[K [01;31m[Kerror: [m[Kexpected class-name before â€˜[01m[K{[m[Kâ€™ token
[2.347s]     9 |     [01;31m[K{[m[K
[2.347s]       |     [01;31m[K^[m[K
[2.354s] [01m[K/home/henryshum0/SUAS/src/flight_control/include/flight_mode/takeoff_mode.hpp:11:37:[m[K [01;31m[Kerror: [m[Kâ€˜[01m[Kflight_control[m[Kâ€™ was not declared in this scope
[2.354s]    11 |         TakeoffMode(std::shared_ptr<[01;31m[Kflight_control[m[K::OffboardController> offboard_controller, float takeoff_height);
[2.355s]       |                                     [01;31m[K^~~~~~~~~~~~~~[m[K
[2.355s] [01m[K/home/henryshum0/SUAS/src/flight_control/include/flight_mode/takeoff_mode.hpp:11:71:[m[K [01;31m[Kerror: [m[Ktemplate argument 1 is invalid
[2.355s]    11 |         TakeoffMode(std::shared_ptr<flight_control::OffboardController[01;31m[K>[m[K offboard_controller, float takeoff_height);
[2.355s]       |                                                                       [01;31m[K^[m[K
[2.356s] [01m[K/home/henryshum0/SUAS/src/flight_control/include/flight_mode/takeoff_mode.hpp:17:9:[m[K [01;31m[Kerror: [m[Kâ€˜[01m[KVector3f[m[Kâ€™ does not name a type
[2.356s]    17 |         [01;31m[KVector3f[m[K target_pos;
[2.356s]       |         [01;31m[K^~~~~~~~[m[K
[2.672s] [01m[K/home/henryshum0/SUAS/src/flight_control/src/offboard_controller.cpp:[m[K In member function â€˜[01m[Kvoid flight_control::OffboardController::execute()[m[Kâ€™:
[2.672s] [01m[K/home/henryshum0/SUAS/src/flight_control/src/offboard_controller.cpp:47:110:[m[K [01;31m[Kerror: [m[Kno matching function for call to â€˜[01m[Kflight_mode::TakeoffMode::TakeoffMode(std::shared_ptr<flight_control::OffboardController>&, float)[m[Kâ€™
[2.672s]    47 |             auto take_off = std::unique_ptr<flight_mode::TakeoffMode>(new flight_mode::TakeoffMode(self, 5.0f[01;31m[K)[m[K);
[2.672s]       |                                                                                                              [01;31m[K^[m[K
[2.672s] In file included from [01m[K/home/henryshum0/SUAS/src/flight_control/include/flight_control/offboard_controller.hpp:21[m[K,
[2.672s]                  from [01m[K/home/henryshum0/SUAS/src/flight_control/src/offboard_controller.cpp:1[m[K:
[2.672s] [01m[K/home/henryshum0/SUAS/src/flight_control/include/flight_mode/takeoff_mode.hpp:11:9:[m[K [01;36m[Knote: [m[Kcandidate: â€˜[01m[Kflight_mode::TakeoffMode::TakeoffMode(int, float)[m[Kâ€™
[2.672s]    11 |         [01;36m[KTakeoffMode[m[K(std::shared_ptr<flight_control::OffboardController> offboard_controller, float takeoff_height);
[2.672s]       |         [01;36m[K^~~~~~~~~~~[m[K
[2.672s] [01m[K/home/henryshum0/SUAS/src/flight_control/include/flight_mode/takeoff_mode.hpp:11:73:[m[K [01;36m[Knote: [m[K  no known conversion for argument 1 from â€˜[01m[Kstd::shared_ptr<flight_control::OffboardController>[m[Kâ€™ to â€˜[01m[Kint[m[Kâ€™
[2.673s]    11 |         TakeoffMode([01;36m[Kstd::shared_ptr<flight_control::OffboardController> offboard_controller[m[K, float takeoff_height);
[2.673s]       |                     [01;36m[K~~~~~~~~~~~~~~~~~~~~~~~~~~~~~~~~~~~~~~~~~~~~~~~~~~~~^~~~~~~~~~~~~~~~~~~[m[K
[2.673s] [01m[K/home/henryshum0/SUAS/src/flight_control/include/flight_mode/takeoff_mode.hpp:8:11:[m[K [01;36m[Knote: [m[Kcandidate: â€˜[01m[Kflight_mode::TakeoffMode::TakeoffMode(const flight_mode::TakeoffMode&)[m[Kâ€™
[2.673s]     8 |     class [01;36m[KTakeoffMode[m[K : public FlightMode
[2.673s]       |           [01;36m[K^~~~~~~~~~~[m[K
[2.673s] [01m[K/home/henryshum0/SUAS/src/flight_control/include/flight_mode/takeoff_mode.hpp:8:11:[m[K [01;36m[Knote: [m[K  candidate expects 1 argument, 2 provided
[2.673s] [01m[K/home/henryshum0/SUAS/src/flight_control/include/flight_mode/takeoff_mode.hpp:8:11:[m[K [01;36m[Knote: [m[Kcandidate: â€˜[01m[Kflight_mode::TakeoffMode::TakeoffMode(flight_mode::TakeoffMode&&)[m[Kâ€™
[2.673s] [01m[K/home/henryshum0/SUAS/src/flight_control/include/flight_mode/takeoff_mode.hpp:8:11:[m[K [01;36m[Knote: [m[K  candidate expects 1 argument, 2 provided
[2.883s] gmake[2]: *** [CMakeFiles/flight_control_lib.dir/build.make:90: CMakeFiles/flight_control_lib.dir/src/flight_mode.cpp.o] Error 1
[2.883s] gmake[2]: *** Waiting for unfinished jobs....
[5.234s] gmake[2]: *** [CMakeFiles/flight_control_lib.dir/build.make:76: CMakeFiles/flight_control_lib.dir/src/offboard_controller.cpp.o] Error 1
[5.234s] gmake[1]: *** [CMakeFiles/Makefile2:139: CMakeFiles/flight_control_lib.dir/all] Error 2
[5.234s] gmake: *** [Makefile:146: all] Error 2
[5.237s] Invoked command in '/home/henryshum0/SUAS/build/flight_control' returned '2': AMENT_PREFIX_PATH=/home/henryshum0/SUAS/install/px4_ros_com:/home/henryshum0/SUAS/install/px4_msgs:${AMENT_PREFIX_PATH} CMAKE_PREFIX_PATH=/home/henryshum0/SUAS/install/px4_ros_com:/home/henryshum0/SUAS/install/px4_msgs:/opt/ros/humble LD_LIBRARY_PATH=/home/henryshum0/SUAS/install/px4_ros_com/lib:/home/henryshum0/SUAS/install/px4_msgs/lib:${LD_LIBRARY_PATH} PYTHONPATH=/home/henryshum0/SUAS/install/px4_ros_com/local/lib/python3.10/dist-packages:/home/henryshum0/SUAS/install/px4_msgs/local/lib/python3.10/dist-packages:${PYTHONPATH} /usr/bin/cmake --build /home/henryshum0/SUAS/build/flight_control -- -j16 -l16
