[0.070s] Invoking command in '/home/henryshum0/SUAS/build/flight_control': AMENT_PREFIX_PATH=/home/henryshum0/SUAS/install/px4_ros_com:/home/henryshum0/SUAS/install/px4_msgs:${AMENT_PREFIX_PATH} CMAKE_PREFIX_PATH=/home/henryshum0/SUAS/install/px4_ros_com:/home/henryshum0/SUAS/install/px4_msgs:/opt/ros/humble LD_LIBRARY_PATH=/home/henryshum0/SUAS/install/px4_ros_com/lib:/home/henryshum0/SUAS/install/px4_msgs/lib:${LD_LIBRARY_PATH} PYTHONPATH=/home/henryshum0/SUAS/install/px4_ros_com/local/lib/python3.10/dist-packages:/home/henryshum0/SUAS/install/px4_msgs/local/lib/python3.10/dist-packages:${PYTHONPATH} /usr/bin/cmake --build /home/henryshum0/SUAS/build/flight_control -- -j16 -l16
[0.096s] [35m[1mConsolidate compiler generated dependencies of target flight_control_lib[0m
[0.111s] [ 14%] [32mBuilding CXX object CMakeFiles/flight_control_lib.dir/src/offboard_controller.cpp.o[0m
[0.111s] [ 28%] [32mBuilding CXX object CMakeFiles/flight_control_lib.dir/src/flight_mode.cpp.o[0m
[0.111s] [ 42%] [32mBuilding CXX object CMakeFiles/flight_control_lib.dir/src/take_off_mode.cpp.o[0m
[1.683s] In file included from [01m[K/home/henryshum0/SUAS/src/flight_control/include/flight_mode/takeoff_mode.hpp:4[m[K,
[1.683s]                  from [01m[K/home/henryshum0/SUAS/src/flight_control/src/take_off_mode.cpp:1[m[K:
[1.683s] [01m[K/home/henryshum0/SUAS/src/flight_control/include/flight_mode/flight_mode.hpp:20:36:[m[K [01;31m[Kerror: [m[Kâ€˜[01m[Kflight_control[m[Kâ€™ was not declared in this scope
[1.683s]    20 |         FlightMode(std::shared_ptr<[01;31m[Kflight_control[m[K::OffboardController> offboard_controller, std::string mode_name);
[1.683s]       |                                    [01;31m[K^~~~~~~~~~~~~~[m[K
[1.683s] [01m[K/home/henryshum0/SUAS/src/flight_control/include/flight_mode/flight_mode.hpp:20:70:[m[K [01;31m[Kerror: [m[Ktemplate argument 1 is invalid
[1.683s]    20 |         FlightMode(std::shared_ptr<flight_control::OffboardController[01;31m[K>[m[K offboard_controller, std::string mode_name);
[1.683s]       |                                                                      [01;31m[K^[m[K
[1.684s] [01m[K/home/henryshum0/SUAS/src/flight_control/include/flight_mode/flight_mode.hpp:38:48:[m[K [01;31m[Kerror: [m[Kâ€˜[01m[KVector3f[m[Kâ€™ does not name a type
[1.684s]    38 |         void publish_trajectory_setpoint(const [01;31m[KVector3f[m[K& input, const float yaw = 0.0);
[1.684s]       |                                                [01;31m[K^~~~~~~~[m[K
[1.685s] [01m[K/home/henryshum0/SUAS/src/flight_control/include/flight_mode/flight_mode.hpp:41:9:[m[K [01;31m[Kerror: [m[Kâ€˜[01m[KVector3f[m[Kâ€™ does not name a type
[1.685s]    41 |         [01;31m[KVector3f[m[K get_enu_local();
[1.685s]       |         [01;31m[K^~~~~~~~[m[K
[1.685s] In file included from [01m[K/home/henryshum0/SUAS/src/flight_control/src/flight_mode.cpp:1[m[K:
[1.685s] [01m[K/home/henryshum0/SUAS/src/flight_control/include/flight_mode/flight_mode.hpp:20:36:[m[K [01;31m[Kerror: [m[Kâ€˜[01m[Kflight_control[m[Kâ€™ was not declared in this scope
[1.685s]    20 |         FlightMode(std::shared_ptr<[01;31m[Kflight_control[m[K::OffboardController> offboard_controller, std::string mode_name);
[1.685s]       |                                    [01;31m[K^~~~~~~~~~~~~~[m[K
[1.685s] [01m[K/home/henryshum0/SUAS/src/flight_control/include/flight_mode/flight_mode.hpp:20:70:[m[K [01;31m[Kerror: [m[Ktemplate argument 1 is invalid
[1.685s]    20 |         FlightMode(std::shared_ptr<flight_control::OffboardController[01;31m[K>[m[K offboard_controller, std::string mode_name);
[1.685s]       |                                                                      [01;31m[K^[m[K
[1.686s] [01m[K/home/henryshum0/SUAS/src/flight_control/include/flight_mode/flight_mode.hpp:42:9:[m[K [01;31m[Kerror: [m[Kâ€˜[01m[KVector3f[m[Kâ€™ does not name a type
[1.686s]    42 |         [01;31m[KVector3f[m[K get_enu_vel();
[1.686s]       |         [01;31m[K^~~~~~~~[m[K
[1.687s] [01m[K/home/henryshum0/SUAS/src/flight_control/include/flight_mode/flight_mode.hpp:38:48:[m[K [01;31m[Kerror: [m[Kâ€˜[01m[KVector3f[m[Kâ€™ does not name a type
[1.687s]    38 |         void publish_trajectory_setpoint(const [01;31m[KVector3f[m[K& input, const float yaw = 0.0);
[1.687s]       |                                                [01;31m[K^~~~~~~~[m[K
[1.687s] [01m[K/home/henryshum0/SUAS/src/flight_control/include/flight_mode/flight_mode.hpp:43:9:[m[K [01;31m[Kerror: [m[Kâ€˜[01m[KVector3f[m[Kâ€™ does not name a type
[1.687s]    43 |         [01;31m[KVector3f[m[K get_enu_accel();
[1.687s]       |         [01;31m[K^~~~~~~~[m[K
[1.688s] [01m[K/home/henryshum0/SUAS/src/flight_control/include/flight_mode/flight_mode.hpp:41:9:[m[K [01;31m[Kerror: [m[Kâ€˜[01m[KVector3f[m[Kâ€™ does not name a type
[1.688s]    41 |         [01;31m[KVector3f[m[K get_enu_local();
[1.688s]       |         [01;31m[K^~~~~~~~[m[K
[1.689s] [01m[K/home/henryshum0/SUAS/src/flight_control/include/flight_mode/flight_mode.hpp:42:9:[m[K [01;31m[Kerror: [m[Kâ€˜[01m[KVector3f[m[Kâ€™ does not name a type
[1.689s]    42 |         [01;31m[KVector3f[m[K get_enu_vel();
[1.689s]       |         [01;31m[K^~~~~~~~[m[K
[1.690s] [01m[K/home/henryshum0/SUAS/src/flight_control/include/flight_mode/flight_mode.hpp:43:9:[m[K [01;31m[Kerror: [m[Kâ€˜[01m[KVector3f[m[Kâ€™ does not name a type
[1.690s]    43 |         [01;31m[KVector3f[m[K get_enu_accel();
[1.690s]       |         [01;31m[K^~~~~~~~[m[K
[1.692s] [01m[K/home/henryshum0/SUAS/src/flight_control/include/flight_mode/flight_mode.hpp:52:25:[m[K [01;31m[Kerror: [m[Kâ€˜[01m[Kflight_control[m[Kâ€™ was not declared in this scope
[1.692s]    52 |         std::shared_ptr<[01;31m[Kflight_control[m[K::OffboardController> offboard_controller;
[1.692s]       |                         [01;31m[K^~~~~~~~~~~~~~[m[K
[1.692s] [01m[K/home/henryshum0/SUAS/src/flight_control/include/flight_mode/flight_mode.hpp:52:59:[m[K [01;31m[Kerror: [m[Ktemplate argument 1 is invalid
[1.693s]    52 |         std::shared_ptr<flight_control::OffboardController[01;31m[K>[m[K offboard_controller;
[1.693s]       |                                                           [01;31m[K^[m[K
[1.695s] [01m[K/home/henryshum0/SUAS/src/flight_control/include/flight_mode/flight_mode.hpp:52:25:[m[K [01;31m[Kerror: [m[Kâ€˜[01m[Kflight_control[m[Kâ€™ was not declared in this scope
[1.695s]    52 |         std::shared_ptr<[01;31m[Kflight_control[m[K::OffboardController> offboard_controller;
[1.695s]       |                         [01;31m[K^~~~~~~~~~~~~~[m[K
[1.695s] [01m[K/home/henryshum0/SUAS/src/flight_control/include/flight_mode/flight_mode.hpp:52:59:[m[K [01;31m[Kerror: [m[Ktemplate argument 1 is invalid
[1.695s]    52 |         std::shared_ptr<flight_control::OffboardController[01;31m[K>[m[K offboard_controller;
[1.695s]       |                                                           [01;31m[K^[m[K
[1.698s] In file included from [01m[K/home/henryshum0/SUAS/src/flight_control/src/take_off_mode.cpp:1[m[K:
[1.698s] [01m[K/home/henryshum0/SUAS/src/flight_control/include/flight_mode/takeoff_mode.hpp:11:37:[m[K [01;31m[Kerror: [m[Kâ€˜[01m[Kflight_control[m[Kâ€™ was not declared in this scope
[1.698s]    11 |         TakeoffMode(std::shared_ptr<[01;31m[Kflight_control[m[K::OffboardController> offboard_controller, float takeoff_height);
[1.698s]       |                                     [01;31m[K^~~~~~~~~~~~~~[m[K
[1.698s] [01m[K/home/henryshum0/SUAS/src/flight_control/include/flight_mode/takeoff_mode.hpp:11:71:[m[K [01;31m[Kerror: [m[Ktemplate argument 1 is invalid
[1.698s]    11 |         TakeoffMode(std::shared_ptr<flight_control::OffboardController[01;31m[K>[m[K offboard_controller, float takeoff_height);
[1.698s]       |                                                                       [01;31m[K^[m[K
[1.699s] [01m[K/home/henryshum0/SUAS/src/flight_control/include/flight_mode/takeoff_mode.hpp:17:9:[m[K [01;31m[Kerror: [m[Kâ€˜[01m[KVector3f[m[Kâ€™ does not name a type
[1.699s]    17 |         [01;31m[KVector3f[m[K target_pos;
[1.699s]       |         [01;31m[K^~~~~~~~[m[K
[1.701s] [01m[K/home/henryshum0/SUAS/src/flight_control/src/flight_mode.cpp:5:44:[m[K [01;31m[Kerror: [m[Kâ€˜[01m[Kflight_control[m[Kâ€™ was not declared in this scope
[1.701s]     5 |     FlightMode::FlightMode(std::shared_ptr<[01;31m[Kflight_control[m[K::OffboardController> offboard_controller, std::string mode_name)
[1.701s]       |                                            [01;31m[K^~~~~~~~~~~~~~[m[K
[1.701s] [01m[K/home/henryshum0/SUAS/src/flight_control/src/flight_mode.cpp:5:78:[m[K [01;31m[Kerror: [m[Ktemplate argument 1 is invalid
[1.701s]     5 |     FlightMode::FlightMode(std::shared_ptr<flight_control::OffboardController[01;31m[K>[m[K offboard_controller, std::string mode_name)
[1.701s]       |                                                                              [01;31m[K^[m[K
[1.705s] [01m[K/home/henryshum0/SUAS/src/flight_control/src/take_off_mode.cpp:5:46:[m[K [01;31m[Kerror: [m[Kâ€˜[01m[Kflight_control[m[Kâ€™ was not declared in this scope
[1.705s]     5 |     TakeoffMode::TakeoffMode(std::shared_ptr<[01;31m[Kflight_control[m[K::OffboardController> offboard_controller, float takeoff_height)
[1.705s]       |                                              [01;31m[K^~~~~~~~~~~~~~[m[K
[1.705s] [01m[K/home/henryshum0/SUAS/src/flight_control/src/take_off_mode.cpp:5:80:[m[K [01;31m[Kerror: [m[Ktemplate argument 1 is invalid
[1.705s]     5 |     TakeoffMode::TakeoffMode(std::shared_ptr<flight_control::OffboardController[01;31m[K>[m[K offboard_controller, float takeoff_height)
[1.705s]       |                                                                                [01;31m[K^[m[K
[1.706s] [01m[K/home/henryshum0/SUAS/src/flight_control/src/flight_mode.cpp:5:44:[m[K [01;31m[Kerror: [m[Kâ€˜[01m[Kflight_control[m[Kâ€™ was not declared in this scope
[1.707s]     5 |     FlightMode::FlightMode(std::shared_ptr<[01;31m[Kflight_control[m[K::OffboardController> offboard_controller, std::string mode_name)
[1.707s]       |                                            [01;31m[K^~~~~~~~~~~~~~[m[K
[1.707s] [01m[K/home/henryshum0/SUAS/src/flight_control/src/flight_mode.cpp:5:78:[m[K [01;31m[Kerror: [m[Ktemplate argument 1 is invalid
[1.707s]     5 |     FlightMode::FlightMode(std::shared_ptr<flight_control::OffboardController[01;31m[K>[m[K offboard_controller, std::string mode_name)
[1.707s]       |                                                                              [01;31m[K^[m[K
[1.710s] [01m[K/home/henryshum0/SUAS/src/flight_control/src/take_off_mode.cpp:5:46:[m[K [01;31m[Kerror: [m[Kâ€˜[01m[Kflight_control[m[Kâ€™ was not declared in this scope
[1.710s]     5 |     TakeoffMode::TakeoffMode(std::shared_ptr<[01;31m[Kflight_control[m[K::OffboardController> offboard_controller, float takeoff_height)
[1.710s]       |                                              [01;31m[K^~~~~~~~~~~~~~[m[K
[1.710s] [01m[K/home/henryshum0/SUAS/src/flight_control/src/take_off_mode.cpp:5:80:[m[K [01;31m[Kerror: [m[Ktemplate argument 1 is invalid
[1.710s]     5 |     TakeoffMode::TakeoffMode(std::shared_ptr<flight_control::OffboardController[01;31m[K>[m[K offboard_controller, float takeoff_height)
[1.710s]       |                                                                                [01;31m[K^[m[K
[1.712s] [01m[K/home/henryshum0/SUAS/src/flight_control/src/flight_mode.cpp:5:44:[m[K [01;31m[Kerror: [m[Kâ€˜[01m[Kflight_control[m[Kâ€™ was not declared in this scope
[1.712s]     5 |     FlightMode::FlightMode(std::shared_ptr<[01;31m[Kflight_control[m[K::OffboardController> offboard_controller, std::string mode_name)
[1.712s]       |                                            [01;31m[K^~~~~~~~~~~~~~[m[K
[1.712s] [01m[K/home/henryshum0/SUAS/src/flight_control/src/flight_mode.cpp:5:78:[m[K [01;31m[Kerror: [m[Ktemplate argument 1 is invalid
[1.712s]     5 |     FlightMode::FlightMode(std::shared_ptr<flight_control::OffboardController[01;31m[K>[m[K offboard_controller, std::string mode_name)
[1.712s]       |                                                                              [01;31m[K^[m[K
[1.712s] [01m[K/home/henryshum0/SUAS/src/flight_control/src/flight_mode.cpp:5:28:[m[K [01;31m[Kerror: [m[Kinvalid template-id
[1.712s]     5 |     FlightMode::FlightMode([01;31m[Kstd[m[K::shared_ptr<flight_control::OffboardController> offboard_controller, std::string mode_name)
[1.712s]       |                            [01;31m[K^~~[m[K
[1.715s] [01m[K/home/henryshum0/SUAS/src/flight_control/src/take_off_mode.cpp:5:46:[m[K [01;31m[Kerror: [m[Kâ€˜[01m[Kflight_control[m[Kâ€™ was not declared in this scope
[1.715s]     5 |     TakeoffMode::TakeoffMode(std::shared_ptr<[01;31m[Kflight_control[m[K::OffboardController> offboard_controller, float takeoff_height)
[1.715s]       |                                              [01;31m[K^~~~~~~~~~~~~~[m[K
[1.715s] [01m[K/home/henryshum0/SUAS/src/flight_control/src/take_off_mode.cpp:5:80:[m[K [01;31m[Kerror: [m[Ktemplate argument 1 is invalid
[1.715s]     5 |     TakeoffMode::TakeoffMode(std::shared_ptr<flight_control::OffboardController[01;31m[K>[m[K offboard_controller, float takeoff_height)
[1.715s]       |                                                                                [01;31m[K^[m[K
[1.715s] [01m[K/home/henryshum0/SUAS/src/flight_control/src/take_off_mode.cpp:5:30:[m[K [01;31m[Kerror: [m[Kinvalid template-id
[1.715s]     5 |     TakeoffMode::TakeoffMode([01;31m[Kstd[m[K::shared_ptr<flight_control::OffboardController> offboard_controller, float takeoff_height)
[1.715s]       |                              [01;31m[K^~~[m[K
[1.717s] [01m[K/home/henryshum0/SUAS/src/flight_control/src/flight_mode.cpp:5:44:[m[K [01;31m[Kerror: [m[Kâ€˜[01m[Kflight_control[m[Kâ€™ was not declared in this scope
[1.717s]     5 |     FlightMode::FlightMode(std::shared_ptr<[01;31m[Kflight_control[m[K::OffboardController> offboard_controller, std::string mode_name)
[1.717s]       |                                            [01;31m[K^~~~~~~~~~~~~~[m[K
[1.717s] [01m[K/home/henryshum0/SUAS/src/flight_control/src/flight_mode.cpp:5:27:[m[K [01;31m[Kerror: [m[Kexpected constructor, destructor, or type conversion before â€˜[01m[K([m[Kâ€™ token
[1.717s]     5 |     FlightMode::FlightMode[01;31m[K([m[Kstd::shared_ptr<flight_control::OffboardController> offboard_controller, std::string mode_name)
[1.717s]       |                           [01;31m[K^[m[K
[1.717s] [01m[K/home/henryshum0/SUAS/src/flight_control/src/flight_mode.cpp:[m[K In member function â€˜[01m[Kvoid flight_mode::FlightMode::publish_vehicle_command(uint16_t, float, float)[m[Kâ€™:
[1.717s] [01m[K/home/henryshum0/SUAS/src/flight_control/src/flight_mode.cpp:14:35:[m[K [01;31m[Kerror: [m[Kbase operand of â€˜[01m[K->[m[Kâ€™ is not a pointer
[1.717s]    14 |         this->offboard_controller [01;31m[K->[m[K publish_vehicle_command(command, param1, param2);
[1.717s]       |                                   [01;31m[K^~[m[K
[1.717s] [01m[K/home/henryshum0/SUAS/src/flight_control/src/flight_mode.cpp:[m[K In member function â€˜[01m[Kvoid flight_mode::FlightMode::publish_offboard_mode()[m[Kâ€™:
[1.717s] [01m[K/home/henryshum0/SUAS/src/flight_control/src/flight_mode.cpp:18:35:[m[K [01;31m[Kerror: [m[Kbase operand of â€˜[01m[K->[m[Kâ€™ is not a pointer
[1.717s]    18 |         this->offboard_controller [01;31m[K->[m[K publish_offboard_mode();
[1.717s]       |                                   [01;31m[K^~[m[K
[1.718s] [01m[K/home/henryshum0/SUAS/src/flight_control/src/flight_mode.cpp:[m[K At global scope:
[1.718s] [01m[K/home/henryshum0/SUAS/src/flight_control/src/flight_mode.cpp:20:56:[m[K [01;31m[Kerror: [m[Kâ€˜[01m[KVector3f[m[Kâ€™ does not name a type
[1.718s]    20 |     void FlightMode::publish_trajectory_setpoint(const [01;31m[KVector3f[m[K& input, const float yaw){
[1.718s]       |                                                        [01;31m[K^~~~~~~~[m[K
[1.718s] [01m[K/home/henryshum0/SUAS/src/flight_control/src/flight_mode.cpp:[m[K In member function â€˜[01m[Kvoid flight_mode::FlightMode::publish_trajectory_setpoint(const int&, float)[m[Kâ€™:
[1.718s] [01m[K/home/henryshum0/SUAS/src/flight_control/src/flight_mode.cpp:21:35:[m[K [01;31m[Kerror: [m[Kbase operand of â€˜[01m[K->[m[Kâ€™ is not a pointer
[1.718s]    21 |         this->offboard_controller [01;31m[K->[m[K publish_trajectory_setpoint(input, yaw);
[1.718s]       |                                   [01;31m[K^~[m[K
[1.719s] [01m[K/home/henryshum0/SUAS/src/flight_control/src/flight_mode.cpp:[m[K At global scope:
[1.719s] [01m[K/home/henryshum0/SUAS/src/flight_control/src/flight_mode.cpp:25:5:[m[K [01;31m[Kerror: [m[Kâ€˜[01m[KVector3f[m[Kâ€™ does not name a type
[1.719s]    25 |     [01;31m[KVector3f[m[K FlightMode::get_enu_local()
[1.719s]       |     [01;31m[K^~~~~~~~[m[K
[1.720s] [01m[K/home/henryshum0/SUAS/src/flight_control/src/flight_mode.cpp:29:5:[m[K [01;31m[Kerror: [m[Kâ€˜[01m[KVector3f[m[Kâ€™ does not name a type
[1.720s]    29 |     [01;31m[KVector3f[m[K FlightMode::get_enu_vel()
[1.720s]       |     [01;31m[K^~~~~~~~[m[K
[1.721s] [01m[K/home/henryshum0/SUAS/src/flight_control/src/take_off_mode.cpp:5:46:[m[K [01;31m[Kerror: [m[Kâ€˜[01m[Kflight_control[m[Kâ€™ was not declared in this scope
[1.721s]     5 |     TakeoffMode::TakeoffMode(std::shared_ptr<[01;31m[Kflight_control[m[K::OffboardController> offboard_controller, float takeoff_height)
[1.721s]       |                                              [01;31m[K^~~~~~~~~~~~~~[m[K
[1.721s] [01m[K/home/henryshum0/SUAS/src/flight_control/src/take_off_mode.cpp:5:29:[m[K [01;31m[Kerror: [m[Kexpected constructor, destructor, or type conversion before â€˜[01m[K([m[Kâ€™ token
[1.721s]     5 |     TakeoffMode::TakeoffMode[01;31m[K([m[Kstd::shared_ptr<flight_control::OffboardController> offboard_controller, float takeoff_height)
[1.721s]       |                             [01;31m[K^[m[K
[1.721s] [01m[K/home/henryshum0/SUAS/src/flight_control/src/take_off_mode.cpp:[m[K In member function â€˜[01m[Kvoid flight_mode::TakeoffMode::execute_mode()[m[Kâ€™:
[1.721s] [01m[K/home/henryshum0/SUAS/src/flight_control/src/take_off_mode.cpp:20:45:[m[K [01;31m[Kerror: [m[Kâ€˜[01m[KVehicleCommand[m[Kâ€™ has not been declared
[1.721s]    20 |             this -> publish_vehicle_command([01;31m[KVehicleCommand[m[K::VEHICLE_CMD_COMPONENT_ARM_DISARM, 1.0);
[1.721s]       |                                             [01;31m[K^~~~~~~~~~~~~~[m[K
[1.721s] [01m[K/home/henryshum0/SUAS/src/flight_control/src/flight_mode.cpp:33:5:[m[K [01;31m[Kerror: [m[Kâ€˜[01m[KVector3f[m[Kâ€™ does not name a type
[1.721s]    33 |     [01;31m[KVector3f[m[K FlightMode::get_enu_accel()
[1.721s]       |     [01;31m[K^~~~~~~~[m[K
[1.721s] [01m[K/home/henryshum0/SUAS/src/flight_control/src/flight_mode.cpp:[m[K In member function â€˜[01m[Kbool flight_mode::FlightMode::get_armed()[m[Kâ€™:
[1.722s] [01m[K/home/henryshum0/SUAS/src/flight_control/src/flight_mode.cpp:39:41:[m[K [01;31m[Kerror: [m[Kbase operand of â€˜[01m[K->[m[Kâ€™ is not a pointer
[1.722s]    39 |         return this->offboard_controller[01;31m[K->[m[Kget_is_armed();
[1.722s]       |                                         [01;31m[K^~[m[K
[1.722s] [01m[K/home/henryshum0/SUAS/src/flight_control/src/flight_mode.cpp:[m[K In member function â€˜[01m[Kvoid flight_mode::FlightMode::set_trajectory_mode(flight_mode::OffboardTrajectoryControlModeEnum)[m[Kâ€™:
[1.722s] [01m[K/home/henryshum0/SUAS/src/flight_control/src/flight_mode.cpp:45:37:[m[K [01;31m[Kerror: [m[Kbase operand of â€˜[01m[K->[m[Kâ€™ is not a pointer
[1.722s]    45 |         this -> offboard_controller [01;31m[K->[m[Kset_trajectory_mode(mode);
[1.722s]       |                                     [01;31m[K^~[m[K
[1.722s] [01m[K/home/henryshum0/SUAS/src/flight_control/src/flight_mode.cpp:[m[K In member function â€˜[01m[Kvoid flight_mode::FlightMode::set_is_complete(bool)[m[Kâ€™:
[1.722s] [01m[K/home/henryshum0/SUAS/src/flight_control/src/flight_mode.cpp:49:37:[m[K [01;31m[Kerror: [m[Kbase operand of â€˜[01m[K->[m[Kâ€™ is not a pointer
[1.722s]    49 |         this -> offboard_controller [01;31m[K->[m[Kset_mode_complete(is_not);
[1.722s]       |                                     [01;31m[K^~[m[K
[1.722s] [01m[K/home/henryshum0/SUAS/src/flight_control/src/take_off_mode.cpp:24:19:[m[K [01;31m[Kerror: [m[Kâ€˜[01m[KVector3f[m[Kâ€™ does not name a type
[1.722s]    24 |             const [01;31m[KVector3f[m[K pos = this->get_enu_local();
[1.722s]       |                   [01;31m[K^~~~~~~~[m[K
[1.725s] [01m[K/home/henryshum0/SUAS/src/flight_control/src/take_off_mode.cpp:25:33:[m[K [01;31m[Kerror: [m[Kâ€˜[01m[Kpos[m[Kâ€™ was not declared in this scope; did you mean â€˜[01m[Kpow[m[Kâ€™?
[1.725s]    25 |             const float rmsd = ([01;31m[Kpos[m[K - this->target_pos).norm();
[1.725s]       |                                 [01;31m[K^~~[m[K
[1.725s]       |                                 [32m[Kpow[m[K
[1.725s] [01m[K/home/henryshum0/SUAS/src/flight_control/src/take_off_mode.cpp:25:45:[m[K [01;31m[Kerror: [m[Kâ€˜[01m[Kclass flight_mode::TakeoffMode[m[Kâ€™ has no member named â€˜[01m[Ktarget_pos[m[Kâ€™
[1.725s]    25 |             const float rmsd = (pos - this->[01;31m[Ktarget_pos[m[K).norm();
[1.725s]       |                                             [01;31m[K^~~~~~~~~~[m[K
[1.725s] [01m[K/home/henryshum0/SUAS/src/flight_control/src/take_off_mode.cpp:30:53:[m[K [01;31m[Kerror: [m[Kâ€˜[01m[Kclass flight_mode::TakeoffMode[m[Kâ€™ has no member named â€˜[01m[Ktarget_pos[m[Kâ€™
[1.725s]    30 |             this->publish_trajectory_setpoint(this->[01;31m[Ktarget_pos[m[K);
[1.725s]       |                                                     [01;31m[K^~~~~~~~~~[m[K
[2.014s] gmake[2]: *** [CMakeFiles/flight_control_lib.dir/build.make:104: CMakeFiles/flight_control_lib.dir/src/take_off_mode.cpp.o] Error 1
[2.014s] gmake[2]: *** Waiting for unfinished jobs....
[2.018s] gmake[2]: *** [CMakeFiles/flight_control_lib.dir/build.make:90: CMakeFiles/flight_control_lib.dir/src/flight_mode.cpp.o] Error 1
[2.079s] In file included from [01m[K/home/henryshum0/SUAS/src/flight_control/include/flight_mode/takeoff_mode.hpp:4[m[K,
[2.079s]                  from [01m[K/home/henryshum0/SUAS/src/flight_control/include/flight_control/offboard_controller.hpp:21[m[K,
[2.079s]                  from [01m[K/home/henryshum0/SUAS/src/flight_control/src/offboard_controller.cpp:1[m[K:
[2.079s] [01m[K/home/henryshum0/SUAS/src/flight_control/include/flight_mode/flight_mode.hpp:20:36:[m[K [01;31m[Kerror: [m[Kâ€˜[01m[Kflight_control[m[Kâ€™ was not declared in this scope
[2.079s]    20 |         FlightMode(std::shared_ptr<[01;31m[Kflight_control[m[K::OffboardController> offboard_controller, std::string mode_name);
[2.079s]       |                                    [01;31m[K^~~~~~~~~~~~~~[m[K
[2.079s] [01m[K/home/henryshum0/SUAS/src/flight_control/include/flight_mode/flight_mode.hpp:20:70:[m[K [01;31m[Kerror: [m[Ktemplate argument 1 is invalid
[2.079s]    20 |         FlightMode(std::shared_ptr<flight_control::OffboardController[01;31m[K>[m[K offboard_controller, std::string mode_name);
[2.079s]       |                                                                      [01;31m[K^[m[K
[2.081s] [01m[K/home/henryshum0/SUAS/src/flight_control/include/flight_mode/flight_mode.hpp:38:48:[m[K [01;31m[Kerror: [m[Kâ€˜[01m[KVector3f[m[Kâ€™ does not name a type
[2.081s]    38 |         void publish_trajectory_setpoint(const [01;31m[KVector3f[m[K& input, const float yaw = 0.0);
[2.081s]       |                                                [01;31m[K^~~~~~~~[m[K
[2.082s] [01m[K/home/henryshum0/SUAS/src/flight_control/include/flight_mode/flight_mode.hpp:41:9:[m[K [01;31m[Kerror: [m[Kâ€˜[01m[KVector3f[m[Kâ€™ does not name a type
[2.082s]    41 |         [01;31m[KVector3f[m[K get_enu_local();
[2.082s]       |         [01;31m[K^~~~~~~~[m[K
[2.083s] [01m[K/home/henryshum0/SUAS/src/flight_control/include/flight_mode/flight_mode.hpp:42:9:[m[K [01;31m[Kerror: [m[Kâ€˜[01m[KVector3f[m[Kâ€™ does not name a type
[2.083s]    42 |         [01;31m[KVector3f[m[K get_enu_vel();
[2.083s]       |         [01;31m[K^~~~~~~~[m[K
[2.085s] [01m[K/home/henryshum0/SUAS/src/flight_control/include/flight_mode/flight_mode.hpp:43:9:[m[K [01;31m[Kerror: [m[Kâ€˜[01m[KVector3f[m[Kâ€™ does not name a type
[2.085s]    43 |         [01;31m[KVector3f[m[K get_enu_accel();
[2.085s]       |         [01;31m[K^~~~~~~~[m[K
[2.091s] [01m[K/home/henryshum0/SUAS/src/flight_control/include/flight_mode/flight_mode.hpp:52:25:[m[K [01;31m[Kerror: [m[Kâ€˜[01m[Kflight_control[m[Kâ€™ was not declared in this scope
[2.091s]    52 |         std::shared_ptr<[01;31m[Kflight_control[m[K::OffboardController> offboard_controller;
[2.091s]       |                         [01;31m[K^~~~~~~~~~~~~~[m[K
[2.091s] [01m[K/home/henryshum0/SUAS/src/flight_control/include/flight_mode/flight_mode.hpp:52:59:[m[K [01;31m[Kerror: [m[Ktemplate argument 1 is invalid
[2.091s]    52 |         std::shared_ptr<flight_control::OffboardController[01;31m[K>[m[K offboard_controller;
[2.091s]       |                                                           [01;31m[K^[m[K
[2.097s] In file included from [01m[K/home/henryshum0/SUAS/src/flight_control/include/flight_control/offboard_controller.hpp:21[m[K,
[2.097s]                  from [01m[K/home/henryshum0/SUAS/src/flight_control/src/offboard_controller.cpp:1[m[K:
[2.097s] [01m[K/home/henryshum0/SUAS/src/flight_control/include/flight_mode/takeoff_mode.hpp:11:37:[m[K [01;31m[Kerror: [m[Kâ€˜[01m[Kflight_control[m[Kâ€™ was not declared in this scope
[2.097s]    11 |         TakeoffMode(std::shared_ptr<[01;31m[Kflight_control[m[K::OffboardController> offboard_controller, float takeoff_height);
[2.097s]       |                                     [01;31m[K^~~~~~~~~~~~~~[m[K
[2.097s] [01m[K/home/henryshum0/SUAS/src/flight_control/include/flight_mode/takeoff_mode.hpp:11:71:[m[K [01;31m[Kerror: [m[Ktemplate argument 1 is invalid
[2.097s]    11 |         TakeoffMode(std::shared_ptr<flight_control::OffboardController[01;31m[K>[m[K offboard_controller, float takeoff_height);
[2.097s]       |                                                                       [01;31m[K^[m[K
[2.098s] [01m[K/home/henryshum0/SUAS/src/flight_control/include/flight_mode/takeoff_mode.hpp:17:9:[m[K [01;31m[Kerror: [m[Kâ€˜[01m[KVector3f[m[Kâ€™ does not name a type
[2.099s]    17 |         [01;31m[KVector3f[m[K target_pos;
[2.099s]       |         [01;31m[K^~~~~~~~[m[K
[2.375s] [01m[K/home/henryshum0/SUAS/src/flight_control/src/offboard_controller.cpp:[m[K In member function â€˜[01m[Kvoid flight_control::OffboardController::execute()[m[Kâ€™:
[2.375s] [01m[K/home/henryshum0/SUAS/src/flight_control/src/offboard_controller.cpp:47:110:[m[K [01;31m[Kerror: [m[Kno matching function for call to â€˜[01m[Kflight_mode::TakeoffMode::TakeoffMode(std::shared_ptr<flight_control::OffboardController>&, float)[m[Kâ€™
[2.376s]    47 |             auto take_off = std::unique_ptr<flight_mode::TakeoffMode>(new flight_mode::TakeoffMode(self, 5.0f[01;31m[K)[m[K);
[2.376s]       |                                                                                                              [01;31m[K^[m[K
[2.376s] In file included from [01m[K/home/henryshum0/SUAS/src/flight_control/include/flight_control/offboard_controller.hpp:21[m[K,
[2.376s]                  from [01m[K/home/henryshum0/SUAS/src/flight_control/src/offboard_controller.cpp:1[m[K:
[2.376s] [01m[K/home/henryshum0/SUAS/src/flight_control/include/flight_mode/takeoff_mode.hpp:11:9:[m[K [01;36m[Knote: [m[Kcandidate: â€˜[01m[Kflight_mode::TakeoffMode::TakeoffMode(int, float)[m[Kâ€™
[2.376s]    11 |         [01;36m[KTakeoffMode[m[K(std::shared_ptr<flight_control::OffboardController> offboard_controller, float takeoff_height);
[2.376s]       |         [01;36m[K^~~~~~~~~~~[m[K
[2.376s] [01m[K/home/henryshum0/SUAS/src/flight_control/include/flight_mode/takeoff_mode.hpp:11:73:[m[K [01;36m[Knote: [m[K  no known conversion for argument 1 from â€˜[01m[Kstd::shared_ptr<flight_control::OffboardController>[m[Kâ€™ to â€˜[01m[Kint[m[Kâ€™
[2.376s]    11 |         TakeoffMode([01;36m[Kstd::shared_ptr<flight_control::OffboardController> offboard_controller[m[K, float takeoff_height);
[2.376s]       |                     [01;36m[K~~~~~~~~~~~~~~~~~~~~~~~~~~~~~~~~~~~~~~~~~~~~~~~~~~~~^~~~~~~~~~~~~~~~~~~[m[K
[2.376s] [01m[K/home/henryshum0/SUAS/src/flight_control/include/flight_mode/takeoff_mode.hpp:8:11:[m[K [01;36m[Knote: [m[Kcandidate: â€˜[01m[Kflight_mode::TakeoffMode::TakeoffMode(const flight_mode::TakeoffMode&)[m[Kâ€™
[2.376s]     8 |     class [01;36m[KTakeoffMode[m[K : public FlightMode
[2.376s]       |           [01;36m[K^~~~~~~~~~~[m[K
[2.376s] [01m[K/home/henryshum0/SUAS/src/flight_control/include/flight_mode/takeoff_mode.hpp:8:11:[m[K [01;36m[Knote: [m[K  candidate expects 1 argument, 2 provided
[2.376s] [01m[K/home/henryshum0/SUAS/src/flight_control/include/flight_mode/takeoff_mode.hpp:8:11:[m[K [01;36m[Knote: [m[Kcandidate: â€˜[01m[Kflight_mode::TakeoffMode::TakeoffMode(flight_mode::TakeoffMode&&)[m[Kâ€™
[2.376s] [01m[K/home/henryshum0/SUAS/src/flight_control/include/flight_mode/takeoff_mode.hpp:8:11:[m[K [01;36m[Knote: [m[K  candidate expects 1 argument, 2 provided
[4.887s] gmake[2]: *** [CMakeFiles/flight_control_lib.dir/build.make:76: CMakeFiles/flight_control_lib.dir/src/offboard_controller.cpp.o] Error 1
[4.887s] gmake[1]: *** [CMakeFiles/Makefile2:139: CMakeFiles/flight_control_lib.dir/all] Error 2
[4.887s] gmake: *** [Makefile:146: all] Error 2
[4.889s] Invoked command in '/home/henryshum0/SUAS/build/flight_control' returned '2': AMENT_PREFIX_PATH=/home/henryshum0/SUAS/install/px4_ros_com:/home/henryshum0/SUAS/install/px4_msgs:${AMENT_PREFIX_PATH} CMAKE_PREFIX_PATH=/home/henryshum0/SUAS/install/px4_ros_com:/home/henryshum0/SUAS/install/px4_msgs:/opt/ros/humble LD_LIBRARY_PATH=/home/henryshum0/SUAS/install/px4_ros_com/lib:/home/henryshum0/SUAS/install/px4_msgs/lib:${LD_LIBRARY_PATH} PYTHONPATH=/home/henryshum0/SUAS/install/px4_ros_com/local/lib/python3.10/dist-packages:/home/henryshum0/SUAS/install/px4_msgs/local/lib/python3.10/dist-packages:${PYTHONPATH} /usr/bin/cmake --build /home/henryshum0/SUAS/build/flight_control -- -j16 -l16
