[ 28%] [32mBuilding CXX object CMakeFiles/sensor_combined_listener.dir/src/examples/listeners/sensor_combined_listener.cpp.o[0m
[ 21%] Built target frame_transforms
[ 35%] Built target vehicle_gps_position_listener
[ 64%] Built target offboard_control_srv
[ 64%] Built target debug_vect_advertiser
[ 92%] Built target vehicle_status
[ 92%] Built target offboard_control
[ 92%] Built target ament_cmake_python_copy_px4_ros_com
[01m[K/home/henryshum0/SUAS/src/px4_ros_com/src/examples/listeners/sensor_combined_listener.cpp:45:10:[m[K [01;31m[Kfatal error: [m[Kconio.h: No such file or directory
   45 | #include [01;31m[K<conio.h>[m[K
      |          [01;31m[K^~~~~~~~~[m[K
compilation terminated.
gmake[2]: *** [CMakeFiles/sensor_combined_listener.dir/build.make:76: CMakeFiles/sensor_combined_listener.dir/src/examples/listeners/sensor_combined_listener.cpp.o] Error 1
gmake[1]: *** [CMakeFiles/Makefile2:178: CMakeFiles/sensor_combined_listener.dir/all] Error 2
gmake[1]: *** Waiting for unfinished jobs....
running egg_info
writing px4_ros_com.egg-info/PKG-INFO
writing dependency_links to px4_ros_com.egg-info/dependency_links.txt
writing top-level names to px4_ros_com.egg-info/top_level.txt
reading manifest file 'px4_ros_com.egg-info/SOURCES.txt'
writing manifest file 'px4_ros_com.egg-info/SOURCES.txt'
[ 92%] Built target ament_cmake_python_build_px4_ros_com_egg
gmake: *** [Makefile:146: all] Error 2
