[0.038s] Invoking command in '/home/henryshum0/SUAS/build/px4_ros_com': AMENT_PREFIX_PATH=/home/henryshum0/SUAS/install/px4_msgs:${AMENT_PREFIX_PATH} CMAKE_PREFIX_PATH=/home/henryshum0/SUAS/install/px4_msgs:/opt/ros/humble LD_LIBRARY_PATH=/home/henryshum0/SUAS/install/px4_msgs/lib:${LD_LIBRARY_PATH} PYTHONPATH=/home/henryshum0/SUAS/install/px4_msgs/local/lib/python3.10/dist-packages:${PYTHONPATH} /usr/bin/cmake --build /home/henryshum0/SUAS/build/px4_ros_com -- -j16 -l16
[0.073s] [ 16%] Built target frame_transforms
[0.073s] [ 33%] Built target debug_vect_advertiser
[0.073s] [ 50%] Built target sensor_combined_listener
[0.073s] [ 75%] Built target offboard_control_srv
[0.074s] [ 75%] [32mBuilding CXX object CMakeFiles/offboard_control.dir/src/examples/offboard/offboard_control.cpp.o[0m
[0.074s] [ 91%] Built target vehicle_gps_position_listener
[0.078s] [ 91%] Built target ament_cmake_python_copy_px4_ros_com
[0.236s] running egg_info
[0.236s] writing px4_ros_com.egg-info/PKG-INFO
[0.236s] writing dependency_links to px4_ros_com.egg-info/dependency_links.txt
[0.236s] writing top-level names to px4_ros_com.egg-info/top_level.txt
[0.237s] reading manifest file 'px4_ros_com.egg-info/SOURCES.txt'
[0.238s] writing manifest file 'px4_ros_com.egg-info/SOURCES.txt'
[0.256s] [01m[K/home/henryshum0/SUAS/src/px4_ros_com/src/examples/offboard/offboard_control.cpp:52:10:[m[K [01;31m[Kfatal error: [m[Kframe_transforms.h: No such file or directory
[0.256s]    52 | #include [01;31m[K"frame_transforms.h"[m[K
[0.256s]       |          [01;31m[K^~~~~~~~~~~~~~~~~~~~[m[K
[0.256s] compilation terminated.
[0.258s] gmake[2]: *** [CMakeFiles/offboard_control.dir/build.make:76: CMakeFiles/offboard_control.dir/src/examples/offboard/offboard_control.cpp.o] Error 1
[0.258s] gmake[1]: *** [CMakeFiles/Makefile2:254: CMakeFiles/offboard_control.dir/all] Error 2
[0.258s] gmake[1]: *** Waiting for unfinished jobs....
[0.265s] [ 91%] Built target ament_cmake_python_build_px4_ros_com_egg
[0.266s] gmake: *** [Makefile:146: all] Error 2
[0.268s] Invoked command in '/home/henryshum0/SUAS/build/px4_ros_com' returned '2': AMENT_PREFIX_PATH=/home/henryshum0/SUAS/install/px4_msgs:${AMENT_PREFIX_PATH} CMAKE_PREFIX_PATH=/home/henryshum0/SUAS/install/px4_msgs:/opt/ros/humble LD_LIBRARY_PATH=/home/henryshum0/SUAS/install/px4_msgs/lib:${LD_LIBRARY_PATH} PYTHONPATH=/home/henryshum0/SUAS/install/px4_msgs/local/lib/python3.10/dist-packages:${PYTHONPATH} /usr/bin/cmake --build /home/henryshum0/SUAS/build/px4_ros_com -- -j16 -l16
