[35m[1mConsolidate compiler generated dependencies of target flight_control_lib[0m
[ 30%] Built target publish_trj_listener
[ 30%] Built target sensor_combined_listener
[ 46%] [32mBuilding CXX object CMakeFiles/flight_control_lib.dir/src/flight_control/flight_executor.cpp.o[0m
[ 46%] [32mBuilding CXX object CMakeFiles/flight_control_lib.dir/src/flight_control/control_publishers.cpp.o[0m
[ 53%] [32mBuilding CXX object CMakeFiles/flight_control_lib.dir/src/vehicle_storage/executor_cmd_storage.cpp.o[0m
[01m[K/home/henryshum0/SUAS/src/flight_control/src/flight_control/flight_executor.cpp:[m[K In member function â€˜[01m[Kbool FlightExecutor::checked_desired_actual(Eigen::Vector3f, float)[m[Kâ€™:
[01m[K/home/henryshum0/SUAS/src/flight_control/src/flight_control/flight_executor.cpp:124:9:[m[K [01;31m[Kerror: [m[Kreturn-statement with no value, in function returning â€˜[01m[Kbool[m[Kâ€™ [[01;31m[K]8;;https://gcc.gnu.org/onlinedocs/gcc/Warning-Options.html#index-fpermissive-fpermissive]8;;[m[K]
  124 |         [01;31m[Kreturn[m[K;
      |         [01;31m[K^~~~~~[m[K
gmake[2]: *** [CMakeFiles/flight_control_lib.dir/build.make:104: CMakeFiles/flight_control_lib.dir/src/flight_control/flight_executor.cpp.o] Error 1
gmake[2]: *** Waiting for unfinished jobs....
gmake[1]: *** [CMakeFiles/Makefile2:143: CMakeFiles/flight_control_lib.dir/all] Error 2
gmake: *** [Makefile:146: all] Error 2
