[0.010s] Invoking command in '/home/henryshum0/SUAS/build/flight_control': CMAKE_PREFIX_PATH=/opt/ros/humble /usr/bin/cmake --build /home/henryshum0/SUAS/build/flight_control -- -j16 -l16
[0.043s] [ 25%] [32mBuilding CXX object CMakeFiles/frame_conversion.dir/src/lib/frame_conversion.cpp.o[0m
[1.045s] [ 50%] [32m[1mLinking CXX shared library libframe_conversion.so[0m
[1.047s] [ 50%] Built target frame_conversion
[1.047s] [ 75%] [32mBuilding CXX object CMakeFiles/test_functions.dir/src/test.cpp.o[0m
[1.691s] [100%] [32m[1mLinking CXX executable test_functions[0m
[1.781s] /usr/bin/ld: CMakeFiles/test_functions.dir/src/test.cpp.o: in function `main':
[1.781s] test.cpp:(.text+0xe2): undefined reference to `flight_control::frame_convertion::enu_ned_convert(Eigen::Matrix<float, 3, 1, 0, 3, 1>)'
[1.781s] /usr/bin/ld: test.cpp:(.text+0x108): undefined reference to `flight_control::frame_convertion::enu_ned_convert(Eigen::Matrix<float, 3, 1, 0, 3, 1>)'
[1.781s] /usr/bin/ld: test.cpp:(.text+0x12e): undefined reference to `flight_control::frame_convertion::enu_ned_convert(Eigen::Matrix<float, 3, 1, 0, 3, 1>)'
[1.791s] collect2: error: ld returned 1 exit status
[1.793s] gmake[2]: *** [CMakeFiles/test_functions.dir/build.make:98: test_functions] Error 1
[1.794s] gmake[1]: *** [CMakeFiles/Makefile2:165: CMakeFiles/test_functions.dir/all] Error 2
[1.794s] gmake: *** [Makefile:146: all] Error 2
[1.797s] Invoked command in '/home/henryshum0/SUAS/build/flight_control' returned '2': CMAKE_PREFIX_PATH=/opt/ros/humble /usr/bin/cmake --build /home/henryshum0/SUAS/build/flight_control -- -j16 -l16
