[0.043s] Invoking command in '/home/henryshum0/SUAS/build/flight_control': CMAKE_PREFIX_PATH=/home/henryshum0/SUAS/install/px4_ros_com:/home/henryshum0/SUAS/install/px4_msgs:/home/henryshum0/SUAS/install/flight_control:/opt/ros/humble LD_LIBRARY_PATH=/home/henryshum0/SUAS/install/px4_ros_com/lib:/home/henryshum0/SUAS/install/px4_msgs/lib:/home/henryshum0/SUAS/install/flight_control/lib:/opt/ros/humble/opt/rviz_ogre_vendor/lib:/opt/ros/humble/lib/x86_64-linux-gnu:/opt/ros/humble/lib /usr/bin/cmake --build /home/henryshum0/SUAS/build/flight_control -- -j16 -l16
[0.055s] -- Found ament_cmake: 1.3.11 (/opt/ros/humble/share/ament_cmake/cmake)
[0.136s] -- Found rclcpp: 16.0.11 (/opt/ros/humble/share/rclcpp/cmake)
[0.193s] -- Found rosidl_generator_c: 3.1.6 (/opt/ros/humble/share/rosidl_generator_c/cmake)
[0.194s] -- Found rosidl_adapter: 3.1.6 (/opt/ros/humble/share/rosidl_adapter/cmake)
[0.198s] -- Found rosidl_generator_cpp: 3.1.6 (/opt/ros/humble/share/rosidl_generator_cpp/cmake)
[0.204s] -- Using all available rosidl_typesupport_c: rosidl_typesupport_fastrtps_c;rosidl_typesupport_introspection_c
[0.213s] -- Using all available rosidl_typesupport_cpp: rosidl_typesupport_fastrtps_cpp;rosidl_typesupport_introspection_cpp
[0.235s] -- Found rmw_implementation_cmake: 6.1.2 (/opt/ros/humble/share/rmw_implementation_cmake/cmake)
[0.236s] -- Found rmw_fastrtps_cpp: 6.2.7 (/opt/ros/humble/share/rmw_fastrtps_cpp/cmake)
[1.643s] -- Using RMW implementation 'rmw_fastrtps_cpp' as default
[1.672s] -- Found px4_msgs: 2.0.1 (/home/henryshum0/SUAS/install/px4_msgs/share/px4_msgs/cmake)
[1.679s] -- Found px4_ros_com: 0.1.0 (/home/henryshum0/SUAS/install/px4_ros_com/share/px4_ros_com/cmake)
[2.012s] [33mCMake Warning at CMakeLists.txt:15 (find_package):
[2.012s]   By not providing "Findmatplotplusplus.cmake" in CMAKE_MODULE_PATH this
[2.012s]   project has asked CMake to find a package configuration file provided by
[2.013s]   "matplotplusplus", but CMake did not find one.
[2.013s] 
[2.013s]   Could not find a package configuration file provided by "matplotplusplus"
[2.013s]   with any of the following names:
[2.013s] 
[2.013s]     matplotplusplusConfig.cmake
[2.013s]     matplotplusplus-config.cmake
[2.013s] 
[2.013s]   Add the installation prefix of "matplotplusplus" to CMAKE_PREFIX_PATH or
[2.013s]   set "matplotplusplus_DIR" to a directory containing one of the above files.
[2.013s]   If "matplotplusplus" provides a separate development package or SDK, be
[2.013s]   sure it has been installed.
[2.013s] 
[2.013s] [0m
[2.013s] -- Found ament_lint_auto: 0.12.11 (/opt/ros/humble/share/ament_lint_auto/cmake)
[2.054s] -- Added test 'cppcheck' to perform static code analysis on C / C++ code
[2.054s] -- Configured cppcheck include dirs: /home/henryshum0/SUAS/src/flight_control/include
[2.054s] -- Configured cppcheck exclude dirs and/or files: 
[2.054s] -- Added test 'lint_cmake' to check CMake code style
[2.055s] -- Added test 'uncrustify' to check C / C++ code style
[2.055s] -- Configured uncrustify additional arguments: 
[2.055s] -- Added test 'xmllint' to check XML markup files
[2.056s] -- Configuring done
[2.061s] -- Generating done
[2.063s] -- Build files have been written to: /home/henryshum0/SUAS/build/flight_control
[2.077s] [35m[1mConsolidate compiler generated dependencies of target test_function[0m
[2.083s] [ 50%] [32m[1mLinking CXX executable test_function[0m
[2.106s] /usr/bin/ld: cannot find -lmatplot: No such file or directory
[2.115s] collect2: error: ld returned 1 exit status
[2.116s] gmake[2]: *** [CMakeFiles/test_function.dir/build.make:97: test_function] Error 1
[2.116s] gmake[1]: *** [CMakeFiles/Makefile2:137: CMakeFiles/test_function.dir/all] Error 2
[2.116s] gmake: *** [Makefile:146: all] Error 2
[2.118s] Invoked command in '/home/henryshum0/SUAS/build/flight_control' returned '2': CMAKE_PREFIX_PATH=/home/henryshum0/SUAS/install/px4_ros_com:/home/henryshum0/SUAS/install/px4_msgs:/home/henryshum0/SUAS/install/flight_control:/opt/ros/humble LD_LIBRARY_PATH=/home/henryshum0/SUAS/install/px4_ros_com/lib:/home/henryshum0/SUAS/install/px4_msgs/lib:/home/henryshum0/SUAS/install/flight_control/lib:/opt/ros/humble/opt/rviz_ogre_vendor/lib:/opt/ros/humble/lib/x86_64-linux-gnu:/opt/ros/humble/lib /usr/bin/cmake --build /home/henryshum0/SUAS/build/flight_control -- -j16 -l16
