[01m[K/home/henryshum0/SUAS/src/flight_control/src/user_input.cpp:[m[K In member function â€˜[01m[Kvoid UserInput::query_user()[m[Kâ€™:
[01m[K/home/henryshum0/SUAS/src/flight_control/src/user_input.cpp:44:9:[m[K [01;31m[Kerror: [m[Kâ€˜[01m[Kcin[m[Kâ€™ has not been declared
   44 |         [01;31m[Kcin[m[K::ignore(1);
      |         [01;31m[K^~~[m[K
gmake[2]: *** [CMakeFiles/user_input.dir/build.make:76: CMakeFiles/user_input.dir/src/user_input.cpp.o] Error 1
gmake[1]: *** [CMakeFiles/Makefile2:266: CMakeFiles/user_input.dir/all] Error 2
gmake: *** [Makefile:146: all] Error 2
