[35m[1mConsolidate compiler generated dependencies of target user_input[0m
[  9%] Built target nodesoup
[ 12%] Built target publish_trj_listener
[ 15%] Built target vehicle_pos_listener
[ 19%] Built target sensor_combined_listener
[ 22%] Built target cmd_ack_listener
[ 23%] [32mBuilding CXX object CMakeFiles/user_input.dir/src/user_input.cpp.o[0m
[ 34%] Built target flight_control_lib
[ 38%] Built target offboard_controller
[ 98%] Built target matplot
[01m[K/home/henryshum0/SUAS/src/flight_control/src/user_input.cpp:[m[K In member function â€˜[01m[Kvoid UserInput::query_user()[m[Kâ€™:
[01m[K/home/henryshum0/SUAS/src/flight_control/src/user_input.cpp:44:9:[m[K [01;31m[Kerror: [m[Kâ€˜[01m[Kcin[m[Kâ€™ has not been declared
   44 |         [01;31m[Kcin[m[K::ignore(1);
      |         [01;31m[K^~~[m[K
gmake[2]: *** [CMakeFiles/user_input.dir/build.make:76: CMakeFiles/user_input.dir/src/user_input.cpp.o] Error 1
gmake[1]: *** [CMakeFiles/Makefile2:266: CMakeFiles/user_input.dir/all] Error 2
gmake: *** [Makefile:146: all] Error 2
