[0.057s] Invoking command in '/home/henryshum0/SUAS/build/flight_control': AMENT_PREFIX_PATH=/home/henryshum0/SUAS/install/px4_ros_com:/home/henryshum0/SUAS/install/px4_msgs:${AMENT_PREFIX_PATH} CMAKE_PREFIX_PATH=/home/henryshum0/SUAS/install/px4_ros_com:/home/henryshum0/SUAS/install/px4_msgs:/opt/ros/humble LD_LIBRARY_PATH=/home/henryshum0/SUAS/install/px4_ros_com/lib:/home/henryshum0/SUAS/install/px4_msgs/lib:${LD_LIBRARY_PATH} PYTHONPATH=/home/henryshum0/SUAS/install/px4_ros_com/local/lib/python3.10/dist-packages:/home/henryshum0/SUAS/install/px4_msgs/local/lib/python3.10/dist-packages:${PYTHONPATH} /usr/bin/cmake --build /home/henryshum0/SUAS/build/flight_control -- -j16 -l16
[0.090s] [35m[1mConsolidate compiler generated dependencies of target flight_control_lib[0m
[0.108s] [ 14%] [32mBuilding CXX object CMakeFiles/flight_control_lib.dir/src/flight_mode.cpp.o[0m
[0.108s] [ 28%] [32mBuilding CXX object CMakeFiles/flight_control_lib.dir/src/take_off_mode.cpp.o[0m
[0.108s] [ 42%] [32mBuilding CXX object CMakeFiles/flight_control_lib.dir/src/offboard_controller.cpp.o[0m
[0.130s] [01m[Kcc1plus:[m[K [01;31m[Kfatal error: [m[K/home/henryshum0/SUAS/src/flight_control/src/flight_mode.cpp: No such file or directory
[0.130s] [01m[Kcc1plus:[m[K [01;31m[Kfatal error: [m[K/home/henryshum0/SUAS/src/flight_control/src/take_off_mode.cpp: No such file or directory
[0.130s] [01m[Kcc1plus:[m[K [01;31m[Kfatal error: [m[K/home/henryshum0/SUAS/src/flight_control/src/offboard_controller.cpp: No such file or directory
[0.130s] compilation terminated.
[0.130s] compilation terminated.
[0.130s] compilation terminated.
[0.132s] gmake[2]: *** [CMakeFiles/flight_control_lib.dir/build.make:104: CMakeFiles/flight_control_lib.dir/src/offboard_controller.cpp.o] Error 1
[0.132s] gmake[2]: *** Waiting for unfinished jobs....
[0.132s] gmake[2]: *** [CMakeFiles/flight_control_lib.dir/build.make:76: CMakeFiles/flight_control_lib.dir/src/flight_mode.cpp.o] Error 1
[0.132s] gmake[2]: *** [CMakeFiles/flight_control_lib.dir/build.make:90: CMakeFiles/flight_control_lib.dir/src/take_off_mode.cpp.o] Error 1
[0.132s] gmake[1]: *** [CMakeFiles/Makefile2:139: CMakeFiles/flight_control_lib.dir/all] Error 2
[0.132s] gmake: *** [Makefile:146: all] Error 2
[0.133s] Invoked command in '/home/henryshum0/SUAS/build/flight_control' returned '2': AMENT_PREFIX_PATH=/home/henryshum0/SUAS/install/px4_ros_com:/home/henryshum0/SUAS/install/px4_msgs:${AMENT_PREFIX_PATH} CMAKE_PREFIX_PATH=/home/henryshum0/SUAS/install/px4_ros_com:/home/henryshum0/SUAS/install/px4_msgs:/opt/ros/humble LD_LIBRARY_PATH=/home/henryshum0/SUAS/install/px4_ros_com/lib:/home/henryshum0/SUAS/install/px4_msgs/lib:${LD_LIBRARY_PATH} PYTHONPATH=/home/henryshum0/SUAS/install/px4_ros_com/local/lib/python3.10/dist-packages:/home/henryshum0/SUAS/install/px4_msgs/local/lib/python3.10/dist-packages:${PYTHONPATH} /usr/bin/cmake --build /home/henryshum0/SUAS/build/flight_control -- -j16 -l16
