[0.063s] Invoking command in '/home/henryshum0/SUAS/build/flight_control': AMENT_PREFIX_PATH=/home/henryshum0/SUAS/install/px4_ros_com:/home/henryshum0/SUAS/install/px4_msgs:${AMENT_PREFIX_PATH} CMAKE_PREFIX_PATH=/home/henryshum0/SUAS/install/px4_ros_com:/home/henryshum0/SUAS/install/px4_msgs:/opt/ros/humble LD_LIBRARY_PATH=/home/henryshum0/SUAS/install/px4_ros_com/lib:/home/henryshum0/SUAS/install/px4_msgs/lib:${LD_LIBRARY_PATH} PYTHONPATH=/home/henryshum0/SUAS/install/px4_ros_com/local/lib/python3.10/dist-packages:/home/henryshum0/SUAS/install/px4_msgs/local/lib/python3.10/dist-packages:${PYTHONPATH} /usr/bin/cmake --build /home/henryshum0/SUAS/build/flight_control -- -j16 -l16
[0.084s] [35m[1mConsolidate compiler generated dependencies of target flight_control_lib[0m
[0.098s] [ 16%] [32mBuilding CXX object CMakeFiles/flight_control_lib.dir/src/flight_mode.cpp.o[0m
[0.098s] [ 33%] [32mBuilding CXX object CMakeFiles/flight_control_lib.dir/src/take_off_mode.cpp.o[0m
[1.629s] In file included from [01m[K/home/henryshum0/SUAS/src/flight_control/src/flight_mode.cpp:1[m[K:
[1.629s] [01m[K/home/henryshum0/SUAS/src/flight_control/include/flight_mode/flight_mode.hpp:19:36:[m[K [01;31m[Kerror: [m[Kâ€˜[01m[Kflight_control[m[Kâ€™ was not declared in this scope
[1.629s]    19 |         FlightMode(std::shared_ptr<[01;31m[Kflight_control[m[K::OffboardController> offboard_controller, std::string mode_name);
[1.629s]       |                                    [01;31m[K^~~~~~~~~~~~~~[m[K
[1.629s] [01m[K/home/henryshum0/SUAS/src/flight_control/include/flight_mode/flight_mode.hpp:19:70:[m[K [01;31m[Kerror: [m[Ktemplate argument 1 is invalid
[1.629s]    19 |         FlightMode(std::shared_ptr<flight_control::OffboardController[01;31m[K>[m[K offboard_controller, std::string mode_name);
[1.629s]       |                                                                      [01;31m[K^[m[K
[1.631s] [01m[K/home/henryshum0/SUAS/src/flight_control/include/flight_mode/flight_mode.hpp:37:48:[m[K [01;31m[Kerror: [m[Kâ€˜[01m[KVector3f[m[Kâ€™ does not name a type
[1.631s]    37 |         void publish_trajectory_setpoint(const [01;31m[KVector3f[m[K& input, const float yaw = 0.0);
[1.631s]       |                                                [01;31m[K^~~~~~~~[m[K
[1.632s] [01m[K/home/henryshum0/SUAS/src/flight_control/include/flight_mode/flight_mode.hpp:40:9:[m[K [01;31m[Kerror: [m[Kâ€˜[01m[KVector3f[m[Kâ€™ does not name a type
[1.632s]    40 |         [01;31m[KVector3f[m[K get_enu_local();
[1.632s]       |         [01;31m[K^~~~~~~~[m[K
[1.633s] [01m[K/home/henryshum0/SUAS/src/flight_control/include/flight_mode/flight_mode.hpp:41:9:[m[K [01;31m[Kerror: [m[Kâ€˜[01m[KVector3f[m[Kâ€™ does not name a type
[1.633s]    41 |         [01;31m[KVector3f[m[K get_enu_vel();
[1.634s]       |         [01;31m[K^~~~~~~~[m[K
[1.635s] [01m[K/home/henryshum0/SUAS/src/flight_control/include/flight_mode/flight_mode.hpp:42:9:[m[K [01;31m[Kerror: [m[Kâ€˜[01m[KVector3f[m[Kâ€™ does not name a type
[1.635s]    42 |         [01;31m[KVector3f[m[K get_enu_accel();
[1.635s]       |         [01;31m[K^~~~~~~~[m[K
[1.635s] In file included from [01m[K/home/henryshum0/SUAS/src/flight_control/include/flight_mode/takeoff_mode.hpp:4[m[K,
[1.635s]                  from [01m[K/home/henryshum0/SUAS/src/flight_control/src/take_off_mode.cpp:1[m[K:
[1.635s] [01m[K/home/henryshum0/SUAS/src/flight_control/include/flight_mode/flight_mode.hpp:19:36:[m[K [01;31m[Kerror: [m[Kâ€˜[01m[Kflight_control[m[Kâ€™ was not declared in this scope
[1.635s]    19 |         FlightMode(std::shared_ptr<[01;31m[Kflight_control[m[K::OffboardController> offboard_controller, std::string mode_name);
[1.635s]       |                                    [01;31m[K^~~~~~~~~~~~~~[m[K
[1.635s] [01m[K/home/henryshum0/SUAS/src/flight_control/include/flight_mode/flight_mode.hpp:19:70:[m[K [01;31m[Kerror: [m[Ktemplate argument 1 is invalid
[1.635s]    19 |         FlightMode(std::shared_ptr<flight_control::OffboardController[01;31m[K>[m[K offboard_controller, std::string mode_name);
[1.635s]       |                                                                      [01;31m[K^[m[K
[1.637s] [01m[K/home/henryshum0/SUAS/src/flight_control/include/flight_mode/flight_mode.hpp:37:48:[m[K [01;31m[Kerror: [m[Kâ€˜[01m[KVector3f[m[Kâ€™ does not name a type
[1.637s]    37 |         void publish_trajectory_setpoint(const [01;31m[KVector3f[m[K& input, const float yaw = 0.0);
[1.637s]       |                                                [01;31m[K^~~~~~~~[m[K
[1.638s] [01m[K/home/henryshum0/SUAS/src/flight_control/include/flight_mode/flight_mode.hpp:40:9:[m[K [01;31m[Kerror: [m[Kâ€˜[01m[KVector3f[m[Kâ€™ does not name a type
[1.638s]    40 |         [01;31m[KVector3f[m[K get_enu_local();
[1.638s]       |         [01;31m[K^~~~~~~~[m[K
[1.639s] [01m[K/home/henryshum0/SUAS/src/flight_control/include/flight_mode/flight_mode.hpp:41:9:[m[K [01;31m[Kerror: [m[Kâ€˜[01m[KVector3f[m[Kâ€™ does not name a type
[1.640s]    41 |         [01;31m[KVector3f[m[K get_enu_vel();
[1.640s]       |         [01;31m[K^~~~~~~~[m[K
[1.640s] [01m[K/home/henryshum0/SUAS/src/flight_control/include/flight_mode/flight_mode.hpp:42:9:[m[K [01;31m[Kerror: [m[Kâ€˜[01m[KVector3f[m[Kâ€™ does not name a type
[1.641s]    42 |         [01;31m[KVector3f[m[K get_enu_accel();
[1.641s]       |         [01;31m[K^~~~~~~~[m[K
[1.641s] [01m[K/home/henryshum0/SUAS/src/flight_control/include/flight_mode/flight_mode.hpp:51:25:[m[K [01;31m[Kerror: [m[Kâ€˜[01m[Kflight_control[m[Kâ€™ was not declared in this scope
[1.641s]    51 |         std::shared_ptr<[01;31m[Kflight_control[m[K::OffboardController> offboard_controller;
[1.641s]       |                         [01;31m[K^~~~~~~~~~~~~~[m[K
[1.641s] [01m[K/home/henryshum0/SUAS/src/flight_control/include/flight_mode/flight_mode.hpp:51:59:[m[K [01;31m[Kerror: [m[Ktemplate argument 1 is invalid
[1.641s]    51 |         std::shared_ptr<flight_control::OffboardController[01;31m[K>[m[K offboard_controller;
[1.641s]       |                                                           [01;31m[K^[m[K
[1.646s] [01m[K/home/henryshum0/SUAS/src/flight_control/include/flight_mode/flight_mode.hpp:51:25:[m[K [01;31m[Kerror: [m[Kâ€˜[01m[Kflight_control[m[Kâ€™ was not declared in this scope
[1.646s]    51 |         std::shared_ptr<[01;31m[Kflight_control[m[K::OffboardController> offboard_controller;
[1.646s]       |                         [01;31m[K^~~~~~~~~~~~~~[m[K
[1.646s] [01m[K/home/henryshum0/SUAS/src/flight_control/include/flight_mode/flight_mode.hpp:51:59:[m[K [01;31m[Kerror: [m[Ktemplate argument 1 is invalid
[1.646s]    51 |         std::shared_ptr<flight_control::OffboardController[01;31m[K>[m[K offboard_controller;
[1.646s]       |                                                           [01;31m[K^[m[K
[1.647s] [01m[K/home/henryshum0/SUAS/src/flight_control/src/flight_mode.cpp:5:44:[m[K [01;31m[Kerror: [m[Kâ€˜[01m[Kflight_control[m[Kâ€™ was not declared in this scope
[1.647s]     5 |     FlightMode::FlightMode(std::shared_ptr<[01;31m[Kflight_control[m[K::OffboardController> offboard_controller, std::string mode_name)
[1.647s]       |                                            [01;31m[K^~~~~~~~~~~~~~[m[K
[1.647s] [01m[K/home/henryshum0/SUAS/src/flight_control/src/flight_mode.cpp:5:78:[m[K [01;31m[Kerror: [m[Ktemplate argument 1 is invalid
[1.647s]     5 |     FlightMode::FlightMode(std::shared_ptr<flight_control::OffboardController[01;31m[K>[m[K offboard_controller, std::string mode_name)
[1.647s]       |                                                                              [01;31m[K^[m[K
[1.651s] In file included from [01m[K/home/henryshum0/SUAS/src/flight_control/src/take_off_mode.cpp:1[m[K:
[1.651s] [01m[K/home/henryshum0/SUAS/src/flight_control/include/flight_mode/takeoff_mode.hpp:11:37:[m[K [01;31m[Kerror: [m[Kâ€˜[01m[Kflight_control[m[Kâ€™ was not declared in this scope
[1.651s]    11 |         TakeoffMode(std::shared_ptr<[01;31m[Kflight_control[m[K::OffboardController> offboard_controller, float takeoff_height);
[1.651s]       |                                     [01;31m[K^~~~~~~~~~~~~~[m[K
[1.651s] [01m[K/home/henryshum0/SUAS/src/flight_control/include/flight_mode/takeoff_mode.hpp:11:71:[m[K [01;31m[Kerror: [m[Ktemplate argument 1 is invalid
[1.651s]    11 |         TakeoffMode(std::shared_ptr<flight_control::OffboardController[01;31m[K>[m[K offboard_controller, float takeoff_height);
[1.651s]       |                                                                       [01;31m[K^[m[K
[1.652s] [01m[K/home/henryshum0/SUAS/src/flight_control/src/flight_mode.cpp:5:44:[m[K [01;31m[Kerror: [m[Kâ€˜[01m[Kflight_control[m[Kâ€™ was not declared in this scope
[1.652s]     5 |     FlightMode::FlightMode(std::shared_ptr<[01;31m[Kflight_control[m[K::OffboardController> offboard_controller, std::string mode_name)
[1.652s]       |                                            [01;31m[K^~~~~~~~~~~~~~[m[K
[1.652s] [01m[K/home/henryshum0/SUAS/src/flight_control/src/flight_mode.cpp:5:78:[m[K [01;31m[Kerror: [m[Ktemplate argument 1 is invalid
[1.652s]     5 |     FlightMode::FlightMode(std::shared_ptr<flight_control::OffboardController[01;31m[K>[m[K offboard_controller, std::string mode_name)
[1.652s]       |                                                                              [01;31m[K^[m[K
[1.652s] [01m[K/home/henryshum0/SUAS/src/flight_control/include/flight_mode/takeoff_mode.hpp:17:9:[m[K [01;31m[Kerror: [m[Kâ€˜[01m[KVector3f[m[Kâ€™ does not name a type
[1.653s]    17 |         [01;31m[KVector3f[m[K target_pos;
[1.653s]       |         [01;31m[K^~~~~~~~[m[K
[1.657s] [01m[K/home/henryshum0/SUAS/src/flight_control/src/flight_mode.cpp:5:44:[m[K [01;31m[Kerror: [m[Kâ€˜[01m[Kflight_control[m[Kâ€™ was not declared in this scope
[1.657s]     5 |     FlightMode::FlightMode(std::shared_ptr<[01;31m[Kflight_control[m[K::OffboardController> offboard_controller, std::string mode_name)
[1.657s]       |                                            [01;31m[K^~~~~~~~~~~~~~[m[K
[1.657s] [01m[K/home/henryshum0/SUAS/src/flight_control/src/flight_mode.cpp:5:78:[m[K [01;31m[Kerror: [m[Ktemplate argument 1 is invalid
[1.658s]     5 |     FlightMode::FlightMode(std::shared_ptr<flight_control::OffboardController[01;31m[K>[m[K offboard_controller, std::string mode_name)
[1.658s]       |                                                                              [01;31m[K^[m[K
[1.658s] [01m[K/home/henryshum0/SUAS/src/flight_control/src/flight_mode.cpp:5:28:[m[K [01;31m[Kerror: [m[Kinvalid template-id
[1.658s]     5 |     FlightMode::FlightMode([01;31m[Kstd[m[K::shared_ptr<flight_control::OffboardController> offboard_controller, std::string mode_name)
[1.658s]       |                            [01;31m[K^~~[m[K
[1.658s] [01m[K/home/henryshum0/SUAS/src/flight_control/src/take_off_mode.cpp:5:46:[m[K [01;31m[Kerror: [m[Kâ€˜[01m[Kflight_control[m[Kâ€™ was not declared in this scope
[1.658s]     5 |     TakeoffMode::TakeoffMode(std::shared_ptr<[01;31m[Kflight_control[m[K::OffboardController> offboard_controller, float takeoff_height)
[1.658s]       |                                              [01;31m[K^~~~~~~~~~~~~~[m[K
[1.658s] [01m[K/home/henryshum0/SUAS/src/flight_control/src/take_off_mode.cpp:5:80:[m[K [01;31m[Kerror: [m[Ktemplate argument 1 is invalid
[1.658s]     5 |     TakeoffMode::TakeoffMode(std::shared_ptr<flight_control::OffboardController[01;31m[K>[m[K offboard_controller, float takeoff_height)
[1.658s]       |                                                                                [01;31m[K^[m[K
[1.662s] [01m[K/home/henryshum0/SUAS/src/flight_control/src/flight_mode.cpp:5:44:[m[K [01;31m[Kerror: [m[Kâ€˜[01m[Kflight_control[m[Kâ€™ was not declared in this scope
[1.663s]     5 |     FlightMode::FlightMode(std::shared_ptr<[01;31m[Kflight_control[m[K::OffboardController> offboard_controller, std::string mode_name)
[1.663s]       |                                            [01;31m[K^~~~~~~~~~~~~~[m[K
[1.663s] [01m[K/home/henryshum0/SUAS/src/flight_control/src/flight_mode.cpp:5:27:[m[K [01;31m[Kerror: [m[Kexpected constructor, destructor, or type conversion before â€˜[01m[K([m[Kâ€™ token
[1.663s]     5 |     FlightMode::FlightMode[01;31m[K([m[Kstd::shared_ptr<flight_control::OffboardController> offboard_controller, std::string mode_name)
[1.663s]       |                           [01;31m[K^[m[K
[1.663s] [01m[K/home/henryshum0/SUAS/src/flight_control/src/flight_mode.cpp:[m[K In member function â€˜[01m[Kvoid flight_mode::FlightMode::publish_vehicle_command(uint16_t, float, float)[m[Kâ€™:
[1.663s] [01m[K/home/henryshum0/SUAS/src/flight_control/src/flight_mode.cpp:14:35:[m[K [01;31m[Kerror: [m[Kbase operand of â€˜[01m[K->[m[Kâ€™ is not a pointer
[1.663s]    14 |         this->offboard_controller [01;31m[K->[m[K publish_vehicle_command(command, param1, param2);
[1.663s]       |                                   [01;31m[K^~[m[K
[1.663s] [01m[K/home/henryshum0/SUAS/src/flight_control/src/flight_mode.cpp:[m[K In member function â€˜[01m[Kvoid flight_mode::FlightMode::publish_offboard_mode()[m[Kâ€™:
[1.663s] [01m[K/home/henryshum0/SUAS/src/flight_control/src/flight_mode.cpp:18:35:[m[K [01;31m[Kerror: [m[Kbase operand of â€˜[01m[K->[m[Kâ€™ is not a pointer
[1.663s]    18 |         this->offboard_controller [01;31m[K->[m[K publish_offboard_mode();
[1.663s]       |                                   [01;31m[K^~[m[K
[1.663s] [01m[K/home/henryshum0/SUAS/src/flight_control/src/take_off_mode.cpp:5:46:[m[K [01;31m[Kerror: [m[Kâ€˜[01m[Kflight_control[m[Kâ€™ was not declared in this scope
[1.663s]     5 |     TakeoffMode::TakeoffMode(std::shared_ptr<[01;31m[Kflight_control[m[K::OffboardController> offboard_controller, float takeoff_height)
[1.663s]       |                                              [01;31m[K^~~~~~~~~~~~~~[m[K
[1.663s] [01m[K/home/henryshum0/SUAS/src/flight_control/src/take_off_mode.cpp:5:80:[m[K [01;31m[Kerror: [m[Ktemplate argument 1 is invalid
[1.663s]     5 |     TakeoffMode::TakeoffMode(std::shared_ptr<flight_control::OffboardController[01;31m[K>[m[K offboard_controller, float takeoff_height)
[1.663s]       |                                                                                [01;31m[K^[m[K
[1.664s] [01m[K/home/henryshum0/SUAS/src/flight_control/src/flight_mode.cpp:[m[K At global scope:
[1.664s] [01m[K/home/henryshum0/SUAS/src/flight_control/src/flight_mode.cpp:20:56:[m[K [01;31m[Kerror: [m[Kâ€˜[01m[KVector3f[m[Kâ€™ does not name a type
[1.664s]    20 |     void FlightMode::publish_trajectory_setpoint(const [01;31m[KVector3f[m[K& input, const float yaw){
[1.664s]       |                                                        [01;31m[K^~~~~~~~[m[K
[1.664s] [01m[K/home/henryshum0/SUAS/src/flight_control/src/flight_mode.cpp:[m[K In member function â€˜[01m[Kvoid flight_mode::FlightMode::publish_trajectory_setpoint(const int&, float)[m[Kâ€™:
[1.664s] [01m[K/home/henryshum0/SUAS/src/flight_control/src/flight_mode.cpp:21:35:[m[K [01;31m[Kerror: [m[Kbase operand of â€˜[01m[K->[m[Kâ€™ is not a pointer
[1.664s]    21 |         this->offboard_controller [01;31m[K->[m[K publish_trajectory_setpoint(input, yaw);
[1.664s]       |                                   [01;31m[K^~[m[K
[1.664s] [01m[K/home/henryshum0/SUAS/src/flight_control/src/flight_mode.cpp:[m[K At global scope:
[1.664s] [01m[K/home/henryshum0/SUAS/src/flight_control/src/flight_mode.cpp:25:5:[m[K [01;31m[Kerror: [m[Kâ€˜[01m[KVector3f[m[Kâ€™ does not name a type
[1.665s]    25 |     [01;31m[KVector3f[m[K FlightMode::get_enu_local()
[1.665s]       |     [01;31m[K^~~~~~~~[m[K
[1.665s] [01m[K/home/henryshum0/SUAS/src/flight_control/src/flight_mode.cpp:29:5:[m[K [01;31m[Kerror: [m[Kâ€˜[01m[KVector3f[m[Kâ€™ does not name a type
[1.665s]    29 |     [01;31m[KVector3f[m[K FlightMode::get_enu_vel()
[1.665s]       |     [01;31m[K^~~~~~~~[m[K
[1.666s] [01m[K/home/henryshum0/SUAS/src/flight_control/src/flight_mode.cpp:33:5:[m[K [01;31m[Kerror: [m[Kâ€˜[01m[KVector3f[m[Kâ€™ does not name a type
[1.666s]    33 |     [01;31m[KVector3f[m[K FlightMode::get_enu_accel()
[1.666s]       |     [01;31m[K^~~~~~~~[m[K
[1.666s] [01m[K/home/henryshum0/SUAS/src/flight_control/src/flight_mode.cpp:[m[K In member function â€˜[01m[Kbool flight_mode::FlightMode::get_armed()[m[Kâ€™:
[1.666s] [01m[K/home/henryshum0/SUAS/src/flight_control/src/flight_mode.cpp:39:41:[m[K [01;31m[Kerror: [m[Kbase operand of â€˜[01m[K->[m[Kâ€™ is not a pointer
[1.666s]    39 |         return this->offboard_controller[01;31m[K->[m[Kget_is_armed();
[1.666s]       |                                         [01;31m[K^~[m[K
[1.666s] [01m[K/home/henryshum0/SUAS/src/flight_control/src/flight_mode.cpp:[m[K In member function â€˜[01m[Kvoid flight_mode::FlightMode::set_trajectory_mode(flight_mode::OffboardTrajectoryControlModeEnum)[m[Kâ€™:
[1.666s] [01m[K/home/henryshum0/SUAS/src/flight_control/src/flight_mode.cpp:45:37:[m[K [01;31m[Kerror: [m[Kbase operand of â€˜[01m[K->[m[Kâ€™ is not a pointer
[1.666s]    45 |         this -> offboard_controller [01;31m[K->[m[Kset_trajectory_mode(mode);
[1.666s]       |                                     [01;31m[K^~[m[K
[1.666s] [01m[K/home/henryshum0/SUAS/src/flight_control/src/flight_mode.cpp:[m[K In member function â€˜[01m[Kvoid flight_mode::FlightMode::set_is_complete(bool)[m[Kâ€™:
[1.666s] [01m[K/home/henryshum0/SUAS/src/flight_control/src/flight_mode.cpp:49:37:[m[K [01;31m[Kerror: [m[Kbase operand of â€˜[01m[K->[m[Kâ€™ is not a pointer
[1.666s]    49 |         this -> offboard_controller [01;31m[K->[m[Kset_mode_complete(is_not);
[1.666s]       |                                     [01;31m[K^~[m[K
[1.668s] [01m[K/home/henryshum0/SUAS/src/flight_control/src/take_off_mode.cpp:5:46:[m[K [01;31m[Kerror: [m[Kâ€˜[01m[Kflight_control[m[Kâ€™ was not declared in this scope
[1.668s]     5 |     TakeoffMode::TakeoffMode(std::shared_ptr<[01;31m[Kflight_control[m[K::OffboardController> offboard_controller, float takeoff_height)
[1.668s]       |                                              [01;31m[K^~~~~~~~~~~~~~[m[K
[1.668s] [01m[K/home/henryshum0/SUAS/src/flight_control/src/take_off_mode.cpp:5:80:[m[K [01;31m[Kerror: [m[Ktemplate argument 1 is invalid
[1.668s]     5 |     TakeoffMode::TakeoffMode(std::shared_ptr<flight_control::OffboardController[01;31m[K>[m[K offboard_controller, float takeoff_height)
[1.668s]       |                                                                                [01;31m[K^[m[K
[1.668s] [01m[K/home/henryshum0/SUAS/src/flight_control/src/take_off_mode.cpp:5:30:[m[K [01;31m[Kerror: [m[Kinvalid template-id
[1.668s]     5 |     TakeoffMode::TakeoffMode([01;31m[Kstd[m[K::shared_ptr<flight_control::OffboardController> offboard_controller, float takeoff_height)
[1.668s]       |                              [01;31m[K^~~[m[K
[1.673s] [01m[K/home/henryshum0/SUAS/src/flight_control/src/take_off_mode.cpp:5:46:[m[K [01;31m[Kerror: [m[Kâ€˜[01m[Kflight_control[m[Kâ€™ was not declared in this scope
[1.673s]     5 |     TakeoffMode::TakeoffMode(std::shared_ptr<[01;31m[Kflight_control[m[K::OffboardController> offboard_controller, float takeoff_height)
[1.673s]       |                                              [01;31m[K^~~~~~~~~~~~~~[m[K
[1.673s] [01m[K/home/henryshum0/SUAS/src/flight_control/src/take_off_mode.cpp:5:29:[m[K [01;31m[Kerror: [m[Kexpected constructor, destructor, or type conversion before â€˜[01m[K([m[Kâ€™ token
[1.673s]     5 |     TakeoffMode::TakeoffMode[01;31m[K([m[Kstd::shared_ptr<flight_control::OffboardController> offboard_controller, float takeoff_height)
[1.673s]       |                             [01;31m[K^[m[K
[1.673s] [01m[K/home/henryshum0/SUAS/src/flight_control/src/take_off_mode.cpp:[m[K In member function â€˜[01m[Kvoid flight_mode::TakeoffMode::execute_mode()[m[Kâ€™:
[1.673s] [01m[K/home/henryshum0/SUAS/src/flight_control/src/take_off_mode.cpp:20:45:[m[K [01;31m[Kerror: [m[Kâ€˜[01m[KVehicleCommand[m[Kâ€™ has not been declared
[1.673s]    20 |             this -> publish_vehicle_command([01;31m[KVehicleCommand[m[K::VEHICLE_CMD_COMPONENT_ARM_DISARM, 1.0);
[1.673s]       |                                             [01;31m[K^~~~~~~~~~~~~~[m[K
[1.675s] [01m[K/home/henryshum0/SUAS/src/flight_control/src/take_off_mode.cpp:24:19:[m[K [01;31m[Kerror: [m[Kâ€˜[01m[KVector3f[m[Kâ€™ does not name a type
[1.675s]    24 |             const [01;31m[KVector3f[m[K pos = this->get_enu_local();
[1.675s]       |                   [01;31m[K^~~~~~~~[m[K
[1.679s] [01m[K/home/henryshum0/SUAS/src/flight_control/src/take_off_mode.cpp:25:33:[m[K [01;31m[Kerror: [m[Kâ€˜[01m[Kpos[m[Kâ€™ was not declared in this scope; did you mean â€˜[01m[Kpow[m[Kâ€™?
[1.679s]    25 |             const float rmsd = ([01;31m[Kpos[m[K - this->target_pos).norm();
[1.679s]       |                                 [01;31m[K^~~[m[K
[1.679s]       |                                 [32m[Kpow[m[K
[1.679s] [01m[K/home/henryshum0/SUAS/src/flight_control/src/take_off_mode.cpp:25:45:[m[K [01;31m[Kerror: [m[Kâ€˜[01m[Kclass flight_mode::TakeoffMode[m[Kâ€™ has no member named â€˜[01m[Ktarget_pos[m[Kâ€™
[1.679s]    25 |             const float rmsd = (pos - this->[01;31m[Ktarget_pos[m[K).norm();
[1.679s]       |                                             [01;31m[K^~~~~~~~~~[m[K
[1.679s] [01m[K/home/henryshum0/SUAS/src/flight_control/src/take_off_mode.cpp:30:53:[m[K [01;31m[Kerror: [m[Kâ€˜[01m[Kclass flight_mode::TakeoffMode[m[Kâ€™ has no member named â€˜[01m[Ktarget_pos[m[Kâ€™
[1.679s]    30 |             this->publish_trajectory_setpoint(this->[01;31m[Ktarget_pos[m[K);
[1.679s]       |                                                     [01;31m[K^~~~~~~~~~[m[K
[1.981s] gmake[2]: *** [CMakeFiles/flight_control_lib.dir/build.make:76: CMakeFiles/flight_control_lib.dir/src/flight_mode.cpp.o] Error 1
[1.981s] gmake[2]: *** Waiting for unfinished jobs....
[1.999s] gmake[2]: *** [CMakeFiles/flight_control_lib.dir/build.make:90: CMakeFiles/flight_control_lib.dir/src/take_off_mode.cpp.o] Error 1
[1.999s] gmake[1]: *** [CMakeFiles/Makefile2:139: CMakeFiles/flight_control_lib.dir/all] Error 2
[1.999s] gmake: *** [Makefile:146: all] Error 2
[2.002s] Invoked command in '/home/henryshum0/SUAS/build/flight_control' returned '2': AMENT_PREFIX_PATH=/home/henryshum0/SUAS/install/px4_ros_com:/home/henryshum0/SUAS/install/px4_msgs:${AMENT_PREFIX_PATH} CMAKE_PREFIX_PATH=/home/henryshum0/SUAS/install/px4_ros_com:/home/henryshum0/SUAS/install/px4_msgs:/opt/ros/humble LD_LIBRARY_PATH=/home/henryshum0/SUAS/install/px4_ros_com/lib:/home/henryshum0/SUAS/install/px4_msgs/lib:${LD_LIBRARY_PATH} PYTHONPATH=/home/henryshum0/SUAS/install/px4_ros_com/local/lib/python3.10/dist-packages:/home/henryshum0/SUAS/install/px4_msgs/local/lib/python3.10/dist-packages:${PYTHONPATH} /usr/bin/cmake --build /home/henryshum0/SUAS/build/flight_control -- -j16 -l16
